<?xml version="1.0" encoding="UTF-8"?>
<coverage generated="1726951814038" clover="3.2.0">
  <project timestamp="1726951814038" name="All files">
    <metrics statements="2055" coveredstatements="1742" conditionals="399" coveredconditionals="261" methods="746" coveredmethods="651" elements="3200" coveredelements="2654" complexity="0" loc="2055" ncloc="2055" packages="1" files="15" classes="15"/>
    <file name="boundingBox.js" path="E:\OpenSource\geometry\src\boundingBox.js">
      <metrics statements="157" coveredstatements="111" conditionals="92" coveredconditionals="62" methods="40" coveredmethods="24"/>
      <line num="11" count="8" type="stmt"/>
      <line num="15" count="1" type="stmt"/>
      <line num="19" count="1" type="stmt"/>
      <line num="23" count="1" type="stmt"/>
      <line num="26" count="15" type="stmt"/>
      <line num="28" count="15" type="stmt"/>
      <line num="31" count="0" type="stmt"/>
      <line num="34" count="8" type="stmt"/>
      <line num="35" count="3" type="stmt"/>
      <line num="37" count="3" type="stmt"/>
      <line num="38" count="3" type="stmt"/>
      <line num="41" count="12" type="stmt"/>
      <line num="42" count="12" type="stmt"/>
      <line num="45" count="3" type="stmt"/>
      <line num="49" count="15" type="stmt"/>
      <line num="51" count="94" type="stmt"/>
      <line num="52" count="14" type="stmt"/>
      <line num="55" count="94" type="stmt"/>
      <line num="56" count="14" type="stmt"/>
      <line num="60" count="15" type="stmt"/>
      <line num="64" count="1" type="stmt"/>
      <line num="65" count="1" type="stmt"/>
      <line num="69" count="1" type="stmt"/>
      <line num="70" count="1" type="stmt"/>
      <line num="71" count="1" type="stmt"/>
      <line num="72" count="1" type="stmt"/>
      <line num="73" count="3" type="stmt"/>
      <line num="74" count="3" type="cond" truecount="2" falsecount="0"/>
      <line num="75" count="3" type="cond" truecount="2" falsecount="0"/>
      <line num="76" count="3" type="cond" truecount="2" falsecount="0"/>
      <line num="78" count="3" type="cond" truecount="1" falsecount="1"/>
      <line num="79" count="3" type="cond" truecount="1" falsecount="1"/>
      <line num="80" count="3" type="cond" truecount="1" falsecount="1"/>
      <line num="82" count="3" type="stmt"/>
      <line num="85" count="1" type="cond" truecount="1" falsecount="1"/>
      <line num="86" count="0" type="stmt"/>
      <line num="89" count="1" type="stmt"/>
      <line num="92" count="1" type="stmt"/>
      <line num="96" count="1" type="stmt"/>
      <line num="97" count="1" type="stmt"/>
      <line num="98" count="1" type="stmt"/>
      <line num="104" count="1" type="stmt"/>
      <line num="108" count="1" type="stmt"/>
      <line num="109" count="1" type="stmt"/>
      <line num="110" count="1" type="stmt"/>
      <line num="112" count="1" type="stmt"/>
      <line num="118" count="1" type="stmt"/>
      <line num="124" count="1" type="stmt"/>
      <line num="127" count="1" type="stmt"/>
      <line num="131" count="0" type="stmt"/>
      <line num="135" count="0" type="stmt"/>
      <line num="139" count="1" type="stmt"/>
      <line num="141" count="3" type="stmt"/>
      <line num="142" count="3" type="stmt"/>
      <line num="144" count="3" type="cond" truecount="8" falsecount="0"/>
      <line num="150" count="1" type="stmt"/>
      <line num="154" count="2" type="cond" truecount="8" falsecount="0"/>
      <line num="160" count="1" type="stmt"/>
      <line num="163" count="1" type="stmt"/>
      <line num="168" count="1" type="stmt"/>
      <line num="170" count="1" type="stmt"/>
      <line num="171" count="1" type="stmt"/>
      <line num="172" count="1" type="cond" truecount="1" falsecount="1"/>
      <line num="173" count="1" type="stmt"/>
      <line num="177" count="1" type="cond" truecount="1" falsecount="1"/>
      <line num="178" count="1" type="cond" truecount="1" falsecount="1"/>
      <line num="180" count="1" type="stmt"/>
      <line num="181" count="1" type="stmt"/>
      <line num="182" count="1" type="stmt"/>
      <line num="183" count="1" type="cond" truecount="1" falsecount="1"/>
      <line num="184" count="1" type="stmt"/>
      <line num="188" count="0" type="stmt"/>
      <line num="191" count="3" type="stmt"/>
      <line num="192" count="3" type="stmt"/>
      <line num="193" count="3" type="stmt"/>
      <line num="194" count="3" type="stmt"/>
      <line num="195" count="3" type="stmt"/>
      <line num="197" count="3" type="cond" truecount="8" falsecount="0"/>
      <line num="199" count="1" type="stmt"/>
      <line num="202" count="2" type="stmt"/>
      <line num="203" count="2" type="stmt"/>
      <line num="209" count="2" type="stmt"/>
      <line num="210" count="5" type="stmt"/>
      <line num="211" count="5" type="cond" truecount="2" falsecount="0"/>
      <line num="212" count="2" type="cond" truecount="2" falsecount="0"/>
      <line num="213" count="1" type="stmt"/>
      <line num="215" count="3" type="stmt"/>
      <line num="216" count="3" type="cond" truecount="1" falsecount="1"/>
      <line num="217" count="0" type="cond" truecount="0" falsecount="2"/>
      <line num="218" count="0" type="stmt"/>
      <line num="223" count="1" type="cond" truecount="1" falsecount="1"/>
      <line num="225" count="0" type="stmt"/>
      <line num="228" count="4" type="stmt"/>
      <line num="229" count="4" type="stmt"/>
      <line num="230" count="4" type="stmt"/>
      <line num="232" count="4" type="cond" truecount="8" falsecount="0"/>
      <line num="238" count="2" type="stmt"/>
      <line num="241" count="2" type="cond" truecount="8" falsecount="0"/>
      <line num="247" count="1" type="stmt"/>
      <line num="250" count="1" type="stmt"/>
      <line num="253" count="1" type="stmt"/>
      <line num="257" count="0" type="stmt"/>
      <line num="258" count="0" type="cond" truecount="0" falsecount="2"/>
      <line num="259" count="0" type="stmt"/>
      <line num="261" count="0" type="stmt"/>
      <line num="265" count="0" type="stmt"/>
      <line num="267" count="0" type="stmt"/>
      <line num="268" count="0" type="stmt"/>
      <line num="269" count="0" type="stmt"/>
      <line num="281" count="0" type="cond" truecount="0" falsecount="2"/>
      <line num="282" count="0" type="stmt"/>
      <line num="285" count="0" type="stmt"/>
      <line num="286" count="0" type="stmt"/>
      <line num="288" count="0" type="stmt"/>
      <line num="299" count="0" type="stmt"/>
      <line num="300" count="0" type="stmt"/>
      <line num="301" count="0" type="stmt"/>
      <line num="302" count="0" type="stmt"/>
      <line num="306" count="0" type="stmt"/>
      <line num="310" count="1" type="stmt"/>
      <line num="312" count="0" type="stmt"/>
      <line num="313" count="0" type="stmt"/>
      <line num="314" count="0" type="stmt"/>
      <line num="315" count="0" type="stmt"/>
      <line num="316" count="0" type="cond" truecount="0" falsecount="4"/>
      <line num="317" count="0" type="cond" truecount="0" falsecount="4"/>
      <line num="318" count="0" type="cond" truecount="0" falsecount="2"/>
      <line num="320" count="0" type="stmt"/>
      <line num="323" count="0" type="stmt"/>
      <line num="326" count="0" type="stmt"/>
      <line num="329" count="1" type="stmt"/>
      <line num="330" count="1" type="stmt"/>
      <line num="332" count="1" type="stmt"/>
      <line num="333" count="1" type="stmt"/>
      <line num="334" count="1" type="stmt"/>
      <line num="336" count="1" type="stmt"/>
      <line num="337" count="1" type="stmt"/>
      <line num="339" count="1" type="stmt"/>
      <line num="340" count="3" type="cond" truecount="1" falsecount="1"/>
      <line num="341" count="3" type="stmt"/>
      <line num="342" count="3" type="stmt"/>
      <line num="344" count="0" type="stmt"/>
      <line num="345" count="0" type="stmt"/>
      <line num="349" count="1" type="stmt"/>
      <line num="350" count="1" type="stmt"/>
      <line num="351" count="1" type="stmt"/>
      <line num="353" count="1" type="stmt"/>
      <line num="354" count="1" type="cond" truecount="1" falsecount="1"/>
      <line num="356" count="0" type="stmt"/>
      <line num="357" count="0" type="cond" truecount="0" falsecount="2"/>
      <line num="359" count="0" type="stmt"/>
      <line num="362" count="0" type="stmt"/>
      <line num="365" count="1" type="stmt"/>
      <line num="369" count="0" type="stmt"/>
      <line num="370" count="0" type="stmt"/>
      <line num="373" count="0" type="stmt"/>
      <line num="377" count="0" type="stmt"/>
    </file>
    <file name="boundingFrustum.js" path="E:\OpenSource\geometry\src\boundingFrustum.js">
      <metrics statements="136" coveredstatements="64" conditionals="24" coveredconditionals="1" methods="35" coveredmethods="8"/>
      <line num="12" count="8" type="stmt"/>
      <line num="16" count="0" type="stmt"/>
      <line num="20" count="0" type="stmt"/>
      <line num="23" count="2" type="stmt"/>
      <line num="25" count="2" type="stmt"/>
      <line num="27" count="2" type="stmt"/>
      <line num="30" count="0" type="stmt"/>
      <line num="34" count="0" type="stmt"/>
      <line num="38" count="0" type="stmt"/>
      <line num="42" count="0" type="stmt"/>
      <line num="46" count="0" type="stmt"/>
      <line num="50" count="0" type="stmt"/>
      <line num="53" count="8" type="stmt"/>
      <line num="54" count="2" type="stmt"/>
      <line num="55" count="2" type="stmt"/>
      <line num="58" count="2" type="stmt"/>
      <line num="62" count="2" type="stmt"/>
      <line num="64" count="0" type="stmt"/>
      <line num="66" count="2" type="stmt"/>
      <line num="68" count="2" type="stmt"/>
      <line num="69" count="2" type="stmt"/>
      <line num="74" count="2" type="stmt"/>
      <line num="78" count="0" type="stmt"/>
      <line num="82" count="2" type="stmt"/>
      <line num="84" count="2" type="stmt"/>
      <line num="85" count="2" type="stmt"/>
      <line num="86" count="2" type="stmt"/>
      <line num="99" count="2" type="stmt"/>
      <line num="101" count="2" type="stmt"/>
      <line num="102" count="2" type="stmt"/>
      <line num="104" count="2" type="stmt"/>
      <line num="105" count="2" type="stmt"/>
      <line num="106" count="2" type="stmt"/>
      <line num="107" count="2" type="stmt"/>
      <line num="109" count="2" type="stmt"/>
      <line num="118" count="2" type="stmt"/>
      <line num="119" count="2" type="stmt"/>
      <line num="120" count="2" type="stmt"/>
      <line num="121" count="2" type="stmt"/>
      <line num="122" count="2" type="stmt"/>
      <line num="123" count="2" type="stmt"/>
      <line num="128" count="16" type="stmt"/>
      <line num="130" count="16" type="stmt"/>
      <line num="131" count="16" type="stmt"/>
      <line num="133" count="16" type="stmt"/>
      <line num="134" count="16" type="stmt"/>
      <line num="136" count="16" type="stmt"/>
      <line num="137" count="16" type="stmt"/>
      <line num="139" count="16" type="stmt"/>
      <line num="140" count="16" type="stmt"/>
      <line num="142" count="16" type="stmt"/>
      <line num="143" count="16" type="stmt"/>
      <line num="144" count="16" type="stmt"/>
      <line num="145" count="16" type="stmt"/>
      <line num="149" count="12" type="stmt"/>
      <line num="150" count="12" type="stmt"/>
      <line num="151" count="12" type="stmt"/>
      <line num="152" count="12" type="stmt"/>
      <line num="153" count="12" type="stmt"/>
      <line num="154" count="12" type="stmt"/>
      <line num="158" count="0" type="stmt"/>
      <line num="162" count="0" type="stmt"/>
      <line num="166" count="0" type="stmt"/>
      <line num="168" count="0" type="stmt"/>
      <line num="169" count="0" type="stmt"/>
      <line num="170" count="0" type="stmt"/>
      <line num="171" count="0" type="stmt"/>
      <line num="172" count="0" type="cond" truecount="0" falsecount="2"/>
      <line num="174" count="0" type="stmt"/>
      <line num="176" count="0" type="stmt"/>
      <line num="177" count="0" type="stmt"/>
      <line num="180" count="0" type="cond" truecount="0" falsecount="2"/>
      <line num="183" count="0" type="cond" truecount="0" falsecount="2"/>
      <line num="185" count="0" type="stmt"/>
      <line num="186" count="0" type="stmt"/>
      <line num="187" count="0" type="stmt"/>
      <line num="188" count="0" type="stmt"/>
      <line num="189" count="0" type="cond" truecount="0" falsecount="2"/>
      <line num="191" count="0" type="stmt"/>
      <line num="193" count="0" type="stmt"/>
      <line num="194" count="0" type="stmt"/>
      <line num="197" count="0" type="cond" truecount="0" falsecount="2"/>
      <line num="200" count="0" type="stmt"/>
      <line num="201" count="0" type="stmt"/>
      <line num="202" count="0" type="stmt"/>
      <line num="203" count="0" type="stmt"/>
      <line num="204" count="0" type="cond" truecount="0" falsecount="2"/>
      <line num="206" count="0" type="stmt"/>
      <line num="208" count="0" type="stmt"/>
      <line num="209" count="0" type="stmt"/>
      <line num="212" count="0" type="cond" truecount="0" falsecount="2"/>
      <line num="215" count="0" type="stmt"/>
      <line num="216" count="0" type="stmt"/>
      <line num="217" count="0" type="stmt"/>
      <line num="218" count="0" type="cond" truecount="0" falsecount="2"/>
      <line num="219" count="0" type="stmt"/>
      <line num="222" count="0" type="stmt"/>
      <line num="225" count="0" type="stmt"/>
      <line num="229" count="0" type="stmt"/>
      <line num="230" count="0" type="stmt"/>
      <line num="231" count="0" type="stmt"/>
      <line num="233" count="0" type="stmt"/>
      <line num="237" count="1" type="stmt"/>
      <line num="239" count="1" type="stmt"/>
      <line num="240" count="1" type="stmt"/>
      <line num="241" count="1" type="stmt"/>
      <line num="242" count="8" type="stmt"/>
      <line num="248" count="1" type="stmt"/>
      <line num="251" count="0" type="cond" truecount="0" falsecount="2"/>
      <line num="252" count="0" type="stmt"/>
      <line num="255" count="0" type="stmt"/>
      <line num="256" count="0" type="stmt"/>
      <line num="257" count="0" type="stmt"/>
      <line num="258" count="0" type="stmt"/>
      <line num="259" count="0" type="stmt"/>
      <line num="263" count="1" type="stmt"/>
      <line num="267" count="1" type="stmt"/>
      <line num="269" count="0" type="stmt"/>
      <line num="272" count="0" type="stmt"/>
      <line num="275" count="0" type="stmt"/>
      <line num="278" count="1" type="stmt"/>
      <line num="279" count="1" type="stmt"/>
      <line num="280" count="1" type="stmt"/>
      <line num="281" count="7" type="cond" truecount="1" falsecount="1"/>
      <line num="282" count="0" type="stmt"/>
      <line num="285" count="1" type="stmt"/>
      <line num="288" count="0" type="cond" truecount="0" falsecount="4"/>
      <line num="289" count="0" type="stmt"/>
      <line num="290" count="0" type="stmt"/>
      <line num="291" count="0" type="stmt"/>
      <line num="292" count="0" type="stmt"/>
      <line num="296" count="1" type="stmt"/>
      <line num="300" count="0" type="stmt"/>
      <line num="301" count="0" type="stmt"/>
      <line num="304" count="0" type="stmt"/>
      <line num="308" count="0" type="stmt"/>
    </file>
    <file name="boundingSphere.js" path="E:\OpenSource\geometry\src\boundingSphere.js">
      <metrics statements="156" coveredstatements="17" conditionals="50" coveredconditionals="1" methods="41" coveredmethods="7"/>
      <line num="12" count="8" type="stmt"/>
      <line num="15" count="5" type="stmt"/>
      <line num="17" count="5" type="stmt"/>
      <line num="20" count="0" type="stmt"/>
      <line num="23" count="8" type="stmt"/>
      <line num="24" count="2" type="stmt"/>
      <line num="26" count="0" type="stmt"/>
      <line num="27" count="0" type="stmt"/>
      <line num="30" count="5" type="stmt"/>
      <line num="31" count="5" type="stmt"/>
      <line num="34" count="2" type="stmt"/>
      <line num="38" count="5" type="stmt"/>
      <line num="40" count="5" type="stmt"/>
      <line num="41" count="0" type="stmt"/>
      <line num="44" count="4" type="stmt"/>
      <line num="45" count="0" type="stmt"/>
      <line num="49" count="5" type="stmt"/>
      <line num="53" count="0" type="stmt"/>
      <line num="54" count="0" type="stmt"/>
      <line num="58" count="0" type="stmt"/>
      <line num="59" count="0" type="stmt"/>
      <line num="65" count="0" type="stmt"/>
      <line num="67" count="0" type="stmt"/>
      <line num="70" count="0" type="stmt"/>
      <line num="74" count="0" type="stmt"/>
      <line num="75" count="0" type="stmt"/>
      <line num="78" count="0" type="stmt"/>
      <line num="82" count="0" type="stmt"/>
      <line num="83" count="0" type="cond" truecount="0" falsecount="2"/>
      <line num="84" count="0" type="stmt"/>
      <line num="87" count="0" type="stmt"/>
      <line num="88" count="0" type="stmt"/>
      <line num="90" count="0" type="stmt"/>
      <line num="91" count="0" type="stmt"/>
      <line num="92" count="0" type="stmt"/>
      <line num="93" count="0" type="stmt"/>
      <line num="94" count="0" type="stmt"/>
      <line num="95" count="0" type="stmt"/>
      <line num="96" count="0" type="stmt"/>
      <line num="99" count="0" type="stmt"/>
      <line num="100" count="0" type="stmt"/>
      <line num="101" count="0" type="stmt"/>
      <line num="103" count="0" type="cond" truecount="0" falsecount="4"/>
      <line num="104" count="0" type="stmt"/>
      <line num="105" count="0" type="stmt"/>
      <line num="106" count="0" type="cond" truecount="0" falsecount="4"/>
      <line num="107" count="0" type="stmt"/>
      <line num="108" count="0" type="stmt"/>
      <line num="110" count="0" type="stmt"/>
      <line num="111" count="0" type="stmt"/>
      <line num="114" count="0" type="stmt"/>
      <line num="115" count="0" type="stmt"/>
      <line num="116" count="0" type="stmt"/>
      <line num="118" count="0" type="stmt"/>
      <line num="119" count="0" type="stmt"/>
      <line num="120" count="0" type="stmt"/>
      <line num="121" count="0" type="cond" truecount="0" falsecount="2"/>
      <line num="122" count="0" type="stmt"/>
      <line num="123" count="0" type="stmt"/>
      <line num="124" count="0" type="stmt"/>
      <line num="125" count="0" type="stmt"/>
      <line num="126" count="0" type="stmt"/>
      <line num="127" count="0" type="stmt"/>
      <line num="131" count="0" type="stmt"/>
      <line num="134" count="0" type="stmt"/>
      <line num="138" count="0" type="stmt"/>
      <line num="139" count="0" type="stmt"/>
      <line num="140" count="0" type="stmt"/>
      <line num="142" count="0" type="cond" truecount="0" falsecount="2"/>
      <line num="143" count="0" type="cond" truecount="0" falsecount="2"/>
      <line num="144" count="0" type="stmt"/>
      <line num="147" count="0" type="cond" truecount="0" falsecount="2"/>
      <line num="148" count="0" type="stmt"/>
      <line num="152" count="0" type="stmt"/>
      <line num="153" count="0" type="stmt"/>
      <line num="154" count="0" type="stmt"/>
      <line num="155" count="0" type="stmt"/>
      <line num="157" count="0" type="stmt"/>
      <line num="163" count="0" type="stmt"/>
      <line num="167" count="0" type="stmt"/>
      <line num="171" count="0" type="stmt"/>
      <line num="175" count="0" type="stmt"/>
      <line num="177" count="0" type="stmt"/>
      <line num="178" count="0" type="stmt"/>
      <line num="179" count="0" type="stmt"/>
      <line num="180" count="0" type="cond" truecount="0" falsecount="2"/>
      <line num="181" count="0" type="stmt"/>
      <line num="185" count="0" type="cond" truecount="0" falsecount="2"/>
      <line num="186" count="0" type="stmt"/>
      <line num="189" count="0" type="stmt"/>
      <line num="191" count="0" type="stmt"/>
      <line num="192" count="0" type="cond" truecount="0" falsecount="2"/>
      <line num="193" count="0" type="stmt"/>
      <line num="194" count="0" type="cond" truecount="0" falsecount="2"/>
      <line num="195" count="0" type="stmt"/>
      <line num="197" count="0" type="stmt"/>
      <line num="200" count="0" type="stmt"/>
      <line num="201" count="0" type="stmt"/>
      <line num="202" count="0" type="stmt"/>
      <line num="204" count="0" type="cond" truecount="0" falsecount="2"/>
      <line num="205" count="0" type="stmt"/>
      <line num="208" count="0" type="stmt"/>
      <line num="211" count="0" type="stmt"/>
      <line num="212" count="0" type="stmt"/>
      <line num="213" count="0" type="stmt"/>
      <line num="214" count="0" type="cond" truecount="0" falsecount="2"/>
      <line num="215" count="0" type="stmt"/>
      <line num="216" count="0" type="stmt"/>
      <line num="220" count="0" type="cond" truecount="0" falsecount="2"/>
      <line num="222" count="0" type="stmt"/>
      <line num="224" count="0" type="cond" truecount="0" falsecount="2"/>
      <line num="225" count="0" type="stmt"/>
      <line num="228" count="0" type="stmt"/>
      <line num="229" count="0" type="stmt"/>
      <line num="230" count="0" type="stmt"/>
      <line num="232" count="0" type="cond" truecount="0" falsecount="2"/>
      <line num="233" count="0" type="cond" truecount="0" falsecount="2"/>
      <line num="234" count="0" type="stmt"/>
      <line num="237" count="0" type="stmt"/>
      <line num="238" count="0" type="stmt"/>
      <line num="240" count="0" type="cond" truecount="0" falsecount="2"/>
      <line num="241" count="0" type="cond" truecount="0" falsecount="2"/>
      <line num="242" count="0" type="stmt"/>
      <line num="245" count="0" type="stmt"/>
      <line num="249" count="0" type="stmt"/>
      <line num="250" count="0" type="cond" truecount="0" falsecount="2"/>
      <line num="251" count="0" type="stmt"/>
      <line num="253" count="0" type="stmt"/>
      <line num="257" count="1" type="stmt"/>
      <line num="259" count="0" type="stmt"/>
      <line num="262" count="0" type="stmt"/>
      <line num="265" count="0" type="stmt"/>
      <line num="267" count="0" type="cond" truecount="0" falsecount="2"/>
      <line num="268" count="0" type="stmt"/>
      <line num="271" count="1" type="stmt"/>
      <line num="272" count="1" type="stmt"/>
      <line num="273" count="1" type="cond" truecount="1" falsecount="1"/>
      <line num="274" count="0" type="cond" truecount="0" falsecount="2"/>
      <line num="275" count="0" type="stmt"/>
      <line num="278" count="0" type="stmt"/>
      <line num="281" count="1" type="stmt"/>
      <line num="285" count="0" type="stmt"/>
      <line num="286" count="0" type="stmt"/>
      <line num="287" count="0" type="stmt"/>
      <line num="289" count="0" type="stmt"/>
      <line num="290" count="0" type="stmt"/>
      <line num="291" count="0" type="stmt"/>
      <line num="293" count="0" type="stmt"/>
      <line num="295" count="0" type="stmt"/>
      <line num="297" count="0" type="stmt"/>
      <line num="299" count="0" type="stmt"/>
      <line num="302" count="0" type="stmt"/>
      <line num="306" count="0" type="stmt"/>
      <line num="307" count="0" type="stmt"/>
      <line num="310" count="0" type="stmt"/>
      <line num="314" count="0" type="stmt"/>
    </file>
    <file name="containmentType.js" path="E:\OpenSource\geometry\src\containmentType.js">
      <metrics statements="1" coveredstatements="1" conditionals="0" coveredconditionals="0" methods="0" coveredmethods="0"/>
      <line num="5" count="8" type="stmt"/>
    </file>
    <file name="math_helper.js" path="E:\OpenSource\geometry\src\math_helper.js">
      <metrics statements="43" coveredstatements="43" conditionals="16" coveredconditionals="16" methods="22" coveredmethods="22"/>
      <line num="5" count="1" type="stmt"/>
      <line num="9" count="1" type="stmt"/>
      <line num="13" count="1" type="stmt"/>
      <line num="17" count="21" type="stmt"/>
      <line num="21" count="1" type="stmt"/>
      <line num="25" count="1" type="stmt"/>
      <line num="29" count="7" type="stmt"/>
      <line num="32" count="9" type="stmt"/>
      <line num="33" count="10" type="stmt"/>
      <line num="36" count="9" type="stmt"/>
      <line num="37" count="10" type="stmt"/>
      <line num="38" count="10" type="stmt"/>
      <line num="39" count="10" type="stmt"/>
      <line num="45" count="24" type="stmt"/>
      <line num="47" count="9" type="stmt"/>
      <line num="49" count="9" type="stmt"/>
      <line num="50" count="22" type="stmt"/>
      <line num="51" count="22" type="stmt"/>
      <line num="53" count="22" type="cond" truecount="2" falsecount="0"/>
      <line num="61" count="12" type="stmt"/>
      <line num="63" count="9" type="stmt"/>
      <line num="65" count="9" type="stmt"/>
      <line num="67" count="12" type="stmt"/>
      <line num="70" count="9" type="stmt"/>
      <line num="73" count="9" type="stmt"/>
      <line num="75" count="9" type="stmt"/>
      <line num="76" count="4" type="stmt"/>
      <line num="78" count="4" type="cond" truecount="4" falsecount="0"/>
      <line num="80" count="3" type="stmt"/>
      <line num="82" count="3" type="cond" truecount="2" falsecount="0"/>
      <line num="85" count="9" type="cond" truecount="2" falsecount="0"/>
      <line num="87" count="9" type="stmt"/>
      <line num="88" count="6" type="cond" truecount="2" falsecount="0"/>
      <line num="90" count="5" type="stmt"/>
      <line num="91" count="5" type="stmt"/>
      <line num="92" count="5" type="stmt"/>
      <line num="93" count="5" type="stmt"/>
      <line num="94" count="5" type="stmt"/>
      <line num="95" count="5" type="stmt"/>
      <line num="96" count="5" type="stmt"/>
      <line num="98" count="5" type="cond" truecount="2" falsecount="0"/>
      <line num="99" count="3" type="stmt"/>
      <line num="103" count="1" type="stmt"/>
    </file>
    <file name="matrix.js" path="E:\OpenSource\geometry\src\matrix.js">
      <metrics statements="527" coveredstatements="504" conditionals="67" coveredconditionals="51" methods="132" coveredmethods="131"/>
      <line num="7" count="8" type="stmt"/>
      <line num="11" count="4" type="stmt"/>
      <line num="19" count="79" type="stmt"/>
      <line num="21" count="79" type="stmt"/>
      <line num="23" count="79" type="stmt"/>
      <line num="25" count="79" type="stmt"/>
      <line num="27" count="79" type="stmt"/>
      <line num="29" count="79" type="stmt"/>
      <line num="31" count="79" type="stmt"/>
      <line num="33" count="79" type="stmt"/>
      <line num="35" count="79" type="stmt"/>
      <line num="37" count="79" type="stmt"/>
      <line num="39" count="79" type="stmt"/>
      <line num="41" count="79" type="stmt"/>
      <line num="43" count="79" type="stmt"/>
      <line num="45" count="79" type="stmt"/>
      <line num="47" count="79" type="stmt"/>
      <line num="49" count="79" type="stmt"/>
      <line num="52" count="0" type="stmt"/>
      <line num="55" count="8" type="stmt"/>
      <line num="56" count="7" type="stmt"/>
      <line num="59" count="62" type="stmt"/>
      <line num="60" count="62" type="stmt"/>
      <line num="61" count="62" type="stmt"/>
      <line num="62" count="62" type="stmt"/>
      <line num="65" count="7" type="stmt"/>
      <line num="69" count="79" type="stmt"/>
      <line num="71" count="83" type="stmt"/>
      <line num="72" count="1" type="stmt"/>
      <line num="75" count="73" type="stmt"/>
      <line num="76" count="1" type="stmt"/>
      <line num="79" count="63" type="stmt"/>
      <line num="80" count="1" type="stmt"/>
      <line num="83" count="52" type="stmt"/>
      <line num="84" count="1" type="stmt"/>
      <line num="87" count="73" type="stmt"/>
      <line num="88" count="1" type="stmt"/>
      <line num="91" count="83" type="stmt"/>
      <line num="92" count="1" type="stmt"/>
      <line num="95" count="63" type="stmt"/>
      <line num="96" count="1" type="stmt"/>
      <line num="99" count="52" type="stmt"/>
      <line num="100" count="1" type="stmt"/>
      <line num="103" count="62" type="stmt"/>
      <line num="104" count="1" type="stmt"/>
      <line num="107" count="62" type="stmt"/>
      <line num="108" count="1" type="stmt"/>
      <line num="111" count="70" type="stmt"/>
      <line num="112" count="1" type="stmt"/>
      <line num="115" count="51" type="stmt"/>
      <line num="116" count="1" type="stmt"/>
      <line num="119" count="60" type="stmt"/>
      <line num="120" count="1" type="stmt"/>
      <line num="123" count="60" type="stmt"/>
      <line num="124" count="1" type="stmt"/>
      <line num="127" count="55" type="stmt"/>
      <line num="128" count="1" type="stmt"/>
      <line num="131" count="52" type="stmt"/>
      <line num="132" count="1" type="stmt"/>
      <line num="135" count="4" type="stmt"/>
      <line num="137" count="1" type="stmt"/>
      <line num="138" count="1" type="stmt"/>
      <line num="139" count="1" type="stmt"/>
      <line num="143" count="4" type="stmt"/>
      <line num="145" count="1" type="stmt"/>
      <line num="146" count="1" type="stmt"/>
      <line num="147" count="1" type="stmt"/>
      <line num="151" count="4" type="stmt"/>
      <line num="153" count="2" type="stmt"/>
      <line num="154" count="2" type="stmt"/>
      <line num="155" count="2" type="stmt"/>
      <line num="159" count="4" type="stmt"/>
      <line num="161" count="1" type="stmt"/>
      <line num="162" count="1" type="stmt"/>
      <line num="163" count="1" type="stmt"/>
      <line num="167" count="4" type="stmt"/>
      <line num="169" count="2" type="stmt"/>
      <line num="170" count="2" type="stmt"/>
      <line num="171" count="2" type="stmt"/>
      <line num="175" count="4" type="stmt"/>
      <line num="177" count="2" type="stmt"/>
      <line num="178" count="2" type="stmt"/>
      <line num="179" count="2" type="stmt"/>
      <line num="183" count="4" type="stmt"/>
      <line num="185" count="2" type="stmt"/>
      <line num="186" count="2" type="stmt"/>
      <line num="187" count="2" type="stmt"/>
      <line num="192" count="79" type="stmt"/>
      <line num="196" count="1" type="stmt"/>
      <line num="202" count="1" type="stmt"/>
      <line num="203" count="16" type="stmt"/>
      <line num="208" count="1" type="stmt"/>
      <line num="209" count="2" type="stmt"/>
      <line num="217" count="1" type="stmt"/>
      <line num="221" count="1" type="stmt"/>
      <line num="222" count="2" type="stmt"/>
      <line num="224" count="2" type="stmt"/>
      <line num="229" count="2" type="stmt"/>
      <line num="231" count="2" type="cond" truecount="1" falsecount="1"/>
      <line num="232" count="0" type="cond" truecount="0" falsecount="2"/>
      <line num="233" count="0" type="stmt"/>
      <line num="235" count="0" type="stmt"/>
      <line num="236" count="0" type="stmt"/>
      <line num="237" count="0" type="stmt"/>
      <line num="240" count="2" type="stmt"/>
      <line num="243" count="2" type="stmt"/>
      <line num="244" count="2" type="stmt"/>
      <line num="245" count="2" type="stmt"/>
      <line num="247" count="2" type="stmt"/>
      <line num="255" count="1" type="stmt"/>
      <line num="259" count="1" type="stmt"/>
      <line num="260" count="2" type="stmt"/>
      <line num="264" count="2" type="stmt"/>
      <line num="271" count="2" type="stmt"/>
      <line num="272" count="2" type="cond" truecount="1" falsecount="1"/>
      <line num="273" count="0" type="cond" truecount="0" falsecount="2"/>
      <line num="274" count="0" type="stmt"/>
      <line num="276" count="0" type="stmt"/>
      <line num="277" count="0" type="stmt"/>
      <line num="278" count="0" type="stmt"/>
      <line num="281" count="2" type="stmt"/>
      <line num="284" count="2" type="stmt"/>
      <line num="285" count="2" type="stmt"/>
      <line num="287" count="2" type="cond" truecount="1" falsecount="1"/>
      <line num="288" count="2" type="stmt"/>
      <line num="289" count="2" type="cond" truecount="1" falsecount="1"/>
      <line num="290" count="2" type="stmt"/>
      <line num="291" count="2" type="stmt"/>
      <line num="292" count="2" type="cond" truecount="1" falsecount="1"/>
      <line num="293" count="2" type="stmt"/>
      <line num="294" count="2" type="cond" truecount="1" falsecount="1"/>
      <line num="297" count="0" type="stmt"/>
      <line num="298" count="0" type="cond" truecount="0" falsecount="2"/>
      <line num="300" count="2" type="stmt"/>
      <line num="301" count="2" type="stmt"/>
      <line num="302" count="2" type="stmt"/>
      <line num="303" count="2" type="stmt"/>
      <line num="305" count="0" type="stmt"/>
      <line num="306" count="0" type="stmt"/>
      <line num="307" count="0" type="stmt"/>
      <line num="308" count="0" type="stmt"/>
      <line num="311" count="2" type="stmt"/>
      <line num="319" count="1" type="stmt"/>
      <line num="323" count="1" type="stmt"/>
      <line num="324" count="1" type="stmt"/>
      <line num="325" count="1" type="stmt"/>
      <line num="326" count="1" type="stmt"/>
      <line num="327" count="1" type="stmt"/>
      <line num="329" count="1" type="stmt"/>
      <line num="330" count="1" type="stmt"/>
      <line num="331" count="1" type="stmt"/>
      <line num="332" count="1" type="stmt"/>
      <line num="333" count="1" type="stmt"/>
      <line num="334" count="1" type="stmt"/>
      <line num="336" count="1" type="stmt"/>
      <line num="344" count="1" type="stmt"/>
      <line num="348" count="1" type="stmt"/>
      <line num="349" count="2" type="stmt"/>
      <line num="351" count="2" type="stmt"/>
      <line num="353" count="2" type="stmt"/>
      <line num="354" count="2" type="stmt"/>
      <line num="356" count="2" type="stmt"/>
      <line num="364" count="1" type="stmt"/>
      <line num="368" count="1" type="stmt"/>
      <line num="369" count="1" type="stmt"/>
      <line num="370" count="1" type="stmt"/>
      <line num="373" count="1" type="stmt"/>
      <line num="377" count="1" type="stmt"/>
      <line num="378" count="1" type="stmt"/>
      <line num="379" count="1" type="stmt"/>
      <line num="380" count="1" type="stmt"/>
      <line num="381" count="1" type="stmt"/>
      <line num="389" count="1" type="stmt"/>
      <line num="393" count="1" type="stmt"/>
      <line num="394" count="1" type="stmt"/>
      <line num="395" count="1" type="stmt"/>
      <line num="396" count="1" type="stmt"/>
      <line num="397" count="1" type="stmt"/>
      <line num="398" count="1" type="stmt"/>
      <line num="400" count="1" type="stmt"/>
      <line num="401" count="1" type="stmt"/>
      <line num="402" count="1" type="stmt"/>
      <line num="403" count="1" type="stmt"/>
      <line num="404" count="1" type="stmt"/>
      <line num="405" count="1" type="stmt"/>
      <line num="406" count="1" type="stmt"/>
      <line num="407" count="1" type="stmt"/>
      <line num="408" count="1" type="stmt"/>
      <line num="410" count="1" type="stmt"/>
      <line num="413" count="1" type="stmt"/>
      <line num="417" count="1" type="stmt"/>
      <line num="418" count="1" type="stmt"/>
      <line num="426" count="1" type="stmt"/>
      <line num="430" count="1" type="stmt"/>
      <line num="431" count="4" type="cond" truecount="2" falsecount="0"/>
      <line num="432" count="1" type="stmt"/>
      <line num="435" count="3" type="cond" truecount="2" falsecount="0"/>
      <line num="436" count="1" type="stmt"/>
      <line num="439" count="2" type="cond" truecount="2" falsecount="0"/>
      <line num="440" count="1" type="stmt"/>
      <line num="443" count="1" type="stmt"/>
      <line num="444" count="1" type="stmt"/>
      <line num="445" count="1" type="stmt"/>
      <line num="446" count="1" type="stmt"/>
      <line num="447" count="1" type="stmt"/>
      <line num="448" count="1" type="stmt"/>
      <line num="449" count="1" type="stmt"/>
      <line num="452" count="1" type="stmt"/>
      <line num="456" count="1" type="stmt"/>
      <line num="457" count="6" type="cond" truecount="4" falsecount="0"/>
      <line num="458" count="2" type="stmt"/>
      <line num="461" count="4" type="cond" truecount="2" falsecount="0"/>
      <line num="462" count="1" type="stmt"/>
      <line num="465" count="3" type="cond" truecount="2" falsecount="0"/>
      <line num="466" count="1" type="stmt"/>
      <line num="469" count="2" type="cond" truecount="2" falsecount="0"/>
      <line num="470" count="1" type="stmt"/>
      <line num="473" count="1" type="stmt"/>
      <line num="474" count="1" type="stmt"/>
      <line num="475" count="1" type="stmt"/>
      <line num="476" count="1" type="stmt"/>
      <line num="477" count="1" type="stmt"/>
      <line num="479" count="1" type="stmt"/>
      <line num="480" count="1" type="stmt"/>
      <line num="481" count="1" type="stmt"/>
      <line num="482" count="1" type="stmt"/>
      <line num="483" count="1" type="stmt"/>
      <line num="485" count="1" type="stmt"/>
      <line num="488" count="1" type="stmt"/>
      <line num="492" count="1" type="stmt"/>
      <line num="493" count="4" type="cond" truecount="2" falsecount="0"/>
      <line num="494" count="1" type="stmt"/>
      <line num="497" count="3" type="cond" truecount="2" falsecount="0"/>
      <line num="498" count="1" type="stmt"/>
      <line num="501" count="2" type="cond" truecount="2" falsecount="0"/>
      <line num="502" count="1" type="stmt"/>
      <line num="505" count="1" type="stmt"/>
      <line num="506" count="1" type="stmt"/>
      <line num="507" count="1" type="stmt"/>
      <line num="508" count="1" type="stmt"/>
      <line num="509" count="1" type="stmt"/>
      <line num="511" count="1" type="stmt"/>
      <line num="512" count="1" type="stmt"/>
      <line num="513" count="1" type="stmt"/>
      <line num="514" count="1" type="stmt"/>
      <line num="515" count="1" type="stmt"/>
      <line num="516" count="1" type="stmt"/>
      <line num="517" count="1" type="stmt"/>
      <line num="519" count="1" type="stmt"/>
      <line num="522" count="1" type="stmt"/>
      <line num="526" count="1" type="stmt"/>
      <line num="527" count="1" type="stmt"/>
      <line num="528" count="1" type="stmt"/>
      <line num="529" count="1" type="stmt"/>
      <line num="530" count="1" type="stmt"/>
      <line num="531" count="1" type="stmt"/>
      <line num="532" count="1" type="stmt"/>
      <line num="533" count="1" type="stmt"/>
      <line num="541" count="1" type="stmt"/>
      <line num="545" count="1" type="stmt"/>
      <line num="546" count="1" type="stmt"/>
      <line num="547" count="1" type="stmt"/>
      <line num="548" count="1" type="stmt"/>
      <line num="549" count="1" type="stmt"/>
      <line num="550" count="1" type="stmt"/>
      <line num="551" count="1" type="stmt"/>
      <line num="552" count="1" type="stmt"/>
      <line num="553" count="1" type="stmt"/>
      <line num="556" count="1" type="stmt"/>
      <line num="560" count="1" type="stmt"/>
      <line num="562" count="1" type="stmt"/>
      <line num="563" count="1" type="stmt"/>
      <line num="564" count="1" type="stmt"/>
      <line num="565" count="1" type="stmt"/>
      <line num="566" count="1" type="stmt"/>
      <line num="567" count="1" type="stmt"/>
      <line num="568" count="1" type="stmt"/>
      <line num="569" count="1" type="stmt"/>
      <line num="572" count="1" type="stmt"/>
      <line num="576" count="1" type="stmt"/>
      <line num="578" count="1" type="stmt"/>
      <line num="579" count="1" type="stmt"/>
      <line num="580" count="1" type="stmt"/>
      <line num="581" count="1" type="stmt"/>
      <line num="582" count="1" type="stmt"/>
      <line num="583" count="1" type="stmt"/>
      <line num="584" count="1" type="stmt"/>
      <line num="585" count="1" type="stmt"/>
      <line num="588" count="1" type="stmt"/>
      <line num="592" count="1" type="stmt"/>
      <line num="594" count="1" type="stmt"/>
      <line num="595" count="1" type="stmt"/>
      <line num="596" count="1" type="stmt"/>
      <line num="597" count="1" type="stmt"/>
      <line num="598" count="1" type="stmt"/>
      <line num="599" count="1" type="stmt"/>
      <line num="602" count="1" type="stmt"/>
      <line num="603" count="1" type="stmt"/>
      <line num="604" count="1" type="stmt"/>
      <line num="605" count="1" type="stmt"/>
      <line num="606" count="1" type="stmt"/>
      <line num="607" count="1" type="stmt"/>
      <line num="610" count="1" type="stmt"/>
      <line num="611" count="1" type="stmt"/>
      <line num="612" count="1" type="stmt"/>
      <line num="613" count="1" type="stmt"/>
      <line num="614" count="1" type="stmt"/>
      <line num="615" count="1" type="stmt"/>
      <line num="618" count="1" type="stmt"/>
      <line num="622" count="1" type="stmt"/>
      <line num="623" count="1" type="stmt"/>
      <line num="624" count="1" type="stmt"/>
      <line num="625" count="1" type="stmt"/>
      <line num="626" count="1" type="stmt"/>
      <line num="627" count="1" type="stmt"/>
      <line num="629" count="1" type="stmt"/>
      <line num="630" count="1" type="stmt"/>
      <line num="631" count="1" type="stmt"/>
      <line num="632" count="1" type="stmt"/>
      <line num="633" count="1" type="stmt"/>
      <line num="634" count="1" type="stmt"/>
      <line num="635" count="1" type="stmt"/>
      <line num="636" count="1" type="stmt"/>
      <line num="637" count="1" type="stmt"/>
      <line num="638" count="1" type="stmt"/>
      <line num="639" count="1" type="stmt"/>
      <line num="640" count="1" type="stmt"/>
      <line num="641" count="1" type="stmt"/>
      <line num="642" count="1" type="stmt"/>
      <line num="643" count="1" type="stmt"/>
      <line num="644" count="1" type="stmt"/>
      <line num="645" count="1" type="stmt"/>
      <line num="646" count="1" type="stmt"/>
      <line num="649" count="1" type="stmt"/>
      <line num="653" count="1" type="stmt"/>
      <line num="655" count="1" type="stmt"/>
      <line num="656" count="1" type="stmt"/>
      <line num="657" count="1" type="stmt"/>
      <line num="658" count="1" type="stmt"/>
      <line num="659" count="1" type="stmt"/>
      <line num="660" count="1" type="stmt"/>
      <line num="661" count="1" type="stmt"/>
      <line num="662" count="1" type="stmt"/>
      <line num="663" count="1" type="stmt"/>
      <line num="666" count="1" type="stmt"/>
      <line num="667" count="1" type="stmt"/>
      <line num="668" count="1" type="stmt"/>
      <line num="669" count="1" type="stmt"/>
      <line num="670" count="1" type="stmt"/>
      <line num="671" count="1" type="stmt"/>
      <line num="672" count="1" type="stmt"/>
      <line num="673" count="1" type="stmt"/>
      <line num="674" count="1" type="stmt"/>
      <line num="677" count="1" type="stmt"/>
      <line num="681" count="1" type="stmt"/>
      <line num="683" count="1" type="stmt"/>
      <line num="684" count="1" type="stmt"/>
      <line num="685" count="1" type="stmt"/>
      <line num="686" count="1" type="stmt"/>
      <line num="687" count="1" type="stmt"/>
      <line num="689" count="1" type="stmt"/>
      <line num="690" count="1" type="stmt"/>
      <line num="691" count="1" type="stmt"/>
      <line num="692" count="1" type="stmt"/>
      <line num="693" count="1" type="stmt"/>
      <line num="694" count="1" type="stmt"/>
      <line num="695" count="1" type="stmt"/>
      <line num="698" count="1" type="stmt"/>
      <line num="702" count="1" type="stmt"/>
      <line num="704" count="1" type="stmt"/>
      <line num="705" count="1" type="stmt"/>
      <line num="713" count="2" type="stmt"/>
      <line num="721" count="1" type="stmt"/>
      <line num="725" count="2" type="stmt"/>
      <line num="726" count="2" type="stmt"/>
      <line num="727" count="2" type="stmt"/>
      <line num="728" count="2" type="stmt"/>
      <line num="729" count="2" type="stmt"/>
      <line num="731" count="2" type="stmt"/>
      <line num="733" count="2" type="stmt"/>
      <line num="734" count="2" type="stmt"/>
      <line num="735" count="2" type="stmt"/>
      <line num="736" count="2" type="stmt"/>
      <line num="737" count="2" type="stmt"/>
      <line num="738" count="2" type="stmt"/>
      <line num="740" count="2" type="stmt"/>
      <line num="741" count="2" type="stmt"/>
      <line num="742" count="2" type="stmt"/>
      <line num="743" count="2" type="stmt"/>
      <line num="745" count="2" type="stmt"/>
      <line num="747" count="2" type="stmt"/>
      <line num="748" count="2" type="stmt"/>
      <line num="749" count="2" type="stmt"/>
      <line num="750" count="2" type="stmt"/>
      <line num="752" count="2" type="stmt"/>
      <line num="753" count="2" type="stmt"/>
      <line num="754" count="2" type="stmt"/>
      <line num="755" count="2" type="stmt"/>
      <line num="757" count="2" type="stmt"/>
      <line num="758" count="2" type="stmt"/>
      <line num="759" count="2" type="stmt"/>
      <line num="760" count="2" type="stmt"/>
      <line num="761" count="2" type="stmt"/>
      <line num="762" count="2" type="stmt"/>
      <line num="764" count="2" type="stmt"/>
      <line num="765" count="2" type="stmt"/>
      <line num="766" count="2" type="stmt"/>
      <line num="767" count="2" type="stmt"/>
      <line num="769" count="2" type="stmt"/>
      <line num="770" count="2" type="stmt"/>
      <line num="771" count="2" type="stmt"/>
      <line num="772" count="2" type="stmt"/>
      <line num="773" count="2" type="stmt"/>
      <line num="774" count="2" type="stmt"/>
      <line num="776" count="2" type="stmt"/>
      <line num="777" count="2" type="stmt"/>
      <line num="778" count="2" type="stmt"/>
      <line num="779" count="2" type="stmt"/>
      <line num="781" count="2" type="stmt"/>
      <line num="784" count="2" type="stmt"/>
      <line num="788" count="1" type="stmt"/>
      <line num="789" count="1" type="stmt"/>
      <line num="797" count="1" type="stmt"/>
      <line num="801" count="1" type="stmt"/>
      <line num="803" count="1" type="stmt"/>
      <line num="811" count="2" type="stmt"/>
      <line num="812" count="2" type="stmt"/>
      <line num="813" count="2" type="stmt"/>
      <line num="816" count="2" type="stmt"/>
      <line num="817" count="2" type="stmt"/>
      <line num="818" count="2" type="stmt"/>
      <line num="819" count="2" type="stmt"/>
      <line num="820" count="2" type="stmt"/>
      <line num="821" count="2" type="stmt"/>
      <line num="822" count="2" type="stmt"/>
      <line num="823" count="2" type="stmt"/>
      <line num="824" count="2" type="stmt"/>
      <line num="825" count="2" type="stmt"/>
      <line num="826" count="2" type="stmt"/>
      <line num="827" count="2" type="stmt"/>
      <line num="828" count="2" type="stmt"/>
      <line num="829" count="2" type="stmt"/>
      <line num="830" count="2" type="stmt"/>
      <line num="831" count="2" type="stmt"/>
      <line num="832" count="2" type="stmt"/>
      <line num="835" count="1" type="stmt"/>
      <line num="839" count="1" type="stmt"/>
      <line num="840" count="1" type="stmt"/>
      <line num="848" count="1" type="stmt"/>
      <line num="852" count="1" type="stmt"/>
      <line num="853" count="1" type="stmt"/>
      <line num="861" count="1" type="stmt"/>
      <line num="865" count="1" type="stmt"/>
      <line num="866" count="1" type="stmt"/>
      <line num="867" count="1" type="stmt"/>
      <line num="868" count="1" type="stmt"/>
      <line num="869" count="1" type="stmt"/>
      <line num="870" count="1" type="stmt"/>
      <line num="872" count="1" type="stmt"/>
      <line num="873" count="1" type="stmt"/>
      <line num="874" count="1" type="stmt"/>
      <line num="875" count="1" type="stmt"/>
      <line num="877" count="1" type="stmt"/>
      <line num="878" count="1" type="stmt"/>
      <line num="879" count="1" type="stmt"/>
      <line num="881" count="1" type="stmt"/>
      <line num="889" count="1" type="stmt"/>
      <line num="893" count="2" type="stmt"/>
      <line num="894" count="2" type="stmt"/>
      <line num="902" count="2" type="stmt"/>
      <line num="906" count="1" type="stmt"/>
      <line num="910" count="1" type="stmt"/>
      <line num="914" count="1" type="stmt"/>
      <line num="918" count="2" type="stmt"/>
      <line num="922" count="2" type="stmt"/>
      <line num="926" count="2" type="stmt"/>
      <line num="930" count="1" type="stmt"/>
      <line num="934" count="1" type="stmt"/>
      <line num="935" count="1" type="stmt"/>
      <line num="936" count="1" type="stmt"/>
      <line num="937" count="1" type="stmt"/>
      <line num="938" count="1" type="stmt"/>
      <line num="940" count="1" type="stmt"/>
      <line num="941" count="1" type="stmt"/>
      <line num="942" count="1" type="stmt"/>
      <line num="944" count="1" type="cond" truecount="1" falsecount="1"/>
      <line num="945" count="1" type="cond" truecount="1" falsecount="1"/>
      <line num="946" count="1" type="cond" truecount="1" falsecount="1"/>
      <line num="948" count="1" type="stmt"/>
      <line num="949" count="1" type="stmt"/>
      <line num="950" count="1" type="stmt"/>
      <line num="952" count="1" type="cond" truecount="4" falsecount="1"/>
      <line num="953" count="0" type="stmt"/>
      <line num="954" count="0" type="stmt"/>
      <line num="955" count="0" type="stmt"/>
      <line num="956" count="0" type="stmt"/>
      <line num="957" count="0" type="stmt"/>
      <line num="958" count="0" type="stmt"/>
      <line num="961" count="1" type="stmt"/>
      <line num="968" count="1" type="stmt"/>
      <line num="970" count="1" type="stmt"/>
      <line num="971" count="1" type="stmt"/>
      <line num="972" count="1" type="stmt"/>
      <line num="973" count="1" type="stmt"/>
      <line num="974" count="1" type="stmt"/>
      <line num="977" count="1" type="stmt"/>
      <line num="981" count="1" type="stmt"/>
      <line num="982" count="1" type="stmt"/>
      <line num="983" count="1" type="stmt"/>
      <line num="984" count="1" type="stmt"/>
      <line num="985" count="1" type="stmt"/>
      <line num="987" count="1" type="stmt"/>
      <line num="988" count="1" type="stmt"/>
      <line num="989" count="1" type="stmt"/>
      <line num="990" count="1" type="stmt"/>
      <line num="991" count="1" type="stmt"/>
      <line num="992" count="1" type="stmt"/>
      <line num="994" count="1" type="stmt"/>
      <line num="1002" count="1" type="stmt"/>
      <line num="1006" count="1" type="stmt"/>
      <line num="1007" count="5" type="cond" truecount="16" falsecount="0"/>
      <line num="1023" count="1" type="stmt"/>
      <line num="1025" count="1" type="stmt"/>
      <line num="1029" count="1" type="stmt"/>
      <line num="1030" count="1" type="stmt"/>
      <line num="1033" count="1" type="stmt"/>
      <line num="1037" count="2" type="stmt"/>
    </file>
    <file name="plane.js" path="E:\OpenSource\geometry\src\plane.js">
      <metrics statements="95" coveredstatements="90" conditionals="6" coveredconditionals="3" methods="39" coveredmethods="36"/>
      <line num="11" count="8" type="stmt"/>
      <line num="14" count="37" type="stmt"/>
      <line num="16" count="37" type="stmt"/>
      <line num="19" count="0" type="stmt"/>
      <line num="22" count="8" type="stmt"/>
      <line num="23" count="3" type="stmt"/>
      <line num="26" count="28" type="stmt"/>
      <line num="27" count="28" type="stmt"/>
      <line num="28" count="28" type="stmt"/>
      <line num="29" count="28" type="stmt"/>
      <line num="32" count="1" type="stmt"/>
      <line num="33" count="1" type="stmt"/>
      <line num="34" count="1" type="stmt"/>
      <line num="35" count="1" type="stmt"/>
      <line num="38" count="1" type="stmt"/>
      <line num="39" count="1" type="stmt"/>
      <line num="41" count="1" type="stmt"/>
      <line num="42" count="1" type="stmt"/>
      <line num="44" count="1" type="stmt"/>
      <line num="45" count="1" type="stmt"/>
      <line num="46" count="1" type="stmt"/>
      <line num="47" count="1" type="stmt"/>
      <line num="50" count="2" type="stmt"/>
      <line num="51" count="2" type="stmt"/>
      <line num="52" count="2" type="stmt"/>
      <line num="53" count="2" type="stmt"/>
      <line num="56" count="3" type="stmt"/>
      <line num="60" count="37" type="stmt"/>
      <line num="62" count="190" type="stmt"/>
      <line num="63" count="1" type="stmt"/>
      <line num="66" count="76" type="stmt"/>
      <line num="67" count="13" type="stmt"/>
      <line num="71" count="37" type="stmt"/>
      <line num="75" count="1" type="stmt"/>
      <line num="76" count="1" type="stmt"/>
      <line num="80" count="2" type="stmt"/>
      <line num="81" count="2" type="stmt"/>
      <line num="82" count="2" type="stmt"/>
      <line num="83" count="2" type="stmt"/>
      <line num="84" count="2" type="stmt"/>
      <line num="86" count="2" type="stmt"/>
      <line num="88" count="2" type="stmt"/>
      <line num="89" count="2" type="stmt"/>
      <line num="92" count="2" type="stmt"/>
      <line num="96" count="1" type="stmt"/>
      <line num="98" count="1" type="stmt"/>
      <line num="99" count="1" type="stmt"/>
      <line num="100" count="1" type="stmt"/>
      <line num="103" count="1" type="stmt"/>
      <line num="104" count="1" type="stmt"/>
      <line num="105" count="1" type="stmt"/>
      <line num="106" count="1" type="stmt"/>
      <line num="109" count="1" type="stmt"/>
      <line num="113" count="0" type="stmt"/>
      <line num="117" count="0" type="stmt"/>
      <line num="121" count="1" type="stmt"/>
      <line num="122" count="1" type="stmt"/>
      <line num="123" count="1" type="stmt"/>
      <line num="124" count="1" type="stmt"/>
      <line num="125" count="1" type="stmt"/>
      <line num="128" count="1" type="stmt"/>
      <line num="132" count="1" type="stmt"/>
      <line num="133" count="9" type="stmt"/>
      <line num="134" count="9" type="stmt"/>
      <line num="135" count="9" type="stmt"/>
      <line num="136" count="9" type="stmt"/>
      <line num="139" count="1" type="stmt"/>
      <line num="143" count="1" type="stmt"/>
      <line num="144" count="1" type="stmt"/>
      <line num="145" count="1" type="stmt"/>
      <line num="146" count="1" type="stmt"/>
      <line num="147" count="1" type="stmt"/>
      <line num="150" count="1" type="stmt"/>
      <line num="154" count="1" type="stmt"/>
      <line num="155" count="2" type="cond" truecount="2" falsecount="0"/>
      <line num="156" count="1" type="stmt"/>
      <line num="158" count="1" type="stmt"/>
      <line num="162" count="1" type="stmt"/>
      <line num="164" count="1" type="stmt"/>
      <line num="167" count="1" type="stmt"/>
      <line num="170" count="1" type="stmt"/>
      <line num="173" count="8" type="stmt"/>
      <line num="174" count="8" type="cond" truecount="1" falsecount="1"/>
      <line num="175" count="0" type="cond" truecount="0" falsecount="2"/>
      <line num="176" count="0" type="stmt"/>
      <line num="179" count="1" type="stmt"/>
      <line num="183" count="1" type="stmt"/>
      <line num="184" count="1" type="stmt"/>
      <line num="185" count="1" type="stmt"/>
      <line num="186" count="1" type="stmt"/>
      <line num="189" count="1" type="stmt"/>
      <line num="193" count="1" type="stmt"/>
      <line num="194" count="1" type="stmt"/>
      <line num="197" count="1" type="stmt"/>
      <line num="201" count="2" type="stmt"/>
    </file>
    <file name="planeIntersectionType.js" path="E:\OpenSource\geometry\src\planeIntersectionType.js">
      <metrics statements="1" coveredstatements="1" conditionals="0" coveredconditionals="0" methods="0" coveredmethods="0"/>
      <line num="5" count="8" type="stmt"/>
    </file>
    <file name="point.js" path="E:\OpenSource\geometry\src\point.js">
      <metrics statements="45" coveredstatements="44" conditionals="2" coveredconditionals="2" methods="31" coveredmethods="30"/>
      <line num="3" count="2" type="stmt"/>
      <line num="7" count="1" type="stmt"/>
      <line num="10" count="37" type="stmt"/>
      <line num="12" count="37" type="stmt"/>
      <line num="15" count="0" type="stmt"/>
      <line num="18" count="2" type="stmt"/>
      <line num="19" count="2" type="stmt"/>
      <line num="22" count="35" type="stmt"/>
      <line num="23" count="35" type="stmt"/>
      <line num="26" count="2" type="stmt"/>
      <line num="30" count="37" type="stmt"/>
      <line num="32" count="12" type="stmt"/>
      <line num="33" count="36" type="stmt"/>
      <line num="36" count="12" type="stmt"/>
      <line num="37" count="36" type="stmt"/>
      <line num="41" count="37" type="stmt"/>
      <line num="45" count="13" type="stmt"/>
      <line num="46" count="13" type="stmt"/>
      <line num="50" count="1" type="stmt"/>
      <line num="51" count="1" type="stmt"/>
      <line num="54" count="1" type="stmt"/>
      <line num="58" count="1" type="stmt"/>
      <line num="59" count="1" type="stmt"/>
      <line num="62" count="1" type="stmt"/>
      <line num="66" count="1" type="stmt"/>
      <line num="67" count="1" type="stmt"/>
      <line num="70" count="1" type="stmt"/>
      <line num="74" count="1" type="stmt"/>
      <line num="76" count="1" type="stmt"/>
      <line num="79" count="1" type="stmt"/>
      <line num="82" count="1" type="stmt"/>
      <line num="86" count="1" type="stmt"/>
      <line num="88" count="1" type="stmt"/>
      <line num="91" count="1" type="stmt"/>
      <line num="94" count="1" type="stmt"/>
      <line num="98" count="2" type="stmt"/>
      <line num="102" count="2" type="stmt"/>
      <line num="106" count="1" type="stmt"/>
      <line num="107" count="6" type="cond" truecount="2" falsecount="0"/>
      <line num="108" count="1" type="stmt"/>
      <line num="110" count="1" type="stmt"/>
      <line num="114" count="1" type="stmt"/>
      <line num="115" count="1" type="stmt"/>
      <line num="118" count="1" type="stmt"/>
      <line num="122" count="2" type="stmt"/>
    </file>
    <file name="quaternion.js" path="E:\OpenSource\geometry\src\quaternion.js">
      <metrics statements="208" coveredstatements="207" conditionals="22" coveredconditionals="22" methods="70" coveredmethods="69"/>
      <line num="5" count="8" type="stmt"/>
      <line num="9" count="1" type="stmt"/>
      <line num="12" count="97" type="stmt"/>
      <line num="14" count="97" type="stmt"/>
      <line num="16" count="97" type="stmt"/>
      <line num="18" count="97" type="stmt"/>
      <line num="21" count="0" type="stmt"/>
      <line num="24" count="8" type="stmt"/>
      <line num="25" count="6" type="stmt"/>
      <line num="28" count="86" type="stmt"/>
      <line num="29" count="86" type="stmt"/>
      <line num="30" count="86" type="stmt"/>
      <line num="31" count="86" type="stmt"/>
      <line num="34" count="1" type="stmt"/>
      <line num="35" count="1" type="stmt"/>
      <line num="36" count="1" type="stmt"/>
      <line num="37" count="1" type="stmt"/>
      <line num="40" count="6" type="stmt"/>
      <line num="44" count="97" type="stmt"/>
      <line num="46" count="47" type="stmt"/>
      <line num="47" count="2" type="stmt"/>
      <line num="50" count="47" type="stmt"/>
      <line num="51" count="2" type="stmt"/>
      <line num="54" count="47" type="stmt"/>
      <line num="55" count="2" type="stmt"/>
      <line num="58" count="55" type="stmt"/>
      <line num="59" count="3" type="stmt"/>
      <line num="63" count="97" type="stmt"/>
      <line num="67" count="1" type="stmt"/>
      <line num="68" count="1" type="stmt"/>
      <line num="69" count="1" type="stmt"/>
      <line num="70" count="1" type="stmt"/>
      <line num="74" count="1" type="stmt"/>
      <line num="75" count="2" type="stmt"/>
      <line num="83" count="1" type="stmt"/>
      <line num="87" count="1" type="stmt"/>
      <line num="88" count="1" type="stmt"/>
      <line num="89" count="1" type="stmt"/>
      <line num="91" count="1" type="stmt"/>
      <line num="99" count="1" type="stmt"/>
      <line num="103" count="1" type="stmt"/>
      <line num="104" count="1" type="stmt"/>
      <line num="107" count="1" type="stmt"/>
      <line num="111" count="1" type="stmt"/>
      <line num="112" count="1" type="stmt"/>
      <line num="113" count="1" type="stmt"/>
      <line num="114" count="1" type="stmt"/>
      <line num="115" count="1" type="stmt"/>
      <line num="116" count="1" type="stmt"/>
      <line num="119" count="1" type="stmt"/>
      <line num="123" count="2" type="stmt"/>
      <line num="124" count="5" type="stmt"/>
      <line num="125" count="5" type="stmt"/>
      <line num="128" count="5" type="cond" truecount="2" falsecount="0"/>
      <line num="129" count="1" type="stmt"/>
      <line num="130" count="1" type="stmt"/>
      <line num="131" count="1" type="stmt"/>
      <line num="133" count="1" type="stmt"/>
      <line num="134" count="1" type="stmt"/>
      <line num="135" count="1" type="stmt"/>
      <line num="137" count="1" type="stmt"/>
      <line num="140" count="4" type="cond" truecount="4" falsecount="0"/>
      <line num="141" count="2" type="stmt"/>
      <line num="142" count="2" type="stmt"/>
      <line num="144" count="2" type="stmt"/>
      <line num="145" count="2" type="stmt"/>
      <line num="146" count="2" type="stmt"/>
      <line num="147" count="2" type="stmt"/>
      <line num="149" count="2" type="stmt"/>
      <line num="152" count="2" type="cond" truecount="2" falsecount="0"/>
      <line num="153" count="1" type="stmt"/>
      <line num="154" count="1" type="stmt"/>
      <line num="156" count="1" type="stmt"/>
      <line num="157" count="1" type="stmt"/>
      <line num="158" count="1" type="stmt"/>
      <line num="159" count="1" type="stmt"/>
      <line num="161" count="1" type="stmt"/>
      <line num="164" count="1" type="stmt"/>
      <line num="165" count="1" type="stmt"/>
      <line num="167" count="1" type="stmt"/>
      <line num="168" count="1" type="stmt"/>
      <line num="169" count="1" type="stmt"/>
      <line num="170" count="1" type="stmt"/>
      <line num="172" count="1" type="stmt"/>
      <line num="175" count="2" type="stmt"/>
      <line num="179" count="2" type="stmt"/>
      <line num="180" count="2" type="stmt"/>
      <line num="181" count="2" type="stmt"/>
      <line num="182" count="2" type="stmt"/>
      <line num="184" count="2" type="stmt"/>
      <line num="185" count="2" type="stmt"/>
      <line num="187" count="2" type="stmt"/>
      <line num="188" count="2" type="stmt"/>
      <line num="190" count="2" type="stmt"/>
      <line num="191" count="2" type="stmt"/>
      <line num="193" count="2" type="stmt"/>
      <line num="201" count="2" type="stmt"/>
      <line num="205" count="1" type="stmt"/>
      <line num="206" count="2" type="stmt"/>
      <line num="207" count="2" type="stmt"/>
      <line num="209" count="2" type="stmt"/>
      <line num="211" count="2" type="stmt"/>
      <line num="212" count="2" type="stmt"/>
      <line num="214" count="2" type="stmt"/>
      <line num="215" count="2" type="stmt"/>
      <line num="216" count="2" type="stmt"/>
      <line num="217" count="2" type="stmt"/>
      <line num="219" count="2" type="stmt"/>
      <line num="220" count="2" type="stmt"/>
      <line num="221" count="2" type="stmt"/>
      <line num="222" count="2" type="stmt"/>
      <line num="224" count="2" type="stmt"/>
      <line num="225" count="2" type="stmt"/>
      <line num="226" count="2" type="stmt"/>
      <line num="227" count="2" type="stmt"/>
      <line num="229" count="2" type="stmt"/>
      <line num="232" count="1" type="stmt"/>
      <line num="236" count="1" type="stmt"/>
      <line num="237" count="6" type="stmt"/>
      <line num="238" count="6" type="stmt"/>
      <line num="239" count="6" type="stmt"/>
      <line num="242" count="1" type="stmt"/>
      <line num="246" count="1" type="stmt"/>
      <line num="247" count="1" type="stmt"/>
      <line num="248" count="1" type="stmt"/>
      <line num="249" count="1" type="stmt"/>
      <line num="251" count="1" type="stmt"/>
      <line num="259" count="1" type="stmt"/>
      <line num="263" count="1" type="stmt"/>
      <line num="264" count="2" type="stmt"/>
      <line num="265" count="2" type="stmt"/>
      <line num="267" count="2" type="stmt"/>
      <line num="268" count="2" type="cond" truecount="2" falsecount="0"/>
      <line num="270" count="8" type="stmt"/>
      <line num="272" count="2" type="stmt"/>
      <line num="279" count="2" type="stmt"/>
      <line num="281" count="2" type="stmt"/>
      <line num="284" count="1" type="stmt"/>
      <line num="288" count="1" type="stmt"/>
      <line num="290" count="2" type="stmt"/>
      <line num="298" count="1" type="stmt"/>
      <line num="299" count="1" type="stmt"/>
      <line num="301" count="1" type="stmt"/>
      <line num="302" count="1" type="stmt"/>
      <line num="303" count="1" type="stmt"/>
      <line num="304" count="1" type="stmt"/>
      <line num="306" count="1" type="stmt"/>
      <line num="314" count="1" type="stmt"/>
      <line num="318" count="1" type="stmt"/>
      <line num="319" count="2" type="stmt"/>
      <line num="322" count="1" type="stmt"/>
      <line num="326" count="1" type="stmt"/>
      <line num="327" count="1" type="stmt"/>
      <line num="329" count="1" type="stmt"/>
      <line num="337" count="1" type="stmt"/>
      <line num="341" count="1" type="stmt"/>
      <line num="342" count="3" type="stmt"/>
      <line num="343" count="3" type="stmt"/>
      <line num="345" count="3" type="stmt"/>
      <line num="346" count="3" type="stmt"/>
      <line num="347" count="3" type="cond" truecount="2" falsecount="0"/>
      <line num="350" count="3" type="cond" truecount="2" falsecount="0"/>
      <line num="351" count="2" type="stmt"/>
      <line num="352" count="2" type="cond" truecount="2" falsecount="0"/>
      <line num="354" count="1" type="stmt"/>
      <line num="355" count="1" type="stmt"/>
      <line num="356" count="1" type="stmt"/>
      <line num="357" count="1" type="stmt"/>
      <line num="358" count="1" type="cond" truecount="2" falsecount="0"/>
      <line num="361" count="12" type="stmt"/>
      <line num="363" count="3" type="stmt"/>
      <line num="371" count="1" type="stmt"/>
      <line num="375" count="1" type="stmt"/>
      <line num="376" count="2" type="stmt"/>
      <line num="384" count="1" type="stmt"/>
      <line num="388" count="1" type="stmt"/>
      <line num="392" count="1" type="stmt"/>
      <line num="396" count="1" type="stmt"/>
      <line num="400" count="1" type="stmt"/>
      <line num="404" count="1" type="stmt"/>
      <line num="408" count="2" type="stmt"/>
      <line num="412" count="2" type="stmt"/>
      <line num="416" count="1" type="stmt"/>
      <line num="417" count="1" type="stmt"/>
      <line num="418" count="1" type="stmt"/>
      <line num="419" count="1" type="stmt"/>
      <line num="422" count="1" type="stmt"/>
      <line num="426" count="1" type="stmt"/>
      <line num="427" count="1" type="stmt"/>
      <line num="430" count="1" type="stmt"/>
      <line num="434" count="1" type="stmt"/>
      <line num="435" count="3" type="stmt"/>
      <line num="438" count="1" type="stmt"/>
      <line num="442" count="1" type="stmt"/>
      <line num="443" count="3" type="stmt"/>
      <line num="444" count="3" type="stmt"/>
      <line num="445" count="3" type="stmt"/>
      <line num="446" count="3" type="stmt"/>
      <line num="447" count="3" type="stmt"/>
      <line num="450" count="1" type="stmt"/>
      <line num="454" count="1" type="stmt"/>
      <line num="455" count="11" type="cond" truecount="4" falsecount="0"/>
      <line num="456" count="1" type="stmt"/>
      <line num="458" count="1" type="stmt"/>
      <line num="462" count="1" type="stmt"/>
      <line num="463" count="1" type="stmt"/>
      <line num="466" count="1" type="stmt"/>
      <line num="470" count="2" type="stmt"/>
    </file>
    <file name="ray.js" path="E:\OpenSource\geometry\src\ray.js">
      <metrics statements="65" coveredstatements="45" conditionals="39" coveredconditionals="22" methods="24" coveredmethods="18"/>
      <line num="8" count="8" type="stmt"/>
      <line num="11" count="32" type="stmt"/>
      <line num="13" count="32" type="stmt"/>
      <line num="16" count="0" type="stmt"/>
      <line num="19" count="8" type="stmt"/>
      <line num="20" count="1" type="stmt"/>
      <line num="22" count="2" type="stmt"/>
      <line num="23" count="2" type="stmt"/>
      <line num="26" count="30" type="stmt"/>
      <line num="27" count="30" type="stmt"/>
      <line num="30" count="1" type="stmt"/>
      <line num="34" count="32" type="stmt"/>
      <line num="36" count="3" type="stmt"/>
      <line num="37" count="1" type="stmt"/>
      <line num="40" count="3" type="stmt"/>
      <line num="41" count="1" type="stmt"/>
      <line num="45" count="32" type="stmt"/>
      <line num="49" count="1" type="stmt"/>
      <line num="50" count="1" type="stmt"/>
      <line num="54" count="0" type="stmt"/>
      <line num="58" count="0" type="stmt"/>
      <line num="62" count="1" type="stmt"/>
      <line num="64" count="24" type="stmt"/>
      <line num="65" count="24" type="stmt"/>
      <line num="66" count="24" type="stmt"/>
      <line num="67" count="24" type="stmt"/>
      <line num="69" count="24" type="stmt"/>
      <line num="70" count="72" type="cond" truecount="2" falsecount="0"/>
      <line num="71" count="48" type="cond" truecount="3" falsecount="1"/>
      <line num="73" count="24" type="stmt"/>
      <line num="74" count="24" type="stmt"/>
      <line num="75" count="24" type="cond" truecount="2" falsecount="0"/>
      <line num="76" count="24" type="cond" truecount="1" falsecount="1"/>
      <line num="77" count="24" type="cond" truecount="1" falsecount="1"/>
      <line num="78" count="24" type="cond" truecount="1" falsecount="1"/>
      <line num="80" count="72" type="stmt"/>
      <line num="83" count="24" type="cond" truecount="4" falsecount="1"/>
      <line num="86" count="0" type="stmt"/>
      <line num="89" count="24" type="cond" truecount="4" falsecount="0"/>
      <line num="91" count="18" type="cond" truecount="2" falsecount="0"/>
      <line num="94" count="0" type="stmt"/>
      <line num="97" count="0" type="stmt"/>
      <line num="99" count="0" type="stmt"/>
      <line num="100" count="0" type="stmt"/>
      <line num="102" count="0" type="cond" truecount="0" falsecount="2"/>
      <line num="104" count="0" type="stmt"/>
      <line num="106" count="0" type="cond" truecount="0" falsecount="2"/>
      <line num="108" count="0" type="stmt"/>
      <line num="110" count="0" type="cond" truecount="0" falsecount="2"/>
      <line num="113" count="0" type="stmt"/>
      <line num="114" count="0" type="cond" truecount="0" falsecount="2"/>
      <line num="116" count="0" type="stmt"/>
      <line num="118" count="0" type="cond" truecount="0" falsecount="2"/>
      <line num="119" count="0" type="cond" truecount="0" falsecount="2"/>
      <line num="120" count="0" type="stmt"/>
      <line num="123" count="0" type="stmt"/>
      <line num="126" count="1" type="stmt"/>
      <line num="130" count="1" type="stmt"/>
      <line num="131" count="1" type="cond" truecount="2" falsecount="0"/>
      <line num="132" count="1" type="stmt"/>
      <line num="134" count="1" type="stmt"/>
      <line num="138" count="1" type="stmt"/>
      <line num="139" count="1" type="stmt"/>
      <line num="142" count="1" type="stmt"/>
      <line num="146" count="2" type="stmt"/>
    </file>
    <file name="rectangle.js" path="E:\OpenSource\geometry\src\rectangle.js">
      <metrics statements="96" coveredstatements="93" conditionals="32" coveredconditionals="32" methods="46" coveredmethods="43"/>
      <line num="4" count="1" type="stmt"/>
      <line num="8" count="2" type="stmt"/>
      <line num="11" count="25" type="stmt"/>
      <line num="13" count="25" type="stmt"/>
      <line num="15" count="25" type="stmt"/>
      <line num="17" count="25" type="stmt"/>
      <line num="20" count="3" type="cond" truecount="4" falsecount="0"/>
      <line num="24" count="9" type="stmt"/>
      <line num="28" count="3" type="stmt"/>
      <line num="32" count="7" type="stmt"/>
      <line num="36" count="9" type="stmt"/>
      <line num="40" count="7" type="stmt"/>
      <line num="44" count="0" type="stmt"/>
      <line num="47" count="1" type="stmt"/>
      <line num="48" count="1" type="stmt"/>
      <line num="51" count="21" type="stmt"/>
      <line num="52" count="21" type="stmt"/>
      <line num="53" count="21" type="stmt"/>
      <line num="54" count="21" type="stmt"/>
      <line num="57" count="1" type="stmt"/>
      <line num="61" count="25" type="stmt"/>
      <line num="63" count="10" type="stmt"/>
      <line num="64" count="24" type="stmt"/>
      <line num="67" count="10" type="stmt"/>
      <line num="68" count="24" type="stmt"/>
      <line num="71" count="7" type="stmt"/>
      <line num="72" count="23" type="stmt"/>
      <line num="75" count="7" type="stmt"/>
      <line num="76" count="23" type="stmt"/>
      <line num="79" count="3" type="stmt"/>
      <line num="81" count="1" type="stmt"/>
      <line num="82" count="1" type="stmt"/>
      <line num="87" count="25" type="stmt"/>
      <line num="91" count="1" type="stmt"/>
      <line num="92" count="1" type="stmt"/>
      <line num="93" count="1" type="stmt"/>
      <line num="94" count="1" type="stmt"/>
      <line num="98" count="1" type="stmt"/>
      <line num="99" count="2" type="cond" truecount="2" falsecount="0"/>
      <line num="100" count="1" type="stmt"/>
      <line num="101" count="1" type="stmt"/>
      <line num="103" count="1" type="stmt"/>
      <line num="104" count="1" type="stmt"/>
      <line num="105" count="1" type="stmt"/>
      <line num="106" count="1" type="stmt"/>
      <line num="108" count="1" type="stmt"/>
      <line num="111" count="1" type="stmt"/>
      <line num="114" count="1" type="stmt"/>
      <line num="118" count="1" type="stmt"/>
      <line num="119" count="1" type="stmt"/>
      <line num="120" count="1" type="stmt"/>
      <line num="122" count="1" type="stmt"/>
      <line num="123" count="1" type="stmt"/>
      <line num="124" count="1" type="stmt"/>
      <line num="125" count="1" type="stmt"/>
      <line num="127" count="1" type="stmt"/>
      <line num="130" count="1" type="stmt"/>
      <line num="134" count="0" type="stmt"/>
      <line num="138" count="0" type="stmt"/>
      <line num="142" count="1" type="stmt"/>
      <line num="144" count="1" type="cond" truecount="2" falsecount="0"/>
      <line num="145" count="1" type="cond" truecount="2" falsecount="0"/>
      <line num="146" count="1" type="cond" truecount="2" falsecount="0"/>
      <line num="149" count="1" type="cond" truecount="2" falsecount="0"/>
      <line num="150" count="1" type="cond" truecount="2" falsecount="0"/>
      <line num="151" count="1" type="cond" truecount="2" falsecount="0"/>
      <line num="154" count="1" type="cond" truecount="2" falsecount="0"/>
      <line num="155" count="1" type="cond" truecount="2" falsecount="0"/>
      <line num="156" count="1" type="cond" truecount="2" falsecount="0"/>
      <line num="159" count="1" type="stmt"/>
      <line num="163" count="1" type="stmt"/>
      <line num="164" count="2" type="stmt"/>
      <line num="165" count="2" type="cond" truecount="4" falsecount="0"/>
      <line num="166" count="1" type="stmt"/>
      <line num="168" count="1" type="stmt"/>
      <line num="172" count="1" type="stmt"/>
      <line num="173" count="1" type="stmt"/>
      <line num="174" count="1" type="stmt"/>
      <line num="175" count="1" type="stmt"/>
      <line num="176" count="1" type="stmt"/>
      <line num="179" count="1" type="stmt"/>
      <line num="183" count="1" type="stmt"/>
      <line num="184" count="3" type="stmt"/>
      <line num="185" count="3" type="stmt"/>
      <line num="186" count="3" type="cond" truecount="4" falsecount="0"/>
      <line num="189" count="1" type="stmt"/>
      <line num="193" count="1" type="stmt"/>
      <line num="195" count="1" type="stmt"/>
      <line num="196" count="1" type="stmt"/>
      <line num="199" count="1" type="stmt"/>
      <line num="200" count="1" type="stmt"/>
      <line num="203" count="1" type="stmt"/>
      <line num="207" count="1" type="stmt"/>
      <line num="208" count="1" type="stmt"/>
      <line num="211" count="1" type="stmt"/>
      <line num="215" count="2" type="stmt"/>
    </file>
    <file name="vector2.js" path="E:\OpenSource\geometry\src\vector2.js">
      <metrics statements="159" coveredstatements="158" conditionals="24" coveredconditionals="24" methods="83" coveredmethods="82"/>
      <line num="8" count="8" type="stmt"/>
      <line num="12" count="1" type="stmt"/>
      <line num="16" count="1" type="stmt"/>
      <line num="20" count="1" type="stmt"/>
      <line num="24" count="9" type="stmt"/>
      <line num="27" count="130" type="stmt"/>
      <line num="29" count="130" type="stmt"/>
      <line num="32" count="0" type="stmt"/>
      <line num="35" count="8" type="stmt"/>
      <line num="36" count="3" type="stmt"/>
      <line num="39" count="1" type="stmt"/>
      <line num="40" count="1" type="stmt"/>
      <line num="43" count="127" type="stmt"/>
      <line num="44" count="127" type="stmt"/>
      <line num="47" count="3" type="stmt"/>
      <line num="51" count="130" type="stmt"/>
      <line num="53" count="47" type="stmt"/>
      <line num="54" count="1" type="stmt"/>
      <line num="57" count="47" type="stmt"/>
      <line num="58" count="1" type="stmt"/>
      <line num="62" count="130" type="stmt"/>
      <line num="66" count="1" type="stmt"/>
      <line num="67" count="1" type="stmt"/>
      <line num="71" count="1" type="stmt"/>
      <line num="72" count="2" type="stmt"/>
      <line num="78" count="1" type="stmt"/>
      <line num="82" count="1" type="stmt"/>
      <line num="83" count="1" type="stmt"/>
      <line num="89" count="1" type="stmt"/>
      <line num="93" count="1" type="stmt"/>
      <line num="94" count="1" type="stmt"/>
      <line num="100" count="1" type="stmt"/>
      <line num="104" count="1" type="stmt"/>
      <line num="105" count="1" type="stmt"/>
      <line num="111" count="1" type="stmt"/>
      <line num="115" count="1" type="stmt"/>
      <line num="116" count="1" type="stmt"/>
      <line num="117" count="1" type="stmt"/>
      <line num="118" count="1" type="stmt"/>
      <line num="121" count="1" type="stmt"/>
      <line num="125" count="1" type="stmt"/>
      <line num="126" count="1" type="stmt"/>
      <line num="127" count="1" type="stmt"/>
      <line num="128" count="1" type="stmt"/>
      <line num="131" count="1" type="stmt"/>
      <line num="135" count="1" type="stmt"/>
      <line num="137" count="2" type="stmt"/>
      <line num="138" count="2" type="stmt"/>
      <line num="144" count="1" type="stmt"/>
      <line num="150" count="1" type="stmt"/>
      <line num="154" count="1" type="stmt"/>
      <line num="155" count="1" type="stmt"/>
      <line num="158" count="1" type="stmt"/>
      <line num="162" count="1" type="stmt"/>
      <line num="163" count="1" type="stmt"/>
      <line num="169" count="1" type="stmt"/>
      <line num="173" count="1" type="stmt"/>
      <line num="174" count="1" type="stmt"/>
[...]
      <line num="328" count="4" type="stmt"/>
      <line num="329" count="4" type="stmt"/>
      <line num="331" count="4" type="stmt"/>
      <line num="333" count="4" type="stmt"/>
      <line num="334" count="4" type="stmt"/>
      <line num="336" count="4" type="stmt"/>
      <line num="340" count="1" type="stmt"/>
      <line num="343" count="1" type="stmt"/>
      <line num="346" count="1" type="stmt"/>
      <line num="350" count="1" type="stmt"/>
      <line num="352" count="5" type="stmt"/>
      <line num="358" count="3" type="cond" truecount="2" falsecount="0"/>
      <line num="359" count="1" type="stmt"/>
      <line num="362" count="2" type="cond" truecount="2" falsecount="0"/>
      <line num="363" count="1" type="stmt"/>
      <line num="366" count="1" type="stmt"/>
      <line num="367" count="2" type="stmt"/>
      <line num="371" count="2" type="cond" truecount="2" falsecount="0"/>
      <line num="372" count="1" type="stmt"/>
      <line num="375" count="1" type="stmt"/>
      <line num="376" count="2" type="stmt"/>
      <line num="380" count="1" type="stmt"/>
      <line num="384" count="1" type="stmt"/>
      <line num="388" count="1" type="stmt"/>
      <line num="392" count="1" type="stmt"/>
      <line num="396" count="1" type="stmt"/>
      <line num="400" count="1" type="stmt"/>
      <line num="404" count="2" type="stmt"/>
      <line num="408" count="2" type="stmt"/>
      <line num="412" count="1" type="stmt"/>
      <line num="413" count="2" type="stmt"/>
      <line num="416" count="1" type="stmt"/>
      <line num="420" count="1" type="stmt"/>
      <line num="421" count="1" type="stmt"/>
      <line num="424" count="1" type="stmt"/>
      <line num="428" count="1" type="stmt"/>
      <line num="429" count="1" type="stmt"/>
      <line num="430" count="1" type="stmt"/>
      <line num="431" count="1" type="stmt"/>
      <line num="434" count="1" type="stmt"/>
      <line num="438" count="1" type="stmt"/>
      <line num="439" count="10" type="cond" truecount="2" falsecount="0"/>
      <line num="440" count="1" type="stmt"/>
      <line num="442" count="1" type="stmt"/>
      <line num="446" count="1" type="stmt"/>
      <line num="447" count="1" type="stmt"/>
      <line num="450" count="1" type="stmt"/>
      <line num="454" count="2" type="stmt"/>
    </file>
    <file name="vector3.js" path="E:\OpenSource\geometry\src\vector3.js">
      <metrics statements="196" coveredstatements="195" conditionals="17" coveredconditionals="17" methods="95" coveredmethods="94"/>
      <line num="8" count="8" type="stmt"/>
      <line num="12" count="1" type="stmt"/>
      <line num="16" count="1" type="stmt"/>
      <line num="20" count="3" type="stmt"/>
      <line num="24" count="1" type="stmt"/>
      <line num="28" count="12" type="stmt"/>
      <line num="32" count="3" type="stmt"/>
      <line num="36" count="11" type="stmt"/>
      <line num="40" count="11" type="stmt"/>
      <line num="44" count="11" type="stmt"/>
      <line num="48" count="1" type="stmt"/>
      <line num="52" count="63" type="stmt"/>
      <line num="55" count="587" type="stmt"/>
      <line num="57" count="587" type="stmt"/>
      <line num="59" count="587" type="stmt"/>
      <line num="62" count="0" type="stmt"/>
      <line num="65" count="8" type="stmt"/>
      <line num="66" count="8" type="stmt"/>
      <line num="69" count="4" type="stmt"/>
      <line num="70" count="4" type="stmt"/>
      <line num="71" count="4" type="stmt"/>
      <line num="74" count="576" type="stmt"/>
      <line num="75" count="576" type="stmt"/>
      <line num="76" count="576" type="stmt"/>
      <line num="79" count="1" type="stmt"/>
      <line num="80" count="1" type="stmt"/>
      <line num="81" count="1" type="stmt"/>
      <line num="84" count="8" type="stmt"/>
      <line num="88" count="587" type="stmt"/>
      <line num="90" count="379" type="stmt"/>
      <line num="91" count="55" type="stmt"/>
      <line num="94" count="387" type="stmt"/>
      <line num="95" count="55" type="stmt"/>
      <line num="98" count="386" type="stmt"/>
      <line num="99" count="55" type="stmt"/>
      <line num="103" count="587" type="stmt"/>
      <line num="107" count="47" type="stmt"/>
      <line num="108" count="47" type="stmt"/>
      <line num="109" count="47" type="stmt"/>
      <line num="113" count="3" type="stmt"/>
      <line num="114" count="13" type="stmt"/>
      <line num="121" count="3" type="stmt"/>
      <line num="125" count="1" type="stmt"/>
      <line num="126" count="1" type="stmt"/>
      <line num="133" count="1" type="stmt"/>
      <line num="137" count="1" type="stmt"/>
      <line num="138" count="1" type="stmt"/>
      <line num="145" count="1" type="stmt"/>
      <line num="149" count="1" type="stmt"/>
      <line num="150" count="1" type="stmt"/>
      <line num="157" count="1" type="stmt"/>
      <line num="161" count="4" type="stmt"/>
      <line num="162" count="78" type="stmt"/>
      <line num="163" count="78" type="stmt"/>
      <line num="165" count="78" type="stmt"/>
      <line num="166" count="78" type="stmt"/>
      <line num="167" count="78" type="stmt"/>
      <line num="169" count="78" type="stmt"/>
      <line num="172" count="4" type="stmt"/>
      <line num="176" count="1" type="stmt"/>
      <line num="177" count="1" type="stmt"/>
      <line num="178" count="1" type="stmt"/>
      <line num="179" count="1" type="stmt"/>
      <line num="182" count="1" type="stmt"/>
      <line num="186" count="1" type="stmt"/>
      <line num="187" count="1" type="stmt"/>
      <line num="188" count="1" type="stmt"/>
      <line num="189" count="1" type="stmt"/>
      <line num="192" count="1" type="stmt"/>
      <line num="196" count="1" type="stmt"/>
      <line num="198" count="2" type="stmt"/>
      <line num="199" count="2" type="stmt"/>
      <line num="206" count="1" type="stmt"/>
      <line num="213" count="1" type="stmt"/>
      <line num="217" count="4" type="stmt"/>
      <line num="218" count="27" type="stmt"/>
      <line num="219" count="27" type="stmt"/>
      <line num="220" count="27" type="stmt"/>
      <line num="223" count="4" type="stmt"/>
      <line num="227" count="1" type="stmt"/>
      <line num="228" count="1" type="stmt"/>
      <line num="235" count="1" type="stmt"/>
      <line num="239" count="1" type="stmt"/>
      <line num="240" count="1" type="stmt"/>
      <line num="247" count="1" type="stmt"/>
      <line num="251" count="1" type="stmt"/>
      <line num="252" count="1" type="stmt"/>
      <line num="259" count="1" type="stmt"/>
      <line num="263" count="1" type="stmt"/>
      <line num="264" count="1" type="stmt"/>
      <line num="271" count="1" type="stmt"/>
      <line num="275" count="6" type="stmt"/>
      <line num="277" count="60" type="stmt"/>
      <line num="284" count="11" type="stmt"/>
      <line num="291" count="6" type="stmt"/>
      <line num="295" count="2" type="stmt"/>
      <line num="296" count="14" type="stmt"/>
      <line num="299" count="2" type="stmt"/>
      <line num="303" count="3" type="stmt"/>
      <line num="304" count="7" type="stmt"/>
      <line num="305" count="7" type="stmt"/>
      <line num="308" count="3" type="stmt"/>
      <line num="312" count="1" type="stmt"/>
      <line num="313" count="1" type="stmt"/>
      <line num="314" count="1" type="stmt"/>
      <line num="315" count="1" type="stmt"/>
      <line num="322" count="1" type="stmt"/>
      <line num="326" count="1" type="stmt"/>
      <line num="327" count="1" type="stmt"/>
      <line num="334" count="1" type="stmt"/>
      <line num="338" count="5" type="stmt"/>
      <line num="339" count="15" type="stmt"/>
      <line num="346" count="5" type="stmt"/>
      <line num="350" count="2" type="stmt"/>
      <line num="352" count="1" type="stmt"/>
      <line num="353" count="1" type="stmt"/>
      <line num="354" count="1" type="stmt"/>
      <line num="355" count="1" type="stmt"/>
      <line num="357" count="1" type="stmt"/>
      <line num="360" count="2" type="stmt"/>
      <line num="361" count="2" type="stmt"/>
      <line num="363" count="2" type="stmt"/>
      <line num="364" count="2" type="stmt"/>
      <line num="365" count="2" type="stmt"/>
      <line num="367" count="2" type="stmt"/>
      <line num="374" count="4" type="cond" truecount="2" falsecount="0"/>
      <line num="375" count="1" type="stmt"/>
      <line num="378" count="3" type="cond" truecount="2" falsecount="0"/>
      <line num="379" count="1" type="stmt"/>
      <line num="382" count="2" type="stmt"/>
      <line num="383" count="2" type="stmt"/>
      <line num="384" count="2" type="stmt"/>
      <line num="386" count="2" type="stmt"/>
      <line num="394" count="4" type="cond" truecount="2" falsecount="0"/>
      <line num="395" count="1" type="stmt"/>
      <line num="398" count="3" type="cond" truecount="2" falsecount="0"/>
      <line num="399" count="1" type="stmt"/>
      <line num="402" count="2" type="stmt"/>
      <line num="404" count="2" type="stmt"/>
      <line num="405" count="2" type="stmt"/>
      <line num="406" count="2" type="stmt"/>
      <line num="408" count="2" type="stmt"/>
      <line num="409" count="2" type="stmt"/>
      <line num="410" count="2" type="stmt"/>
      <line num="412" count="2" type="stmt"/>
      <line num="420" count="1" type="stmt"/>
      <line num="423" count="1" type="stmt"/>
      <line num="426" count="2" type="stmt"/>
      <line num="430" count="1" type="stmt"/>
      <line num="432" count="1" type="stmt"/>
      <line num="434" count="1" type="stmt"/>
      <line num="435" count="1" type="stmt"/>
      <line num="436" count="1" type="stmt"/>
      <line num="438" count="1" type="stmt"/>
      <line num="441" count="3" type="cond" truecount="2" falsecount="0"/>
      <line num="442" count="1" type="stmt"/>
      <line num="445" count="2" type="cond" truecount="2" falsecount="0"/>
      <line num="446" count="1" type="stmt"/>
      <line num="449" count="1" type="stmt"/>
      <line num="450" count="1" type="stmt"/>
      <line num="451" count="1" type="stmt"/>
      <line num="453" count="1" type="stmt"/>
      <line num="461" count="2" type="cond" truecount="2" falsecount="0"/>
      <line num="462" count="1" type="stmt"/>
      <line num="465" count="1" type="stmt"/>
      <line num="466" count="1" type="stmt"/>
      <line num="467" count="1" type="stmt"/>
      <line num="469" count="1" type="stmt"/>
      <line num="477" count="1" type="stmt"/>
      <line num="481" count="13" type="stmt"/>
      <line num="485" count="11" type="stmt"/>
      <line num="489" count="10" type="stmt"/>
      <line num="493" count="8" type="stmt"/>
      <line num="497" count="1" type="stmt"/>
      <line num="501" count="2" type="stmt"/>
      <line num="505" count="2" type="stmt"/>
      <line num="509" count="3" type="stmt"/>
      <line num="510" count="14" type="cond" truecount="3" falsecount="0"/>
      <line num="511" count="1" type="stmt"/>
      <line num="513" count="3" type="stmt"/>
      <line num="517" count="3" type="stmt"/>
      <line num="518" count="14" type="stmt"/>
      <line num="521" count="3" type="stmt"/>
      <line num="525" count="2" type="stmt"/>
      <line num="526" count="5" type="stmt"/>
      <line num="529" count="2" type="stmt"/>
      <line num="533" count="2" type="stmt"/>
      <line num="534" count="11" type="stmt"/>
      <line num="535" count="11" type="stmt"/>
      <line num="536" count="11" type="stmt"/>
      <line num="537" count="11" type="stmt"/>
      <line num="540" count="2" type="stmt"/>
      <line num="544" count="1" type="stmt"/>
      <line num="545" count="1" type="stmt"/>
      <line num="548" count="1" type="stmt"/>
      <line num="552" count="5" type="stmt"/>
    </file>
    <file name="vector4.js" path="E:\OpenSource\geometry\src\vector4.js">
      <metrics statements="170" coveredstatements="169" conditionals="8" coveredconditionals="8" methods="88" coveredmethods="87"/>
      <line num="9" count="8" type="stmt"/>
      <line num="13" count="1" type="stmt"/>
      <line num="17" count="1" type="stmt"/>
      <line num="21" count="1" type="stmt"/>
      <line num="25" count="1" type="stmt"/>
      <line num="29" count="1" type="stmt"/>
      <line num="33" count="1" type="stmt"/>
      <line num="36" count="155" type="stmt"/>
      <line num="38" count="155" type="stmt"/>
      <line num="40" count="155" type="stmt"/>
      <line num="42" count="155" type="stmt"/>
      <line num="45" count="0" type="stmt"/>
      <line num="48" count="8" type="stmt"/>
      <line num="49" count="2" type="stmt"/>
      <line num="52" count="1" type="stmt"/>
      <line num="53" count="1" type="stmt"/>
      <line num="54" count="1" type="stmt"/>
      <line num="55" count="1" type="stmt"/>
      <line num="58" count="146" type="stmt"/>
      <line num="59" count="146" type="stmt"/>
      <line num="60" count="146" type="stmt"/>
      <line num="61" count="146" type="stmt"/>
      <line num="64" count="1" type="stmt"/>
      <line num="65" count="1" type="stmt"/>
      <line num="66" count="1" type="stmt"/>
      <line num="67" count="1" type="stmt"/>
      <line num="70" count="2" type="stmt"/>
      <line num="71" count="2" type="stmt"/>
      <line num="72" count="2" type="stmt"/>
      <line num="73" count="2" type="stmt"/>
      <line num="76" count="2" type="stmt"/>
      <line num="80" count="155" type="stmt"/>
      <line num="82" count="13" type="stmt"/>
      <line num="83" count="1" type="stmt"/>
      <line num="86" count="13" type="stmt"/>
      <line num="87" count="1" type="stmt"/>
      <line num="90" count="13" type="stmt"/>
      <line num="91" count="1" type="stmt"/>
      <line num="94" count="13" type="stmt"/>
      <line num="95" count="4" type="stmt"/>
      <line num="99" count="155" type="stmt"/>
      <line num="103" count="69" type="stmt"/>
      <line num="104" count="69" type="stmt"/>
      <line num="105" count="69" type="stmt"/>
      <line num="106" count="69" type="stmt"/>
      <line num="110" count="1" type="stmt"/>
      <line num="111" count="2" type="stmt"/>
      <line num="119" count="1" type="stmt"/>
      <line num="123" count="1" type="stmt"/>
      <line num="124" count="1" type="stmt"/>
      <line num="132" count="1" type="stmt"/>
      <line num="136" count="1" type="stmt"/>
      <line num="137" count="1" type="stmt"/>
      <line num="145" count="1" type="stmt"/>
      <line num="149" count="1" type="stmt"/>
      <line num="150" count="1" type="stmt"/>
      <line num="158" count="1" type="stmt"/>
      <line num="162" count="1" type="stmt"/>
      <line num="163" count="1" type="stmt"/>
      <line num="164" count="1" type="stmt"/>
      <line num="165" count="1" type="stmt"/>
      <line num="166" count="1" type="stmt"/>
      <line num="168" count="1" type="stmt"/>
      <line num="171" count="1" type="stmt"/>
      <line num="175" count="1" type="stmt"/>
      <line num="176" count="1" type="stmt"/>
      <line num="177" count="1" type="stmt"/>
      <line num="178" count="1" type="stmt"/>
      <line num="179" count="1" type="stmt"/>
      <line num="181" count="1" type="stmt"/>
      <line num="184" count="1" type="stmt"/>
      <line num="188" count="1" type="stmt"/>
      <line num="190" count="2" type="stmt"/>
      <line num="191" count="2" type="stmt"/>
      <line num="199" count="1" type="stmt"/>
      <line num="207" count="1" type="stmt"/>
      <line num="211" count="1" type="stmt"/>
      <line num="212" count="1" type="stmt"/>
      <line num="213" count="1" type="stmt"/>
      <line num="214" count="1" type="stmt"/>
      <line num="217" count="1" type="stmt"/>
      <line num="221" count="1" type="stmt"/>
      <line num="222" count="1" type="stmt"/>
      <line num="230" count="1" type="stmt"/>
      <line num="234" count="1" type="stmt"/>
      <line num="235" count="1" type="stmt"/>
      <line num="243" count="1" type="stmt"/>
      <line num="247" count="1" type="stmt"/>
      <line num="248" count="1" type="stmt"/>
      <line num="256" count="1" type="stmt"/>
      <line num="260" count="1" type="stmt"/>
      <line num="261" count="1" type="stmt"/>
      <line num="269" count="1" type="stmt"/>
      <line num="273" count="1" type="stmt"/>
      <line num="275" count="2" type="stmt"/>
      <line num="283" count="1" type="stmt"/>
      <line num="291" count="1" type="stmt"/>
      <line num="295" count="1" type="stmt"/>
      <line num="296" count="2" type="stmt"/>
      <line num="299" count="1" type="stmt"/>
      <line num="303" count="1" type="stmt"/>
      <line num="304" count="1" type="stmt"/>
      <line num="305" count="1" type="stmt"/>
      <line num="306" count="1" type="stmt"/>
      <line num="309" count="1" type="stmt"/>
      <line num="313" count="1" type="stmt"/>
      <line num="314" count="1" type="stmt"/>
      <line num="322" count="1" type="stmt"/>
      <line num="326" count="1" type="stmt"/>
      <line num="327" count="2" type="stmt"/>
      <line num="335" count="1" type="stmt"/>
      <line num="339" count="2" type="stmt"/>
      <line num="341" count="1" type="stmt"/>
      <line num="343" count="1" type="stmt"/>
      <line num="351" count="1" type="stmt"/>
      <line num="352" count="1" type="stmt"/>
      <line num="353" count="1" type="stmt"/>
      <line num="354" count="1" type="stmt"/>
      <line num="356" count="1" type="stmt"/>
      <line num="364" count="1" type="stmt"/>
      <line num="366" count="1" type="stmt"/>
      <line num="374" count="4" type="stmt"/>
      <line num="375" count="4" type="stmt"/>
      <line num="376" count="4" type="stmt"/>
      <line num="377" count="4" type="stmt"/>
      <line num="378" count="4" type="stmt"/>
      <line num="379" count="4" type="stmt"/>
      <line num="381" count="4" type="stmt"/>
      <line num="389" count="6" type="stmt"/>
      <line num="391" count="6" type="stmt"/>
      <line num="399" count="3" type="stmt"/>
      <line num="400" count="3" type="stmt"/>
      <line num="401" count="3" type="stmt"/>
      <line num="404" count="5" type="cond" truecount="2" falsecount="0"/>
      <line num="405" count="1" type="stmt"/>
      <line num="408" count="4" type="cond" truecount="2" falsecount="0"/>
      <line num="409" count="1" type="stmt"/>
      <line num="412" count="3" type="stmt"/>
      <line num="413" count="6" type="stmt"/>
      <line num="417" count="1" type="stmt"/>
      <line num="420" count="1" type="stmt"/>
      <line num="423" count="2" type="stmt"/>
      <line num="427" count="1" type="stmt"/>
      <line num="431" count="1" type="stmt"/>
      <line num="435" count="1" type="stmt"/>
      <line num="439" count="1" type="stmt"/>
      <line num="443" count="1" type="stmt"/>
      <line num="447" count="2" type="stmt"/>
      <line num="451" count="2" type="stmt"/>
      <line num="455" count="1" type="stmt"/>
      <line num="456" count="11" type="cond" truecount="4" falsecount="0"/>
      <line num="457" count="1" type="stmt"/>
      <line num="459" count="1" type="stmt"/>
      <line num="463" count="1" type="stmt"/>
      <line num="464" count="1" type="stmt"/>
      <line num="467" count="1" type="stmt"/>
      <line num="471" count="1" type="stmt"/>
      <line num="472" count="1" type="stmt"/>
      <line num="475" count="1" type="stmt"/>
      <line num="479" count="1" type="stmt"/>
      <line num="481" count="1" type="stmt"/>
      <line num="482" count="1" type="stmt"/>
      <line num="483" count="1" type="stmt"/>
      <line num="484" count="1" type="stmt"/>
      <line num="485" count="1" type="stmt"/>
      <line num="488" count="1" type="stmt"/>
      <line num="492" count="1" type="stmt"/>
      <line num="494" count="1" type="stmt"/>
      <line num="497" count="1" type="stmt"/>
      <line num="501" count="2" type="stmt"/>
    </file>
  </project>
</coverage>
