{"E:\\OpenSource\\geometry\\src\\boundingBox.js": {"path":"E:\\OpenSource\\geometry\\src\\boundingBox.js","statementMap":{"0":{"start":{"line":11,"column":27},"end":{"line":11,"column":48}},"1":{"start":{"line":15,"column":8},"end":{"line":15,"column":17}},"2":{"start":{"line":19,"column":8},"end":{"line":19,"column":52}},"3":{"start":{"line":23,"column":8},"end":{"line":23,"column":52}},"4":{"start":{"line":26,"column":11},"end":{"line":26,"column":15}},"5":{"start":{"line":28,"column":11},"end":{"line":28,"column":15}},"6":{"start":{"line":31,"column":8},"end":{"line":31,"column":33}},"7":{"start":{"line":34,"column":34},"end":{"line":46,"column":5}},"8":{"start":{"line":35,"column":8},"end":{"line":43,"column":15}},"9":{"start":{"line":37,"column":16},"end":{"line":37,"column":41}},"10":{"start":{"line":38,"column":16},"end":{"line":38,"column":41}},"11":{"start":{"line":41,"column":16},"end":{"line":41,"column":31}},"12":{"start":{"line":42,"column":16},"end":{"line":42,"column":31}},"13":{"start":{"line":45,"column":8},"end":{"line":45,"column":67}},"14":{"start":{"line":49,"column":8},"end":{"line":58,"column":11}},"15":{"start":{"line":51,"column":27},"end":{"line":51,"column":36}},"16":{"start":{"line":52,"column":50},"end":{"line":52,"column":67}},"17":{"start":{"line":55,"column":27},"end":{"line":55,"column":36}},"18":{"start":{"line":56,"column":50},"end":{"line":56,"column":67}},"19":{"start":{"line":60,"column":8},"end":{"line":60,"column":67}},"20":{"start":{"line":64,"column":8},"end":{"line":64,"column":24}},"21":{"start":{"line":65,"column":8},"end":{"line":65,"column":24}},"22":{"start":{"line":69,"column":8},"end":{"line":90,"column":11}},"23":{"start":{"line":70,"column":24},"end":{"line":70,"column":28}},"24":{"start":{"line":71,"column":27},"end":{"line":71,"column":50}},"25":{"start":{"line":71,"column":61},"end":{"line":71,"column":84}},"26":{"start":{"line":72,"column":12},"end":{"line":83,"column":13}},"27":{"start":{"line":72,"column":25},"end":{"line":72,"column":26}},"28":{"start":{"line":73,"column":48},"end":{"line":73,"column":57}},"29":{"start":{"line":74,"column":16},"end":{"line":74,"column":59}},"30":{"start":{"line":75,"column":16},"end":{"line":75,"column":59}},"31":{"start":{"line":76,"column":16},"end":{"line":76,"column":59}},"32":{"start":{"line":78,"column":16},"end":{"line":78,"column":59}},"33":{"start":{"line":79,"column":16},"end":{"line":79,"column":59}},"34":{"start":{"line":80,"column":16},"end":{"line":80,"column":59}},"35":{"start":{"line":82,"column":16},"end":{"line":82,"column":30}},"36":{"start":{"line":85,"column":12},"end":{"line":87,"column":13}},"37":{"start":{"line":86,"column":16},"end":{"line":86,"column":63}},"38":{"start":{"line":89,"column":12},"end":{"line":89,"column":51}},"39":{"start":{"line":92,"column":8},"end":{"line":92,"column":64}},"40":{"start":{"line":96,"column":8},"end":{"line":102,"column":11}},"41":{"start":{"line":97,"column":27},"end":{"line":97,"column":53}},"42":{"start":{"line":98,"column":12},"end":{"line":101,"column":14}},"43":{"start":{"line":104,"column":8},"end":{"line":104,"column":64}},"44":{"start":{"line":108,"column":8},"end":{"line":125,"column":11}},"45":{"start":{"line":109,"column":25},"end":{"line":109,"column":38}},"46":{"start":{"line":109,"column":47},"end":{"line":109,"column":60}},"47":{"start":{"line":110,"column":25},"end":{"line":110,"column":40}},"48":{"start":{"line":110,"column":49},"end":{"line":110,"column":64}},"49":{"start":{"line":112,"column":28},"end":{"line":116,"column":13}},"50":{"start":{"line":118,"column":28},"end":{"line":122,"column":13}},"51":{"start":{"line":124,"column":12},"end":{"line":124,"column":53}},"52":{"start":{"line":127,"column":8},"end":{"line":127,"column":60}},"53":{"start":{"line":131,"column":8},"end":{"line":131,"column":38}},"54":{"start":{"line":135,"column":8},"end":{"line":135,"column":39}},"55":{"start":{"line":139,"column":8},"end":{"line":251,"column":15}},"56":{"start":{"line":141,"column":29},"end":{"line":141,"column":37}},"57":{"start":{"line":141,"column":46},"end":{"line":141,"column":54}},"58":{"start":{"line":142,"column":28},"end":{"line":142,"column":37}},"59":{"start":{"line":142,"column":45},"end":{"line":142,"column":54}},"60":{"start":{"line":144,"column":16},"end":{"line":151,"column":17}},"61":{"start":{"line":150,"column":20},"end":{"line":150,"column":52}},"62":{"start":{"line":154,"column":16},"end":{"line":161,"column":17}},"63":{"start":{"line":160,"column":20},"end":{"line":160,"column":52}},"64":{"start":{"line":163,"column":16},"end":{"line":163,"column":50}},"65":{"start":{"line":168,"column":32},"end":{"line":168,"column":52}},"66":{"start":{"line":170,"column":16},"end":{"line":175,"column":17}},"67":{"start":{"line":171,"column":20},"end":{"line":171,"column":58}},"68":{"start":{"line":172,"column":20},"end":{"line":174,"column":21}},"69":{"start":{"line":173,"column":24},"end":{"line":173,"column":30}},"70":{"start":{"line":177,"column":16},"end":{"line":177,"column":74}},"71":{"start":{"line":177,"column":42},"end":{"line":177,"column":74}},"72":{"start":{"line":178,"column":16},"end":{"line":178,"column":63}},"73":{"start":{"line":178,"column":29},"end":{"line":178,"column":63}},"74":{"start":{"line":180,"column":16},"end":{"line":180,"column":20}},"75":{"start":{"line":181,"column":16},"end":{"line":186,"column":17}},"76":{"start":{"line":182,"column":20},"end":{"line":182,"column":58}},"77":{"start":{"line":183,"column":20},"end":{"line":185,"column":21}},"78":{"start":{"line":184,"column":24},"end":{"line":184,"column":58}},"79":{"start":{"line":188,"column":16},"end":{"line":188,"column":48}},"80":{"start":{"line":191,"column":26},"end":{"line":191,"column":39}},"81":{"start":{"line":192,"column":37},"end":{"line":192,"column":50}},"82":{"start":{"line":193,"column":27},"end":{"line":193,"column":41}},"83":{"start":{"line":193,"column":48},"end":{"line":193,"column":62}},"84":{"start":{"line":193,"column":69},"end":{"line":193,"column":83}},"85":{"start":{"line":194,"column":29},"end":{"line":194,"column":40}},"86":{"start":{"line":194,"column":49},"end":{"line":194,"column":60}},"87":{"start":{"line":194,"column":69},"end":{"line":194,"column":80}},"88":{"start":{"line":195,"column":29},"end":{"line":195,"column":40}},"89":{"start":{"line":195,"column":49},"end":{"line":195,"column":60}},"90":{"start":{"line":195,"column":69},"end":{"line":195,"column":80}},"91":{"start":{"line":197,"column":16},"end":{"line":200,"column":17}},"92":{"start":{"line":199,"column":20},"end":{"line":199,"column":52}},"93":{"start":{"line":202,"column":27},"end":{"line":202,"column":28}},"94":{"start":{"line":203,"column":31},"end":{"line":207,"column":17}},"95":{"start":{"line":209,"column":16},"end":{"line":221,"column":17}},"96":{"start":{"line":210,"column":28},"end":{"line":210,"column":35}},"97":{"start":{"line":211,"column":20},"end":{"line":220,"column":21}},"98":{"start":{"line":212,"column":24},"end":{"line":212,"column":68}},"99":{"start":{"line":212,"column":36},"end":{"line":212,"column":68}},"100":{"start":{"line":213,"column":24},"end":{"line":213,"column":38}},"101":{"start":{"line":215,"column":24},"end":{"line":215,"column":36}},"102":{"start":{"line":216,"column":24},"end":{"line":219,"column":25}},"103":{"start":{"line":217,"column":28},"end":{"line":217,"column":71}},"104":{"start":{"line":217,"column":39},"end":{"line":217,"column":71}},"105":{"start":{"line":218,"column":28},"end":{"line":218,"column":42}},"106":{"start":{"line":223,"column":16},"end":{"line":223,"column":69}},"107":{"start":{"line":223,"column":35},"end":{"line":223,"column":69}},"108":{"start":{"line":225,"column":16},"end":{"line":225,"column":48}},"109":{"start":{"line":228,"column":27},"end":{"line":228,"column":34}},"110":{"start":{"line":228,"column":41},"end":{"line":228,"column":48}},"111":{"start":{"line":228,"column":55},"end":{"line":228,"column":62}},"112":{"start":{"line":229,"column":29},"end":{"line":229,"column":40}},"113":{"start":{"line":229,"column":49},"end":{"line":229,"column":60}},"114":{"start":{"line":229,"column":69},"end":{"line":229,"column":80}},"115":{"start":{"line":230,"column":29},"end":{"line":230,"column":40}},"116":{"start":{"line":230,"column":49},"end":{"line":230,"column":60}},"117":{"start":{"line":230,"column":69},"end":{"line":230,"column":80}},"118":{"start":{"line":232,"column":16},"end":{"line":239,"column":17}},"119":{"start":{"line":238,"column":20},"end":{"line":238,"column":52}},"120":{"start":{"line":241,"column":16},"end":{"line":248,"column":17}},"121":{"start":{"line":247,"column":20},"end":{"line":247,"column":54}},"122":{"start":{"line":250,"column":16},"end":{"line":250,"column":48}},"123":{"start":{"line":253,"column":8},"end":{"line":253,"column":66}},"124":{"start":{"line":257,"column":8},"end":{"line":259,"column":28}},"125":{"start":{"line":258,"column":12},"end":{"line":258,"column":76}},"126":{"start":{"line":259,"column":21},"end":{"line":259,"column":26}},"127":{"start":{"line":261,"column":8},"end":{"line":261,"column":64}},"128":{"start":{"line":265,"column":8},"end":{"line":304,"column":15}},"129":{"start":{"line":267,"column":29},"end":{"line":267,"column":40}},"130":{"start":{"line":267,"column":49},"end":{"line":267,"column":60}},"131":{"start":{"line":267,"column":69},"end":{"line":267,"column":80}},"132":{"start":{"line":268,"column":29},"end":{"line":268,"column":40}},"133":{"start":{"line":268,"column":49},"end":{"line":268,"column":60}},"134":{"start":{"line":268,"column":69},"end":{"line":268,"column":80}},"135":{"start":{"line":269,"column":16},"end":{"line":278,"column":19}},"136":{"start":{"line":281,"column":16},"end":{"line":283,"column":17}},"137":{"start":{"line":282,"column":20},"end":{"line":282,"column":80}},"138":{"start":{"line":285,"column":29},"end":{"line":285,"column":40}},"139":{"start":{"line":285,"column":49},"end":{"line":285,"column":60}},"140":{"start":{"line":285,"column":69},"end":{"line":285,"column":80}},"141":{"start":{"line":286,"column":29},"end":{"line":286,"column":40}},"142":{"start":{"line":286,"column":49},"end":{"line":286,"column":60}},"143":{"start":{"line":286,"column":69},"end":{"line":286,"column":80}},"144":{"start":{"line":288,"column":32},"end":{"line":297,"column":17}},"145":{"start":{"line":299,"column":16},"end":{"line":303,"column":17}},"146":{"start":{"line":299,"column":29},"end":{"line":299,"column":30}},"147":{"start":{"line":300,"column":20},"end":{"line":300,"column":48}},"148":{"start":{"line":301,"column":20},"end":{"line":301,"column":48}},"149":{"start":{"line":302,"column":20},"end":{"line":302,"column":48}},"150":{"start":{"line":306,"column":8},"end":{"line":306,"column":68}},"151":{"start":{"line":310,"column":8},"end":{"line":363,"column":15}},"152":{"start":{"line":312,"column":29},"end":{"line":312,"column":40}},"153":{"start":{"line":312,"column":49},"end":{"line":312,"column":60}},"154":{"start":{"line":312,"column":69},"end":{"line":312,"column":80}},"155":{"start":{"line":313,"column":29},"end":{"line":313,"column":40}},"156":{"start":{"line":313,"column":49},"end":{"line":313,"column":60}},"157":{"start":{"line":313,"column":69},"end":{"line":313,"column":80}},"158":{"start":{"line":314,"column":30},"end":{"line":314,"column":39}},"159":{"start":{"line":314,"column":49},"end":{"line":314,"column":58}},"160":{"start":{"line":314,"column":68},"end":{"line":314,"column":77}},"161":{"start":{"line":315,"column":30},"end":{"line":315,"column":39}},"162":{"start":{"line":315,"column":49},"end":{"line":315,"column":58}},"163":{"start":{"line":315,"column":68},"end":{"line":315,"column":77}},"164":{"start":{"line":316,"column":16},"end":{"line":319,"column":17}},"165":{"start":{"line":317,"column":20},"end":{"line":317,"column":71}},"166":{"start":{"line":317,"column":58},"end":{"line":317,"column":71}},"167":{"start":{"line":318,"column":20},"end":{"line":318,"column":62}},"168":{"start":{"line":320,"column":16},"end":{"line":320,"column":29}},"169":{"start":{"line":323,"column":16},"end":{"line":323,"column":48}},"170":{"start":{"line":326,"column":16},"end":{"line":326,"column":74}},"171":{"start":{"line":329,"column":39},"end":{"line":329,"column":52}},"172":{"start":{"line":330,"column":39},"end":{"line":330,"column":52}},"173":{"start":{"line":332,"column":36},"end":{"line":332,"column":48}},"174":{"start":{"line":333,"column":27},"end":{"line":333,"column":40}},"175":{"start":{"line":333,"column":47},"end":{"line":333,"column":60}},"176":{"start":{"line":333,"column":67},"end":{"line":333,"column":80}},"177":{"start":{"line":334,"column":27},"end":{"line":334,"column":34}},"178":{"start":{"line":336,"column":29},"end":{"line":336,"column":40}},"179":{"start":{"line":336,"column":49},"end":{"line":336,"column":60}},"180":{"start":{"line":336,"column":69},"end":{"line":336,"column":80}},"181":{"start":{"line":337,"column":29},"end":{"line":337,"column":40}},"182":{"start":{"line":337,"column":49},"end":{"line":337,"column":60}},"183":{"start":{"line":337,"column":69},"end":{"line":337,"column":80}},"184":{"start":{"line":339,"column":45},"end":{"line":347,"column":17}},"185":{"start":{"line":340,"column":20},"end":{"line":346,"column":21}},"186":{"start":{"line":341,"column":24},"end":{"line":341,"column":60}},"187":{"start":{"line":342,"column":24},"end":{"line":342,"column":60}},"188":{"start":{"line":344,"column":24},"end":{"line":344,"column":60}},"189":{"start":{"line":345,"column":24},"end":{"line":345,"column":60}},"190":{"start":{"line":349,"column":16},"end":{"line":349,"column":90}},"191":{"start":{"line":350,"column":16},"end":{"line":350,"column":90}},"192":{"start":{"line":351,"column":16},"end":{"line":351,"column":90}},"193":{"start":{"line":353,"column":31},"end":{"line":353,"column":105}},"194":{"start":{"line":354,"column":16},"end":{"line":354,"column":69}},"195":{"start":{"line":354,"column":34},"end":{"line":354,"column":69}},"196":{"start":{"line":356,"column":16},"end":{"line":356,"column":102}},"197":{"start":{"line":357,"column":16},"end":{"line":357,"column":68}},"198":{"start":{"line":357,"column":34},"end":{"line":357,"column":68}},"199":{"start":{"line":359,"column":16},"end":{"line":359,"column":58}},"200":{"start":{"line":362,"column":16},"end":{"line":362,"column":44}},"201":{"start":{"line":365,"column":8},"end":{"line":365,"column":68}},"202":{"start":{"line":369,"column":8},"end":{"line":371,"column":11}},"203":{"start":{"line":370,"column":12},"end":{"line":370,"column":40}},"204":{"start":{"line":373,"column":8},"end":{"line":373,"column":66}},"205":{"start":{"line":377,"column":8},"end":{"line":380,"column":10}}},"fnMap":{"0":{"name":"(anonymous_0)","decl":{"start":{"line":14,"column":4},"end":{"line":14,"column":5}},"loc":{"start":{"line":14,"column":29},"end":{"line":16,"column":5}},"line":14},"1":{"name":"(anonymous_1)","decl":{"start":{"line":30,"column":4},"end":{"line":30,"column":5}},"loc":{"start":{"line":30,"column":40},"end":{"line":32,"column":5}},"line":30},"2":{"name":"(anonymous_2)","decl":{"start":{"line":34,"column":34},"end":{"line":34,"column":35}},"loc":{"start":{"line":34,"column":55},"end":{"line":46,"column":5}},"line":34},"3":{"name":"(anonymous_3)","decl":{"start":{"line":36,"column":21},"end":{"line":36,"column":22}},"loc":{"start":{"line":36,"column":33},"end":{"line":39,"column":13}},"line":36},"4":{"name":"(anonymous_4)","decl":{"start":{"line":40,"column":37},"end":{"line":40,"column":38}},"loc":{"start":{"line":40,"column":57},"end":{"line":43,"column":13}},"line":40},"5":{"name":"(anonymous_5)","decl":{"start":{"line":48,"column":4},"end":{"line":48,"column":5}},"loc":{"start":{"line":48,"column":27},"end":{"line":61,"column":5}},"line":48},"6":{"name":"(anonymous_6)","decl":{"start":{"line":51,"column":21},"end":{"line":51,"column":22}},"loc":{"start":{"line":51,"column":27},"end":{"line":51,"column":36}},"line":51},"7":{"name":"(anonymous_7)","decl":{"start":{"line":52,"column":41},"end":{"line":52,"column":42}},"loc":{"start":{"line":52,"column":50},"end":{"line":52,"column":67}},"line":52},"8":{"name":"(anonymous_8)","decl":{"start":{"line":55,"column":21},"end":{"line":55,"column":22}},"loc":{"start":{"line":55,"column":27},"end":{"line":55,"column":36}},"line":55},"9":{"name":"(anonymous_9)","decl":{"start":{"line":56,"column":41},"end":{"line":56,"column":42}},"loc":{"start":{"line":56,"column":50},"end":{"line":56,"column":67}},"line":56},"10":{"name":"(anonymous_10)","decl":{"start":{"line":63,"column":4},"end":{"line":63,"column":5}},"loc":{"start":{"line":63,"column":25},"end":{"line":66,"column":5}},"line":63},"11":{"name":"(anonymous_11)","decl":{"start":{"line":68,"column":4},"end":{"line":68,"column":5}},"loc":{"start":{"line":68,"column":39},"end":{"line":93,"column":5}},"line":68},"12":{"name":"(anonymous_12)","decl":{"start":{"line":69,"column":67},"end":{"line":69,"column":68}},"loc":{"start":{"line":69,"column":85},"end":{"line":90,"column":9}},"line":69},"13":{"name":"(anonymous_13)","decl":{"start":{"line":95,"column":4},"end":{"line":95,"column":5}},"loc":{"start":{"line":95,"column":39},"end":{"line":105,"column":5}},"line":95},"14":{"name":"(anonymous_14)","decl":{"start":{"line":96,"column":66},"end":{"line":96,"column":67}},"loc":{"start":{"line":96,"column":84},"end":{"line":102,"column":9}},"line":96},"15":{"name":"(anonymous_15)","decl":{"start":{"line":107,"column":4},"end":{"line":107,"column":5}},"loc":{"start":{"line":107,"column":35},"end":{"line":128,"column":5}},"line":107},"16":{"name":"(anonymous_16)","decl":{"start":{"line":108,"column":72},"end":{"line":108,"column":73}},"loc":{"start":{"line":108,"column":104},"end":{"line":125,"column":9}},"line":108},"17":{"name":"(anonymous_17)","decl":{"start":{"line":130,"column":4},"end":{"line":130,"column":5}},"loc":{"start":{"line":130,"column":22},"end":{"line":132,"column":5}},"line":130},"18":{"name":"(anonymous_18)","decl":{"start":{"line":134,"column":4},"end":{"line":134,"column":5}},"loc":{"start":{"line":134,"column":22},"end":{"line":136,"column":5}},"line":134},"19":{"name":"(anonymous_19)","decl":{"start":{"line":138,"column":4},"end":{"line":138,"column":5}},"loc":{"start":{"line":138,"column":24},"end":{"line":254,"column":5}},"line":138},"20":{"name":"(anonymous_20)","decl":{"start":{"line":140,"column":32},"end":{"line":140,"column":33}},"loc":{"start":{"line":140,"column":47},"end":{"line":164,"column":13}},"line":140},"21":{"name":"(anonymous_21)","decl":{"start":{"line":165,"column":36},"end":{"line":165,"column":37}},"loc":{"start":{"line":165,"column":55},"end":{"line":189,"column":13}},"line":165},"22":{"name":"(anonymous_22)","decl":{"start":{"line":190,"column":35},"end":{"line":190,"column":36}},"loc":{"start":{"line":190,"column":53},"end":{"line":226,"column":13}},"line":190},"23":{"name":"(anonymous_23)","decl":{"start":{"line":227,"column":28},"end":{"line":227,"column":29}},"loc":{"start":{"line":227,"column":45},"end":{"line":251,"column":13}},"line":227},"24":{"name":"(anonymous_24)","decl":{"start":{"line":256,"column":4},"end":{"line":256,"column":5}},"loc":{"start":{"line":256,"column":22},"end":{"line":262,"column":5}},"line":256},"25":{"name":"(anonymous_25)","decl":{"start":{"line":257,"column":63},"end":{"line":257,"column":64}},"loc":{"start":{"line":257,"column":78},"end":{"line":259,"column":9}},"line":257},"26":{"name":"(anonymous_26)","decl":{"start":{"line":259,"column":15},"end":{"line":259,"column":16}},"loc":{"start":{"line":259,"column":21},"end":{"line":259,"column":26}},"line":259},"27":{"name":"(anonymous_27)","decl":{"start":{"line":264,"column":4},"end":{"line":264,"column":5}},"loc":{"start":{"line":264,"column":26},"end":{"line":307,"column":5}},"line":264},"28":{"name":"(anonymous_28)","decl":{"start":{"line":266,"column":21},"end":{"line":266,"column":22}},"loc":{"start":{"line":266,"column":33},"end":{"line":279,"column":13}},"line":266},"29":{"name":"(anonymous_29)","decl":{"start":{"line":280,"column":36},"end":{"line":280,"column":37}},"loc":{"start":{"line":280,"column":55},"end":{"line":304,"column":13}},"line":280},"30":{"name":"(anonymous_30)","decl":{"start":{"line":309,"column":4},"end":{"line":309,"column":5}},"loc":{"start":{"line":309,"column":26},"end":{"line":366,"column":5}},"line":309},"31":{"name":"(anonymous_31)","decl":{"start":{"line":311,"column":32},"end":{"line":311,"column":33}},"loc":{"start":{"line":311,"column":47},"end":{"line":321,"column":13}},"line":311},"32":{"name":"(anonymous_32)","decl":{"start":{"line":322,"column":36},"end":{"line":322,"column":37}},"loc":{"start":{"line":322,"column":55},"end":{"line":324,"column":13}},"line":322},"33":{"name":"(anonymous_33)","decl":{"start":{"line":325,"column":35},"end":{"line":325,"column":36}},"loc":{"start":{"line":325,"column":53},"end":{"line":327,"column":13}},"line":325},"34":{"name":"(anonymous_34)","decl":{"start":{"line":328,"column":26},"end":{"line":328,"column":27}},"loc":{"start":{"line":328,"column":43},"end":{"line":360,"column":13}},"line":328},"35":{"name":"(anonymous_35)","decl":{"start":{"line":339,"column":45},"end":{"line":339,"column":46}},"loc":{"start":{"line":339,"column":137},"end":{"line":347,"column":17}},"line":339},"36":{"name":"(anonymous_36)","decl":{"start":{"line":361,"column":24},"end":{"line":361,"column":25}},"loc":{"start":{"line":361,"column":39},"end":{"line":363,"column":13}},"line":361},"37":{"name":"(anonymous_37)","decl":{"start":{"line":368,"column":4},"end":{"line":368,"column":5}},"loc":{"start":{"line":368,"column":24},"end":{"line":374,"column":5}},"line":368},"38":{"name":"(anonymous_38)","decl":{"start":{"line":369,"column":54},"end":{"line":369,"column":55}},"loc":{"start":{"line":369,"column":66},"end":{"line":371,"column":9}},"line":369},"39":{"name":"(anonymous_39)","decl":{"start":{"line":376,"column":4},"end":{"line":376,"column":5}},"loc":{"start":{"line":376,"column":13},"end":{"line":381,"column":5}},"line":376}},"branchMap":{"0":{"loc":{"start":{"line":74,"column":27},"end":{"line":74,"column":58}},"type":"cond-expr","locations":[{"start":{"line":74,"column":45},"end":{"line":74,"column":53}},{"start":{"line":74,"column":56},"end":{"line":74,"column":58}}],"line":74},"1":{"loc":{"start":{"line":75,"column":27},"end":{"line":75,"column":58}},"type":"cond-expr","locations":[{"start":{"line":75,"column":45},"end":{"line":75,"column":53}},{"start":{"line":75,"column":56},"end":{"line":75,"column":58}}],"line":75},"2":{"loc":{"start":{"line":76,"column":27},"end":{"line":76,"column":58}},"type":"cond-expr","locations":[{"start":{"line":76,"column":45},"end":{"line":76,"column":53}},{"start":{"line":76,"column":56},"end":{"line":76,"column":58}}],"line":76},"3":{"loc":{"start":{"line":78,"column":27},"end":{"line":78,"column":58}},"type":"cond-expr","locations":[{"start":{"line":78,"column":45},"end":{"line":78,"column":53}},{"start":{"line":78,"column":56},"end":{"line":78,"column":58}}],"line":78},"4":{"loc":{"start":{"line":79,"column":27},"end":{"line":79,"column":58}},"type":"cond-expr","locations":[{"start":{"line":79,"column":45},"end":{"line":79,"column":53}},{"start":{"line":79,"column":56},"end":{"line":79,"column":58}}],"line":79},"5":{"loc":{"start":{"line":80,"column":27},"end":{"line":80,"column":58}},"type":"cond-expr","locations":[{"start":{"line":80,"column":45},"end":{"line":80,"column":53}},{"start":{"line":80,"column":56},"end":{"line":80,"column":58}}],"line":80},"6":{"loc":{"start":{"line":85,"column":12},"end":{"line":87,"column":13}},"type":"if","locations":[{"start":{"line":85,"column":12},"end":{"line":87,"column":13}},{"start":{},"end":{}}],"line":85},"7":{"loc":{"start":{"line":144,"column":16},"end":{"line":151,"column":17}},"type":"if","locations":[{"start":{"line":144,"column":16},"end":{"line":151,"column":17}},{"start":{},"end":{}}],"line":144},"8":{"loc":{"start":{"line":144,"column":20},"end":{"line":149,"column":34}},"type":"binary-expr","locations":[{"start":{"line":144,"column":20},"end":{"line":144,"column":34}},{"start":{"line":145,"column":20},"end":{"line":145,"column":34}},{"start":{"line":146,"column":20},"end":{"line":146,"column":34}},{"start":{"line":147,"column":20},"end":{"line":147,"column":34}},{"start":{"line":148,"column":20},"end":{"line":148,"column":34}},{"start":{"line":149,"column":20},"end":{"line":149,"column":34}}],"line":144},"9":{"loc":{"start":{"line":154,"column":16},"end":{"line":161,"column":17}},"type":"if","locations":[{"start":{"line":154,"column":16},"end":{"line":161,"column":17}},{"start":{},"end":{}}],"line":154},"10":{"loc":{"start":{"line":154,"column":20},"end":{"line":159,"column":35}},"type":"binary-expr","locations":[{"start":{"line":154,"column":20},"end":{"line":154,"column":35}},{"start":{"line":155,"column":20},"end":{"line":155,"column":35}},{"start":{"line":156,"column":20},"end":{"line":156,"column":35}},{"start":{"line":157,"column":20},"end":{"line":157,"column":35}},{"start":{"line":158,"column":20},"end":{"line":158,"column":35}},{"start":{"line":159,"column":20},"end":{"line":159,"column":35}}],"line":154},"11":{"loc":{"start":{"line":172,"column":20},"end":{"line":174,"column":21}},"type":"if","locations":[{"start":{"line":172,"column":20},"end":{"line":174,"column":21}},{"start":{},"end":{}}],"line":172},"12":{"loc":{"start":{"line":177,"column":16},"end":{"line":177,"column":74}},"type":"if","locations":[{"start":{"line":177,"column":16},"end":{"line":177,"column":74}},{"start":{},"end":{}}],"line":177},"13":{"loc":{"start":{"line":178,"column":16},"end":{"line":178,"column":63}},"type":"if","locations":[{"start":{"line":178,"column":16},"end":{"line":178,"column":63}},{"start":{},"end":{}}],"line":178},"14":{"loc":{"start":{"line":183,"column":20},"end":{"line":185,"column":21}},"type":"if","locations":[{"start":{"line":183,"column":20},"end":{"line":185,"column":21}},{"start":{},"end":{}}],"line":183},"15":{"loc":{"start":{"line":197,"column":16},"end":{"line":200,"column":17}},"type":"if","locations":[{"start":{"line":197,"column":16},"end":{"line":200,"column":17}},{"start":{},"end":{}}],"line":197},"16":{"loc":{"start":{"line":197,"column":20},"end":{"line":198,"column":70}},"type":"binary-expr","locations":[{"start":{"line":197,"column":20},"end":{"line":197,"column":34}},{"start":{"line":197,"column":38},"end":{"line":197,"column":52}},{"start":{"line":197,"column":56},"end":{"line":197,"column":70}},{"start":{"line":198,"column":20},"end":{"line":198,"column":34}},{"start":{"line":198,"column":38},"end":{"line":198,"column":52}},{"start":{"line":198,"column":56},"end":{"line":198,"column":70}}],"line":197},"17":{"loc":{"start":{"line":211,"column":20},"end":{"line":220,"column":21}},"type":"if","locations":[{"start":{"line":211,"column":20},"end":{"line":220,"column":21}},{"start":{"line":214,"column":27},"end":{"line":220,"column":21}}],"line":211},"18":{"loc":{"start":{"line":212,"column":24},"end":{"line":212,"column":68}},"type":"if","locations":[{"start":{"line":212,"column":24},"end":{"line":212,"column":68}},{"start":{},"end":{}}],"line":212},"19":{"loc":{"start":{"line":216,"column":24},"end":{"line":219,"column":25}},"type":"if","locations":[{"start":{"line":216,"column":24},"end":{"line":219,"column":25}},{"start":{},"end":{}}],"line":216},"20":{"loc":{"start":{"line":217,"column":28},"end":{"line":217,"column":71}},"type":"if","locations":[{"start":{"line":217,"column":28},"end":{"line":217,"column":71}},{"start":{},"end":{}}],"line":217},"21":{"loc":{"start":{"line":223,"column":16},"end":{"line":223,"column":69}},"type":"if","locations":[{"start":{"line":223,"column":16},"end":{"line":223,"column":69}},{"start":{},"end":{}}],"line":223},"22":{"loc":{"start":{"line":232,"column":16},"end":{"line":239,"column":17}},"type":"if","locations":[{"start":{"line":232,"column":16},"end":{"line":239,"column":17}},{"start":{},"end":{}}],"line":232},"23":{"loc":{"start":{"line":232,"column":20},"end":{"line":237,"column":29}},"type":"binary-expr","locations":[{"start":{"line":232,"column":20},"end":{"line":232,"column":29}},{"start":{"line":233,"column":20},"end":{"line":233,"column":29}},{"start":{"line":234,"column":20},"end":{"line":234,"column":29}},{"start":{"line":235,"column":20},"end":{"line":235,"column":29}},{"start":{"line":236,"column":20},"end":{"line":236,"column":29}},{"start":{"line":237,"column":20},"end":{"line":237,"column":29}}],"line":232},"24":{"loc":{"start":{"line":241,"column":16},"end":{"line":248,"column":17}},"type":"if","locations":[{"start":{"line":241,"column":16},"end":{"line":248,"column":17}},{"start":{},"end":{}}],"line":241},"25":{"loc":{"start":{"line":241,"column":20},"end":{"line":246,"column":30}},"type":"binary-expr","locations":[{"start":{"line":241,"column":20},"end":{"line":241,"column":30}},{"start":{"line":242,"column":20},"end":{"line":242,"column":30}},{"start":{"line":243,"column":20},"end":{"line":243,"column":30}},{"start":{"line":244,"column":20},"end":{"line":244,"column":30}},{"start":{"line":245,"column":20},"end":{"line":245,"column":30}},{"start":{"line":246,"column":20},"end":{"line":246,"column":30}}],"line":241},"26":{"loc":{"start":{"line":258,"column":19},"end":{"line":258,"column":75}},"type":"binary-expr","locations":[{"start":{"line":258,"column":19},"end":{"line":258,"column":45}},{"start":{"line":258,"column":49},"end":{"line":258,"column":75}}],"line":258},"27":{"loc":{"start":{"line":281,"column":16},"end":{"line":283,"column":17}},"type":"if","locations":[{"start":{"line":281,"column":16},"end":{"line":283,"column":17}},{"start":{},"end":{}}],"line":281},"28":{"loc":{"start":{"line":316,"column":16},"end":{"line":319,"column":17}},"type":"if","locations":[{"start":{"line":316,"column":16},"end":{"line":319,"column":17}},{"start":{},"end":{}}],"line":316},"29":{"loc":{"start":{"line":316,"column":20},"end":{"line":316,"column":54}},"type":"binary-expr","locations":[{"start":{"line":316,"column":21},"end":{"line":316,"column":34}},{"start":{"line":316,"column":40},"end":{"line":316,"column":53}}],"line":316},"30":{"loc":{"start":{"line":317,"column":20},"end":{"line":317,"column":71}},"type":"if","locations":[{"start":{"line":317,"column":20},"end":{"line":317,"column":71}},{"start":{},"end":{}}],"line":317},"31":{"loc":{"start":{"line":317,"column":24},"end":{"line":317,"column":56}},"type":"binary-expr","locations":[{"start":{"line":317,"column":25},"end":{"line":317,"column":37}},{"start":{"line":317,"column":43},"end":{"line":317,"column":55}}],"line":317},"32":{"loc":{"start":{"line":318,"column":27},"end":{"line":318,"column":61}},"type":"binary-expr","locations":[{"start":{"line":318,"column":28},"end":{"line":318,"column":41}},{"start":{"line":318,"column":47},"end":{"line":318,"column":60}}],"line":318},"33":{"loc":{"start":{"line":340,"column":20},"end":{"line":346,"column":21}},"type":"if","locations":[{"start":{"line":340,"column":20},"end":{"line":346,"column":21}},{"start":{"line":343,"column":27},"end":{"line":346,"column":21}}],"line":340},"34":{"loc":{"start":{"line":354,"column":16},"end":{"line":354,"column":69}},"type":"if","locations":[{"start":{"line":354,"column":16},"end":{"line":354,"column":69}},{"start":{},"end":{}}],"line":354},"35":{"loc":{"start":{"line":357,"column":16},"end":{"line":357,"column":68}},"type":"if","locations":[{"start":{"line":357,"column":16},"end":{"line":357,"column":68}},{"start":{},"end":{}}],"line":357}},"s":{"0":8,"1":1,"2":1,"3":1,"4":15,"5":15,"6":0,"7":8,"8":3,"9":3,"10":3,"11":12,"12":12,"13":3,"14":15,"15":94,"16":14,"17":94,"18":14,"19":15,"20":1,"21":1,"22":1,"23":1,"24":1,"25":1,"26":1,"27":1,"28":3,"29":3,"30":3,"31":3,"32":3,"33":3,"34":3,"35":3,"36":1,"37":0,"38":1,"39":1,"40":1,"41":1,"42":1,"43":1,"44":1,"45":1,"46":1,"47":1,"48":1,"49":1,"50":1,"51":1,"52":1,"53":0,"54":0,"55":1,"56":3,"57":3,"58":3,"59":3,"60":3,"61":1,"62":2,"63":1,"64":1,"65":1,"66":1,"67":1,"68":1,"69":1,"70":1,"71":0,"72":1,"73":0,"74":1,"75":1,"76":1,"77":1,"78":1,"79":0,"80":3,"81":3,"82":3,"83":3,"84":3,"85":3,"86":3,"87":3,"88":3,"89":3,"90":3,"91":3,"92":1,"93":2,"94":2,"95":2,"96":5,"97":5,"98":2,"99":1,"100":1,"101":3,"102":3,"103":0,"104":0,"105":0,"106":1,"107":1,"108":0,"109":4,"110":4,"111":4,"112":4,"113":4,"114":4,"115":4,"116":4,"117":4,"118":4,"119":2,"120":2,"121":1,"122":1,"123":1,"124":0,"125":0,"126":0,"127":0,"128":0,"129":0,"130":0,"131":0,"132":0,"133":0,"134":0,"135":0,"136":0,"137":0,"138":0,"139":0,"140":0,"141":0,"142":0,"143":0,"144":0,"145":0,"146":0,"147":0,"148":0,"149":0,"150":0,"151":1,"152":0,"153":0,"154":0,"155":0,"156":0,"157":0,"158":0,"159":0,"160":0,"161":0,"162":0,"163":0,"164":0,"165":0,"166":0,"167":0,"168":0,"169":0,"170":0,"171":1,"172":1,"173":1,"174":1,"175":1,"176":1,"177":1,"178":1,"179":1,"180":1,"181":1,"182":1,"183":1,"184":1,"185":3,"186":3,"187":3,"188":0,"189":0,"190":1,"191":1,"192":1,"193":1,"194":1,"195":1,"196":0,"197":0,"198":0,"199":0,"200":0,"201":1,"202":0,"203":0,"204":0,"205":0},"f":{"0":1,"1":0,"2":3,"3":3,"4":12,"5":15,"6":94,"7":14,"8":94,"9":14,"10":1,"11":1,"12":1,"13":1,"14":1,"15":1,"16":1,"17":0,"18":0,"19":1,"20":3,"21":1,"22":3,"23":4,"24":0,"25":0,"26":0,"27":0,"28":0,"29":0,"30":1,"31":0,"32":0,"33":0,"34":1,"35":3,"36":0,"37":0,"38":0,"39":0},"b":{"0":[2,1],"1":[2,1],"2":[2,1],"3":[0,3],"4":[0,3],"5":[0,3],"6":[0,1],"7":[1,2],"8":[3,3,3,2,2,2],"9":[1,1],"10":[2,2,2,2,1,1],"11":[1,0],"12":[0,1],"13":[0,1],"14":[1,0],"15":[1,2],"16":[3,1,1,1,1,1],"17":[2,3],"18":[1,1],"19":[0,3],"20":[0,0],"21":[1,0],"22":[2,2],"23":[4,2,2,2,2,2],"24":[1,1],"25":[2,2,2,2,2,1],"26":[0,0],"27":[0,0],"28":[0,0],"29":[0,0],"30":[0,0],"31":[0,0],"32":[0,0],"33":[3,0],"34":[1,0],"35":[0,0]},"inputSourceMap":null,"_coverageSchema":"1a1c01bbd47fc00a2c39e90264f33305004495a9","hash":"30918a99436128bc3172fd369eabfc84f08f75ce"}
,"E:\\OpenSource\\geometry\\src\\boundingFrustum.js": {"path":"E:\\OpenSource\\geometry\\src\\boundingFrustum.js","statementMap":{"0":{"start":{"line":12,"column":27},"end":{"line":12,"column":48}},"1":{"start":{"line":16,"column":8},"end":{"line":16,"column":17}},"2":{"start":{"line":20,"column":8},"end":{"line":20,"column":17}},"3":{"start":{"line":23,"column":14},"end":{"line":23,"column":18}},"4":{"start":{"line":25,"column":15},"end":{"line":25,"column":19}},"5":{"start":{"line":27,"column":14},"end":{"line":27,"column":18}},"6":{"start":{"line":30,"column":8},"end":{"line":30,"column":31}},"7":{"start":{"line":34,"column":8},"end":{"line":34,"column":31}},"8":{"start":{"line":38,"column":8},"end":{"line":38,"column":31}},"9":{"start":{"line":42,"column":8},"end":{"line":42,"column":31}},"10":{"start":{"line":46,"column":8},"end":{"line":46,"column":31}},"11":{"start":{"line":50,"column":8},"end":{"line":50,"column":31}},"12":{"start":{"line":53,"column":34},"end":{"line":59,"column":5}},"13":{"start":{"line":54,"column":8},"end":{"line":56,"column":11}},"14":{"start":{"line":55,"column":12},"end":{"line":55,"column":32}},"15":{"start":{"line":58,"column":8},"end":{"line":58,"column":71}},"16":{"start":{"line":62,"column":8},"end":{"line":72,"column":11}},"17":{"start":{"line":64,"column":27},"end":{"line":64,"column":39}},"18":{"start":{"line":66,"column":20},"end":{"line":66,"column":41}},"19":{"start":{"line":68,"column":20},"end":{"line":68,"column":41}},"20":{"start":{"line":69,"column":20},"end":{"line":69,"column":42}},"21":{"start":{"line":74,"column":8},"end":{"line":74,"column":71}},"22":{"start":{"line":78,"column":8},"end":{"line":78,"column":27}},"23":{"start":{"line":82,"column":8},"end":{"line":82,"column":42}},"24":{"start":{"line":84,"column":18},"end":{"line":84,"column":30}},"25":{"start":{"line":85,"column":18},"end":{"line":85,"column":31}},"26":{"start":{"line":86,"column":8},"end":{"line":95,"column":11}},"27":{"start":{"line":99,"column":8},"end":{"line":99,"column":39}},"28":{"start":{"line":101,"column":18},"end":{"line":101,"column":30}},"29":{"start":{"line":102,"column":18},"end":{"line":102,"column":30}},"30":{"start":{"line":104,"column":20},"end":{"line":104,"column":25}},"31":{"start":{"line":104,"column":33},"end":{"line":104,"column":38}},"32":{"start":{"line":104,"column":46},"end":{"line":104,"column":51}},"33":{"start":{"line":104,"column":59},"end":{"line":104,"column":64}},"34":{"start":{"line":105,"column":20},"end":{"line":105,"column":25}},"35":{"start":{"line":105,"column":33},"end":{"line":105,"column":38}},"36":{"start":{"line":105,"column":46},"end":{"line":105,"column":51}},"37":{"start":{"line":105,"column":59},"end":{"line":105,"column":64}},"38":{"start":{"line":106,"column":20},"end":{"line":106,"column":25}},"39":{"start":{"line":106,"column":33},"end":{"line":106,"column":38}},"40":{"start":{"line":106,"column":46},"end":{"line":106,"column":51}},"41":{"start":{"line":106,"column":59},"end":{"line":106,"column":64}},"42":{"start":{"line":107,"column":20},"end":{"line":107,"column":25}},"43":{"start":{"line":107,"column":33},"end":{"line":107,"column":38}},"44":{"start":{"line":107,"column":46},"end":{"line":107,"column":51}},"45":{"start":{"line":107,"column":59},"end":{"line":107,"column":64}},"46":{"start":{"line":109,"column":8},"end":{"line":116,"column":11}},"47":{"start":{"line":118,"column":8},"end":{"line":118,"column":35}},"48":{"start":{"line":119,"column":8},"end":{"line":119,"column":35}},"49":{"start":{"line":120,"column":8},"end":{"line":120,"column":35}},"50":{"start":{"line":121,"column":8},"end":{"line":121,"column":35}},"51":{"start":{"line":122,"column":8},"end":{"line":122,"column":35}},"52":{"start":{"line":123,"column":8},"end":{"line":123,"column":35}},"53":{"start":{"line":128,"column":20},"end":{"line":128,"column":53}},"54":{"start":{"line":130,"column":16},"end":{"line":130,"column":44}},"55":{"start":{"line":131,"column":8},"end":{"line":131,"column":18}},"56":{"start":{"line":133,"column":8},"end":{"line":133,"column":50}},"57":{"start":{"line":134,"column":8},"end":{"line":134,"column":42}},"58":{"start":{"line":136,"column":8},"end":{"line":136,"column":50}},"59":{"start":{"line":137,"column":8},"end":{"line":137,"column":42}},"60":{"start":{"line":139,"column":8},"end":{"line":139,"column":50}},"61":{"start":{"line":140,"column":8},"end":{"line":140,"column":42}},"62":{"start":{"line":142,"column":18},"end":{"line":142,"column":42}},"63":{"start":{"line":143,"column":18},"end":{"line":143,"column":42}},"64":{"start":{"line":144,"column":18},"end":{"line":144,"column":42}},"65":{"start":{"line":145,"column":8},"end":{"line":145,"column":36}},"66":{"start":{"line":149,"column":28},"end":{"line":149,"column":36}},"67":{"start":{"line":150,"column":23},"end":{"line":150,"column":47}},"68":{"start":{"line":151,"column":8},"end":{"line":151,"column":32}},"69":{"start":{"line":152,"column":8},"end":{"line":152,"column":32}},"70":{"start":{"line":153,"column":8},"end":{"line":153,"column":32}},"71":{"start":{"line":154,"column":8},"end":{"line":154,"column":22}},"72":{"start":{"line":158,"column":8},"end":{"line":158,"column":38}},"73":{"start":{"line":162,"column":8},"end":{"line":162,"column":39}},"74":{"start":{"line":166,"column":8},"end":{"line":223,"column":15}},"75":{"start":{"line":168,"column":33},"end":{"line":168,"column":38}},"76":{"start":{"line":169,"column":33},"end":{"line":169,"column":60}},"77":{"start":{"line":170,"column":16},"end":{"line":179,"column":17}},"78":{"start":{"line":170,"column":29},"end":{"line":170,"column":30}},"79":{"start":{"line":171,"column":48},"end":{"line":171,"column":79}},"80":{"start":{"line":172,"column":20},"end":{"line":178,"column":21}},"81":{"start":{"line":174,"column":28},"end":{"line":174,"column":60}},"82":{"start":{"line":176,"column":28},"end":{"line":176,"column":46}},"83":{"start":{"line":177,"column":28},"end":{"line":177,"column":34}},"84":{"start":{"line":180,"column":16},"end":{"line":180,"column":90}},"85":{"start":{"line":183,"column":16},"end":{"line":183,"column":70}},"86":{"start":{"line":183,"column":38},"end":{"line":183,"column":70}},"87":{"start":{"line":185,"column":33},"end":{"line":185,"column":38}},"88":{"start":{"line":186,"column":35},"end":{"line":186,"column":62}},"89":{"start":{"line":187,"column":16},"end":{"line":196,"column":17}},"90":{"start":{"line":187,"column":29},"end":{"line":187,"column":30}},"91":{"start":{"line":188,"column":48},"end":{"line":188,"column":83}},"92":{"start":{"line":189,"column":20},"end":{"line":195,"column":21}},"93":{"start":{"line":191,"column":28},"end":{"line":191,"column":60}},"94":{"start":{"line":193,"column":28},"end":{"line":193,"column":46}},"95":{"start":{"line":194,"column":28},"end":{"line":194,"column":34}},"96":{"start":{"line":197,"column":16},"end":{"line":197,"column":90}},"97":{"start":{"line":200,"column":33},"end":{"line":200,"column":38}},"98":{"start":{"line":201,"column":35},"end":{"line":201,"column":62}},"99":{"start":{"line":202,"column":16},"end":{"line":211,"column":17}},"100":{"start":{"line":202,"column":29},"end":{"line":202,"column":30}},"101":{"start":{"line":203,"column":48},"end":{"line":203,"column":82}},"102":{"start":{"line":204,"column":20},"end":{"line":210,"column":21}},"103":{"start":{"line":206,"column":28},"end":{"line":206,"column":60}},"104":{"start":{"line":208,"column":28},"end":{"line":208,"column":46}},"105":{"start":{"line":209,"column":28},"end":{"line":209,"column":34}},"106":{"start":{"line":212,"column":16},"end":{"line":212,"column":90}},"107":{"start":{"line":215,"column":35},"end":{"line":215,"column":62}},"108":{"start":{"line":216,"column":16},"end":{"line":221,"column":17}},"109":{"start":{"line":216,"column":29},"end":{"line":216,"column":30}},"110":{"start":{"line":217,"column":32},"end":{"line":217,"column":47}},"111":{"start":{"line":218,"column":20},"end":{"line":220,"column":21}},"112":{"start":{"line":219,"column":24},"end":{"line":219,"column":56}},"113":{"start":{"line":222,"column":16},"end":{"line":222,"column":48}},"114":{"start":{"line":225,"column":8},"end":{"line":225,"column":70}},"115":{"start":{"line":229,"column":8},"end":{"line":231,"column":28}},"116":{"start":{"line":230,"column":12},"end":{"line":230,"column":54}},"117":{"start":{"line":231,"column":21},"end":{"line":231,"column":26}},"118":{"start":{"line":233,"column":8},"end":{"line":233,"column":68}},"119":{"start":{"line":237,"column":8},"end":{"line":261,"column":15}},"120":{"start":{"line":239,"column":32},"end":{"line":239,"column":49}},"121":{"start":{"line":240,"column":32},"end":{"line":240,"column":45}},"122":{"start":{"line":241,"column":16},"end":{"line":247,"column":17}},"123":{"start":{"line":241,"column":29},"end":{"line":241,"column":30}},"124":{"start":{"line":242,"column":20},"end":{"line":246,"column":23}},"125":{"start":{"line":248,"column":16},"end":{"line":248,"column":31}},"126":{"start":{"line":251,"column":16},"end":{"line":253,"column":17}},"127":{"start":{"line":252,"column":20},"end":{"line":252,"column":101}},"128":{"start":{"line":255,"column":33},"end":{"line":255,"column":46}},"129":{"start":{"line":256,"column":16},"end":{"line":260,"column":17}},"130":{"start":{"line":256,"column":29},"end":{"line":256,"column":30}},"131":{"start":{"line":257,"column":20},"end":{"line":257,"column":49}},"132":{"start":{"line":258,"column":20},"end":{"line":258,"column":49}},"133":{"start":{"line":259,"column":20},"end":{"line":259,"column":49}},"134":{"start":{"line":263,"column":8},"end":{"line":263,"column":72}},"135":{"start":{"line":267,"column":8},"end":{"line":294,"column":15}},"136":{"start":{"line":269,"column":16},"end":{"line":269,"column":71}},"137":{"start":{"line":272,"column":16},"end":{"line":272,"column":75}},"138":{"start":{"line":275,"column":16},"end":{"line":275,"column":74}},"139":{"start":{"line":278,"column":32},"end":{"line":278,"column":45}},"140":{"start":{"line":279,"column":29},"end":{"line":279,"column":57}},"141":{"start":{"line":280,"column":16},"end":{"line":284,"column":17}},"142":{"start":{"line":280,"column":29},"end":{"line":280,"column":30}},"143":{"start":{"line":281,"column":20},"end":{"line":283,"column":21}},"144":{"start":{"line":282,"column":24},"end":{"line":282,"column":68}},"145":{"start":{"line":285,"column":16},"end":{"line":285,"column":30}},"146":{"start":{"line":288,"column":16},"end":{"line":293,"column":17}},"147":{"start":{"line":289,"column":51},"end":{"line":289,"column":63}},"148":{"start":{"line":290,"column":51},"end":{"line":290,"column":62}},"149":{"start":{"line":291,"column":53},"end":{"line":291,"column":64}},"150":{"start":{"line":292,"column":29},"end":{"line":292,"column":52}},"151":{"start":{"line":296,"column":8},"end":{"line":296,"column":72}},"152":{"start":{"line":300,"column":8},"end":{"line":302,"column":11}},"153":{"start":{"line":301,"column":12},"end":{"line":301,"column":40}},"154":{"start":{"line":304,"column":8},"end":{"line":304,"column":70}},"155":{"start":{"line":308,"column":8},"end":{"line":315,"column":10}}},"fnMap":{"0":{"name":"(anonymous_0)","decl":{"start":{"line":15,"column":4},"end":{"line":15,"column":5}},"loc":{"start":{"line":15,"column":29},"end":{"line":17,"column":5}},"line":15},"1":{"name":"(anonymous_1)","decl":{"start":{"line":29,"column":4},"end":{"line":29,"column":5}},"loc":{"start":{"line":29,"column":15},"end":{"line":31,"column":5}},"line":29},"2":{"name":"(anonymous_2)","decl":{"start":{"line":33,"column":4},"end":{"line":33,"column":5}},"loc":{"start":{"line":33,"column":14},"end":{"line":35,"column":5}},"line":33},"3":{"name":"(anonymous_3)","decl":{"start":{"line":37,"column":4},"end":{"line":37,"column":5}},"loc":{"start":{"line":37,"column":15},"end":{"line":39,"column":5}},"line":37},"4":{"name":"(anonymous_4)","decl":{"start":{"line":41,"column":4},"end":{"line":41,"column":5}},"loc":{"start":{"line":41,"column":16},"end":{"line":43,"column":5}},"line":41},"5":{"name":"(anonymous_5)","decl":{"start":{"line":45,"column":4},"end":{"line":45,"column":5}},"loc":{"start":{"line":45,"column":14},"end":{"line":47,"column":5}},"line":45},"6":{"name":"(anonymous_6)","decl":{"start":{"line":49,"column":4},"end":{"line":49,"column":5}},"loc":{"start":{"line":49,"column":17},"end":{"line":51,"column":5}},"line":49},"7":{"name":"(anonymous_7)","decl":{"start":{"line":53,"column":34},"end":{"line":53,"column":35}},"loc":{"start":{"line":53,"column":55},"end":{"line":59,"column":5}},"line":53},"8":{"name":"(anonymous_8)","decl":{"start":{"line":54,"column":65},"end":{"line":54,"column":66}},"loc":{"start":{"line":54,"column":82},"end":{"line":56,"column":9}},"line":54},"9":{"name":"(anonymous_9)","decl":{"start":{"line":61,"column":4},"end":{"line":61,"column":5}},"loc":{"start":{"line":61,"column":27},"end":{"line":75,"column":5}},"line":61},"10":{"name":"(anonymous_10)","decl":{"start":{"line":64,"column":21},"end":{"line":64,"column":22}},"loc":{"start":{"line":64,"column":27},"end":{"line":64,"column":39}},"line":64},"11":{"name":"(anonymous_11)","decl":{"start":{"line":65,"column":40},"end":{"line":65,"column":41}},"loc":{"start":{"line":65,"column":57},"end":{"line":70,"column":17}},"line":65},"12":{"name":"(anonymous_12)","decl":{"start":{"line":77,"column":4},"end":{"line":77,"column":5}},"loc":{"start":{"line":77,"column":25},"end":{"line":79,"column":5}},"line":77},"13":{"name":"(anonymous_13)","decl":{"start":{"line":157,"column":4},"end":{"line":157,"column":5}},"loc":{"start":{"line":157,"column":22},"end":{"line":159,"column":5}},"line":157},"14":{"name":"(anonymous_14)","decl":{"start":{"line":161,"column":4},"end":{"line":161,"column":5}},"loc":{"start":{"line":161,"column":22},"end":{"line":163,"column":5}},"line":161},"15":{"name":"(anonymous_15)","decl":{"start":{"line":165,"column":4},"end":{"line":165,"column":5}},"loc":{"start":{"line":165,"column":24},"end":{"line":226,"column":5}},"line":165},"16":{"name":"(anonymous_16)","decl":{"start":{"line":167,"column":32},"end":{"line":167,"column":33}},"loc":{"start":{"line":167,"column":47},"end":{"line":181,"column":13}},"line":167},"17":{"name":"(anonymous_17)","decl":{"start":{"line":182,"column":36},"end":{"line":182,"column":37}},"loc":{"start":{"line":182,"column":55},"end":{"line":198,"column":13}},"line":182},"18":{"name":"(anonymous_18)","decl":{"start":{"line":199,"column":35},"end":{"line":199,"column":36}},"loc":{"start":{"line":199,"column":53},"end":{"line":213,"column":13}},"line":199},"19":{"name":"(anonymous_19)","decl":{"start":{"line":214,"column":28},"end":{"line":214,"column":29}},"loc":{"start":{"line":214,"column":45},"end":{"line":223,"column":13}},"line":214},"20":{"name":"(anonymous_20)","decl":{"start":{"line":228,"column":4},"end":{"line":228,"column":5}},"loc":{"start":{"line":228,"column":22},"end":{"line":234,"column":5}},"line":228},"21":{"name":"(anonymous_21)","decl":{"start":{"line":229,"column":71},"end":{"line":229,"column":72}},"loc":{"start":{"line":229,"column":88},"end":{"line":231,"column":9}},"line":229},"22":{"name":"(anonymous_22)","decl":{"start":{"line":231,"column":15},"end":{"line":231,"column":16}},"loc":{"start":{"line":231,"column":21},"end":{"line":231,"column":26}},"line":231},"23":{"name":"(anonymous_23)","decl":{"start":{"line":236,"column":4},"end":{"line":236,"column":5}},"loc":{"start":{"line":236,"column":26},"end":{"line":264,"column":5}},"line":236},"24":{"name":"(anonymous_24)","decl":{"start":{"line":238,"column":21},"end":{"line":238,"column":22}},"loc":{"start":{"line":238,"column":33},"end":{"line":249,"column":13}},"line":238},"25":{"name":"(anonymous_25)","decl":{"start":{"line":250,"column":36},"end":{"line":250,"column":37}},"loc":{"start":{"line":250,"column":55},"end":{"line":261,"column":13}},"line":250},"26":{"name":"(anonymous_26)","decl":{"start":{"line":266,"column":4},"end":{"line":266,"column":5}},"loc":{"start":{"line":266,"column":26},"end":{"line":297,"column":5}},"line":266},"27":{"name":"(anonymous_27)","decl":{"start":{"line":268,"column":32},"end":{"line":268,"column":33}},"loc":{"start":{"line":268,"column":47},"end":{"line":270,"column":13}},"line":268},"28":{"name":"(anonymous_28)","decl":{"start":{"line":271,"column":36},"end":{"line":271,"column":37}},"loc":{"start":{"line":271,"column":55},"end":{"line":273,"column":13}},"line":271},"29":{"name":"(anonymous_29)","decl":{"start":{"line":274,"column":35},"end":{"line":274,"column":36}},"loc":{"start":{"line":274,"column":53},"end":{"line":276,"column":13}},"line":274},"30":{"name":"(anonymous_30)","decl":{"start":{"line":277,"column":26},"end":{"line":277,"column":27}},"loc":{"start":{"line":277,"column":43},"end":{"line":286,"column":13}},"line":277},"31":{"name":"(anonymous_31)","decl":{"start":{"line":287,"column":24},"end":{"line":287,"column":25}},"loc":{"start":{"line":287,"column":39},"end":{"line":294,"column":13}},"line":287},"32":{"name":"(anonymous_32)","decl":{"start":{"line":299,"column":4},"end":{"line":299,"column":5}},"loc":{"start":{"line":299,"column":24},"end":{"line":305,"column":5}},"line":299},"33":{"name":"(anonymous_33)","decl":{"start":{"line":300,"column":58},"end":{"line":300,"column":59}},"loc":{"start":{"line":300,"column":70},"end":{"line":302,"column":9}},"line":300},"34":{"name":"(anonymous_34)","decl":{"start":{"line":307,"column":4},"end":{"line":307,"column":5}},"loc":{"start":{"line":307,"column":13},"end":{"line":316,"column":5}},"line":307}},"branchMap":{"0":{"loc":{"start":{"line":172,"column":20},"end":{"line":178,"column":21}},"type":"switch","locations":[{"start":{"line":173,"column":24},"end":{"line":174,"column":60}},{"start":{"line":175,"column":24},"end":{"line":177,"column":34}}],"line":172},"1":{"loc":{"start":{"line":180,"column":23},"end":{"line":180,"column":89}},"type":"cond-expr","locations":[{"start":{"line":180,"column":36},"end":{"line":180,"column":62}},{"start":{"line":180,"column":65},"end":{"line":180,"column":89}}],"line":180},"2":{"loc":{"start":{"line":183,"column":16},"end":{"line":183,"column":70}},"type":"if","locations":[{"start":{"line":183,"column":16},"end":{"line":183,"column":70}},{"start":{},"end":{}}],"line":183},"3":{"loc":{"start":{"line":189,"column":20},"end":{"line":195,"column":21}},"type":"switch","locations":[{"start":{"line":190,"column":24},"end":{"line":191,"column":60}},{"start":{"line":192,"column":24},"end":{"line":194,"column":34}}],"line":189},"4":{"loc":{"start":{"line":197,"column":23},"end":{"line":197,"column":89}},"type":"cond-expr","locations":[{"start":{"line":197,"column":36},"end":{"line":197,"column":62}},{"start":{"line":197,"column":65},"end":{"line":197,"column":89}}],"line":197},"5":{"loc":{"start":{"line":204,"column":20},"end":{"line":210,"column":21}},"type":"switch","locations":[{"start":{"line":205,"column":24},"end":{"line":206,"column":60}},{"start":{"line":207,"column":24},"end":{"line":209,"column":34}}],"line":204},"6":{"loc":{"start":{"line":212,"column":23},"end":{"line":212,"column":89}},"type":"cond-expr","locations":[{"start":{"line":212,"column":36},"end":{"line":212,"column":62}},{"start":{"line":212,"column":65},"end":{"line":212,"column":89}}],"line":212},"7":{"loc":{"start":{"line":218,"column":20},"end":{"line":220,"column":21}},"type":"if","locations":[{"start":{"line":218,"column":20},"end":{"line":220,"column":21}},{"start":{},"end":{}}],"line":218},"8":{"loc":{"start":{"line":251,"column":16},"end":{"line":253,"column":17}},"type":"if","locations":[{"start":{"line":251,"column":16},"end":{"line":253,"column":17}},{"start":{},"end":{}}],"line":251},"9":{"loc":{"start":{"line":281,"column":20},"end":{"line":283,"column":21}},"type":"if","locations":[{"start":{"line":281,"column":20},"end":{"line":283,"column":21}},{"start":{},"end":{}}],"line":281},"10":{"loc":{"start":{"line":288,"column":16},"end":{"line":293,"column":17}},"type":"switch","locations":[{"start":{"line":289,"column":20},"end":{"line":289,"column":63}},{"start":{"line":290,"column":20},"end":{"line":290,"column":62}},{"start":{"line":291,"column":20},"end":{"line":291,"column":64}},{"start":{"line":292,"column":20},"end":{"line":292,"column":52}}],"line":288}},"s":{"0":8,"1":0,"2":0,"3":2,"4":2,"5":2,"6":0,"7":0,"8":0,"9":0,"10":0,"11":0,"12":8,"13":2,"14":2,"15":2,"16":2,"17":0,"18":2,"19":2,"20":2,"21":2,"22":0,"23":2,"24":2,"25":2,"26":2,"27":2,"28":2,"29":2,"30":2,"31":2,"32":2,"33":2,"34":2,"35":2,"36":2,"37":2,"38":2,"39":2,"40":2,"41":2,"42":2,"43":2,"44":2,"45":2,"46":2,"47":2,"48":2,"49":2,"50":2,"51":2,"52":2,"53":16,"54":16,"55":16,"56":16,"57":16,"58":16,"59":16,"60":16,"61":16,"62":16,"63":16,"64":16,"65":16,"66":12,"67":12,"68":12,"69":12,"70":12,"71":12,"72":0,"73":0,"74":0,"75":0,"76":0,"77":0,"78":0,"79":0,"80":0,"81":0,"82":0,"83":0,"84":0,"85":0,"86":0,"87":0,"88":0,"89":0,"90":0,"91":0,"92":0,"93":0,"94":0,"95":0,"96":0,"97":0,"98":0,"99":0,"100":0,"101":0,"102":0,"103":0,"104":0,"105":0,"106":0,"107":0,"108":0,"109":0,"110":0,"111":0,"112":0,"113":0,"114":0,"115":0,"116":0,"117":0,"118":0,"119":1,"120":1,"121":1,"122":1,"123":1,"124":8,"125":1,"126":0,"127":0,"128":0,"129":0,"130":0,"131":0,"132":0,"133":0,"134":1,"135":1,"136":0,"137":0,"138":0,"139":1,"140":1,"141":1,"142":1,"143":7,"144":0,"145":1,"146":0,"147":0,"148":0,"149":0,"150":0,"151":1,"152":0,"153":0,"154":0,"155":0},"f":{"0":0,"1":0,"2":0,"3":0,"4":0,"5":0,"6":0,"7":2,"8":2,"9":2,"10":0,"11":2,"12":0,"13":0,"14":0,"15":0,"16":0,"17":0,"18":0,"19":0,"20":0,"21":0,"22":0,"23":1,"24":1,"25":0,"26":1,"27":0,"28":0,"29":0,"30":1,"31":0,"32":0,"33":0,"34":0},"b":{"0":[0,0],"1":[0,0],"2":[0,0],"3":[0,0],"4":[0,0],"5":[0,0],"6":[0,0],"7":[0,0],"8":[0,0],"9":[0,7],"10":[0,0,0,0]},"inputSourceMap":null,"_coverageSchema":"1a1c01bbd47fc00a2c39e90264f33305004495a9","hash":"2f8bf1d8afb7e097c4049ebe744a863b6f720409"}
,"E:\\OpenSource\\geometry\\src\\boundingSphere.js": {"path":"E:\\OpenSource\\geometry\\src\\boundingSphere.js","statementMap":{"0":{"start":{"line":12,"column":27},"end":{"line":12,"column":48}},"1":{"start":{"line":15,"column":14},"end":{"line":15,"column":18}},"2":{"start":{"line":17,"column":14},"end":{"line":17,"column":15}},"3":{"start":{"line":20,"column":8},"end":{"line":20,"column":36}},"4":{"start":{"line":23,"column":34},"end":{"line":35,"column":5}},"5":{"start":{"line":24,"column":8},"end":{"line":32,"column":15}},"6":{"start":{"line":26,"column":16},"end":{"line":26,"column":44}},"7":{"start":{"line":27,"column":16},"end":{"line":27,"column":33}},"8":{"start":{"line":30,"column":16},"end":{"line":30,"column":38}},"9":{"start":{"line":31,"column":16},"end":{"line":31,"column":38}},"10":{"start":{"line":34,"column":8},"end":{"line":34,"column":70}},"11":{"start":{"line":38,"column":8},"end":{"line":47,"column":11}},"12":{"start":{"line":40,"column":27},"end":{"line":40,"column":39}},"13":{"start":{"line":41,"column":50},"end":{"line":41,"column":70}},"14":{"start":{"line":44,"column":27},"end":{"line":44,"column":39}},"15":{"start":{"line":45,"column":49},"end":{"line":45,"column":69}},"16":{"start":{"line":49,"column":8},"end":{"line":49,"column":70}},"17":{"start":{"line":53,"column":8},"end":{"line":53,"column":27}},"18":{"start":{"line":54,"column":8},"end":{"line":54,"column":27}},"19":{"start":{"line":58,"column":8},"end":{"line":68,"column":11}},"20":{"start":{"line":59,"column":27},"end":{"line":63,"column":13}},"21":{"start":{"line":65,"column":27},"end":{"line":65,"column":60}},"22":{"start":{"line":67,"column":12},"end":{"line":67,"column":54}},"23":{"start":{"line":70,"column":8},"end":{"line":70,"column":72}},"24":{"start":{"line":74,"column":8},"end":{"line":76,"column":11}},"25":{"start":{"line":75,"column":12},"end":{"line":75,"column":63}},"26":{"start":{"line":78,"column":8},"end":{"line":78,"column":68}},"27":{"start":{"line":82,"column":8},"end":{"line":132,"column":11}},"28":{"start":{"line":83,"column":12},"end":{"line":85,"column":13}},"29":{"start":{"line":84,"column":16},"end":{"line":84,"column":81}},"30":{"start":{"line":87,"column":22},"end":{"line":87,"column":108}},"31":{"start":{"line":88,"column":22},"end":{"line":88,"column":108}},"32":{"start":{"line":90,"column":12},"end":{"line":97,"column":13}},"33":{"start":{"line":91,"column":16},"end":{"line":91,"column":46}},"34":{"start":{"line":92,"column":16},"end":{"line":92,"column":46}},"35":{"start":{"line":93,"column":16},"end":{"line":93,"column":46}},"36":{"start":{"line":94,"column":16},"end":{"line":94,"column":46}},"37":{"start":{"line":95,"column":16},"end":{"line":95,"column":46}},"38":{"start":{"line":96,"column":16},"end":{"line":96,"column":46}},"39":{"start":{"line":99,"column":28},"end":{"line":99,"column":103}},"40":{"start":{"line":100,"column":28},"end":{"line":100,"column":103}},"41":{"start":{"line":101,"column":28},"end":{"line":101,"column":103}},"42":{"start":{"line":103,"column":12},"end":{"line":112,"column":13}},"43":{"start":{"line":104,"column":16},"end":{"line":104,"column":47}},"44":{"start":{"line":105,"column":16},"end":{"line":105,"column":47}},"45":{"start":{"line":106,"column":19},"end":{"line":112,"column":13}},"46":{"start":{"line":107,"column":16},"end":{"line":107,"column":47}},"47":{"start":{"line":108,"column":16},"end":{"line":108,"column":47}},"48":{"start":{"line":110,"column":16},"end":{"line":110,"column":47}},"49":{"start":{"line":111,"column":16},"end":{"line":111,"column":47}},"50":{"start":{"line":114,"column":25},"end":{"line":114,"column":69}},"51":{"start":{"line":115,"column":25},"end":{"line":115,"column":54}},"52":{"start":{"line":116,"column":27},"end":{"line":116,"column":42}},"53":{"start":{"line":118,"column":12},"end":{"line":129,"column":13}},"54":{"start":{"line":119,"column":29},"end":{"line":119,"column":57}},"55":{"start":{"line":120,"column":31},"end":{"line":120,"column":51}},"56":{"start":{"line":121,"column":16},"end":{"line":128,"column":17}},"57":{"start":{"line":122,"column":37},"end":{"line":122,"column":54}},"58":{"start":{"line":123,"column":38},"end":{"line":123,"column":68}},"59":{"start":{"line":124,"column":30},"end":{"line":124,"column":91}},"60":{"start":{"line":125,"column":20},"end":{"line":125,"column":67}},"61":{"start":{"line":126,"column":20},"end":{"line":126,"column":58}},"62":{"start":{"line":127,"column":20},"end":{"line":127,"column":47}},"63":{"start":{"line":131,"column":12},"end":{"line":131,"column":54}},"64":{"start":{"line":134,"column":8},"end":{"line":134,"column":67}},"65":{"start":{"line":138,"column":8},"end":{"line":161,"column":11}},"66":{"start":{"line":139,"column":35},"end":{"line":139,"column":89}},"67":{"start":{"line":140,"column":29},"end":{"line":140,"column":54}},"68":{"start":{"line":142,"column":12},"end":{"line":150,"column":13}},"69":{"start":{"line":143,"column":16},"end":{"line":145,"column":17}},"70":{"start":{"line":144,"column":20},"end":{"line":144,"column":82}},"71":{"start":{"line":147,"column":16},"end":{"line":149,"column":17}},"72":{"start":{"line":148,"column":20},"end":{"line":148,"column":86}},"73":{"start":{"line":152,"column":31},"end":{"line":152,"column":88}},"74":{"start":{"line":153,"column":32},"end":{"line":153,"column":89}},"75":{"start":{"line":154,"column":37},"end":{"line":154,"column":80}},"76":{"start":{"line":155,"column":12},"end":{"line":155,"column":115}},"77":{"start":{"line":157,"column":12},"end":{"line":160,"column":14}},"78":{"start":{"line":163,"column":8},"end":{"line":163,"column":63}},"79":{"start":{"line":167,"column":8},"end":{"line":167,"column":38}},"80":{"start":{"line":171,"column":8},"end":{"line":171,"column":39}},"81":{"start":{"line":175,"column":8},"end":{"line":243,"column":15}},"82":{"start":{"line":177,"column":29},"end":{"line":177,"column":33}},"83":{"start":{"line":178,"column":32},"end":{"line":178,"column":48}},"84":{"start":{"line":179,"column":16},"end":{"line":183,"column":19}},"85":{"start":{"line":180,"column":20},"end":{"line":182,"column":21}},"86":{"start":{"line":181,"column":24},"end":{"line":181,"column":39}},"87":{"start":{"line":185,"column":16},"end":{"line":187,"column":17}},"88":{"start":{"line":186,"column":20},"end":{"line":186,"column":52}},"89":{"start":{"line":189,"column":27},"end":{"line":189,"column":28}},"90":{"start":{"line":191,"column":42},"end":{"line":198,"column":17}},"91":{"start":{"line":192,"column":20},"end":{"line":196,"column":21}},"92":{"start":{"line":193,"column":24},"end":{"line":193,"column":83}},"93":{"start":{"line":194,"column":27},"end":{"line":196,"column":21}},"94":{"start":{"line":195,"column":24},"end":{"line":195,"column":83}},"95":{"start":{"line":197,"column":20},"end":{"line":197,"column":29}},"96":{"start":{"line":200,"column":16},"end":{"line":200,"column":80}},"97":{"start":{"line":201,"column":16},"end":{"line":201,"column":80}},"98":{"start":{"line":202,"column":16},"end":{"line":202,"column":80}},"99":{"start":{"line":204,"column":16},"end":{"line":206,"column":17}},"100":{"start":{"line":205,"column":20},"end":{"line":205,"column":54}},"101":{"start":{"line":208,"column":16},"end":{"line":208,"column":48}},"102":{"start":{"line":211,"column":29},"end":{"line":211,"column":33}},"103":{"start":{"line":212,"column":32},"end":{"line":212,"column":52}},"104":{"start":{"line":213,"column":16},"end":{"line":218,"column":17}},"105":{"start":{"line":213,"column":29},"end":{"line":213,"column":30}},"106":{"start":{"line":214,"column":20},"end":{"line":217,"column":21}},"107":{"start":{"line":215,"column":24},"end":{"line":215,"column":39}},"108":{"start":{"line":216,"column":24},"end":{"line":216,"column":30}},"109":{"start":{"line":220,"column":16},"end":{"line":220,"column":60}},"110":{"start":{"line":220,"column":28},"end":{"line":220,"column":60}},"111":{"start":{"line":222,"column":27},"end":{"line":222,"column":28}},"112":{"start":{"line":224,"column":16},"end":{"line":224,"column":81}},"113":{"start":{"line":224,"column":47},"end":{"line":224,"column":81}},"114":{"start":{"line":225,"column":16},"end":{"line":225,"column":48}},"115":{"start":{"line":228,"column":35},"end":{"line":228,"column":88}},"116":{"start":{"line":229,"column":34},"end":{"line":229,"column":63}},"117":{"start":{"line":230,"column":35},"end":{"line":230,"column":64}},"118":{"start":{"line":232,"column":16},"end":{"line":234,"column":55}},"119":{"start":{"line":232,"column":56},"end":{"line":232,"column":88}},"120":{"start":{"line":233,"column":21},"end":{"line":234,"column":55}},"121":{"start":{"line":233,"column":64},"end":{"line":233,"column":96}},"122":{"start":{"line":234,"column":21},"end":{"line":234,"column":55}},"123":{"start":{"line":237,"column":33},"end":{"line":237,"column":50}},"124":{"start":{"line":238,"column":35},"end":{"line":238,"column":79}},"125":{"start":{"line":240,"column":16},"end":{"line":242,"column":55}},"126":{"start":{"line":240,"column":43},"end":{"line":240,"column":75}},"127":{"start":{"line":241,"column":21},"end":{"line":242,"column":55}},"128":{"start":{"line":241,"column":48},"end":{"line":241,"column":80}},"129":{"start":{"line":242,"column":21},"end":{"line":242,"column":55}},"130":{"start":{"line":245,"column":8},"end":{"line":245,"column":69}},"131":{"start":{"line":249,"column":8},"end":{"line":251,"column":28}},"132":{"start":{"line":250,"column":12},"end":{"line":250,"column":88}},"133":{"start":{"line":251,"column":21},"end":{"line":251,"column":26}},"134":{"start":{"line":253,"column":8},"end":{"line":253,"column":67}},"135":{"start":{"line":257,"column":8},"end":{"line":279,"column":15}},"136":{"start":{"line":259,"column":16},"end":{"line":259,"column":44}},"137":{"start":{"line":262,"column":16},"end":{"line":262,"column":48}},"138":{"start":{"line":265,"column":35},"end":{"line":265,"column":88}},"139":{"start":{"line":267,"column":16},"end":{"line":268,"column":33}},"140":{"start":{"line":267,"column":71},"end":{"line":267,"column":84}},"141":{"start":{"line":268,"column":21},"end":{"line":268,"column":33}},"142":{"start":{"line":271,"column":31},"end":{"line":271,"column":70}},"143":{"start":{"line":272,"column":16},"end":{"line":272,"column":36}},"144":{"start":{"line":273,"column":16},"end":{"line":275,"column":63}},"145":{"start":{"line":273,"column":45},"end":{"line":273,"column":80}},"146":{"start":{"line":274,"column":21},"end":{"line":275,"column":63}},"147":{"start":{"line":274,"column":51},"end":{"line":274,"column":85}},"148":{"start":{"line":275,"column":21},"end":{"line":275,"column":63}},"149":{"start":{"line":278,"column":16},"end":{"line":278,"column":44}},"150":{"start":{"line":281,"column":8},"end":{"line":281,"column":71}},"151":{"start":{"line":285,"column":8},"end":{"line":300,"column":11}},"152":{"start":{"line":286,"column":27},"end":{"line":286,"column":47}},"153":{"start":{"line":287,"column":12},"end":{"line":287,"column":69}},"154":{"start":{"line":289,"column":24},"end":{"line":289,"column":34}},"155":{"start":{"line":289,"column":42},"end":{"line":289,"column":52}},"156":{"start":{"line":289,"column":60},"end":{"line":289,"column":70}},"157":{"start":{"line":290,"column":24},"end":{"line":290,"column":34}},"158":{"start":{"line":290,"column":42},"end":{"line":290,"column":52}},"159":{"start":{"line":290,"column":60},"end":{"line":290,"column":70}},"160":{"start":{"line":291,"column":24},"end":{"line":291,"column":34}},"161":{"start":{"line":291,"column":42},"end":{"line":291,"column":52}},"162":{"start":{"line":291,"column":60},"end":{"line":291,"column":70}},"163":{"start":{"line":293,"column":25},"end":{"line":294,"column":56}},"164":{"start":{"line":295,"column":25},"end":{"line":295,"column":80}},"165":{"start":{"line":297,"column":12},"end":{"line":297,"column":60}},"166":{"start":{"line":299,"column":12},"end":{"line":299,"column":26}},"167":{"start":{"line":302,"column":8},"end":{"line":302,"column":70}},"168":{"start":{"line":306,"column":8},"end":{"line":308,"column":11}},"169":{"start":{"line":307,"column":12},"end":{"line":307,"column":40}},"170":{"start":{"line":310,"column":8},"end":{"line":310,"column":69}},"171":{"start":{"line":314,"column":8},"end":{"line":317,"column":10}}},"fnMap":{"0":{"name":"(anonymous_0)","decl":{"start":{"line":19,"column":4},"end":{"line":19,"column":5}},"loc":{"start":{"line":19,"column":40},"end":{"line":21,"column":5}},"line":19},"1":{"name":"(anonymous_1)","decl":{"start":{"line":23,"column":34},"end":{"line":23,"column":35}},"loc":{"start":{"line":23,"column":55},"end":{"line":35,"column":5}},"line":23},"2":{"name":"(anonymous_2)","decl":{"start":{"line":25,"column":21},"end":{"line":25,"column":22}},"loc":{"start":{"line":25,"column":33},"end":{"line":28,"column":13}},"line":25},"3":{"name":"(anonymous_3)","decl":{"start":{"line":29,"column":36},"end":{"line":29,"column":37}},"loc":{"start":{"line":29,"column":62},"end":{"line":32,"column":13}},"line":29},"4":{"name":"(anonymous_4)","decl":{"start":{"line":37,"column":4},"end":{"line":37,"column":5}},"loc":{"start":{"line":37,"column":27},"end":{"line":50,"column":5}},"line":37},"5":{"name":"(anonymous_5)","decl":{"start":{"line":40,"column":21},"end":{"line":40,"column":22}},"loc":{"start":{"line":40,"column":27},"end":{"line":40,"column":39}},"line":40},"6":{"name":"(anonymous_6)","decl":{"start":{"line":41,"column":41},"end":{"line":41,"column":42}},"loc":{"start":{"line":41,"column":50},"end":{"line":41,"column":70}},"line":41},"7":{"name":"(anonymous_7)","decl":{"start":{"line":44,"column":21},"end":{"line":44,"column":22}},"loc":{"start":{"line":44,"column":27},"end":{"line":44,"column":39}},"line":44},"8":{"name":"(anonymous_8)","decl":{"start":{"line":45,"column":40},"end":{"line":45,"column":41}},"loc":{"start":{"line":45,"column":49},"end":{"line":45,"column":69}},"line":45},"9":{"name":"(anonymous_9)","decl":{"start":{"line":52,"column":4},"end":{"line":52,"column":5}},"loc":{"start":{"line":52,"column":25},"end":{"line":55,"column":5}},"line":52},"10":{"name":"(anonymous_10)","decl":{"start":{"line":57,"column":4},"end":{"line":57,"column":5}},"loc":{"start":{"line":57,"column":44},"end":{"line":71,"column":5}},"line":57},"11":{"name":"(anonymous_11)","decl":{"start":{"line":58,"column":71},"end":{"line":58,"column":72}},"loc":{"start":{"line":58,"column":86},"end":{"line":68,"column":9}},"line":58},"12":{"name":"(anonymous_12)","decl":{"start":{"line":73,"column":4},"end":{"line":73,"column":5}},"loc":{"start":{"line":73,"column":40},"end":{"line":79,"column":5}},"line":73},"13":{"name":"(anonymous_13)","decl":{"start":{"line":74,"column":71},"end":{"line":74,"column":72}},"loc":{"start":{"line":74,"column":90},"end":{"line":76,"column":9}},"line":74},"14":{"name":"(anonymous_14)","decl":{"start":{"line":81,"column":4},"end":{"line":81,"column":5}},"loc":{"start":{"line":81,"column":39},"end":{"line":135,"column":5}},"line":81},"15":{"name":"(anonymous_15)","decl":{"start":{"line":82,"column":70},"end":{"line":82,"column":71}},"loc":{"start":{"line":82,"column":88},"end":{"line":132,"column":9}},"line":82},"16":{"name":"(anonymous_16)","decl":{"start":{"line":137,"column":4},"end":{"line":137,"column":5}},"loc":{"start":{"line":137,"column":35},"end":{"line":164,"column":5}},"line":137},"17":{"name":"(anonymous_17)","decl":{"start":{"line":138,"column":81},"end":{"line":138,"column":82}},"loc":{"start":{"line":138,"column":113},"end":{"line":161,"column":9}},"line":138},"18":{"name":"(anonymous_18)","decl":{"start":{"line":166,"column":4},"end":{"line":166,"column":5}},"loc":{"start":{"line":166,"column":22},"end":{"line":168,"column":5}},"line":166},"19":{"name":"(anonymous_19)","decl":{"start":{"line":170,"column":4},"end":{"line":170,"column":5}},"loc":{"start":{"line":170,"column":22},"end":{"line":172,"column":5}},"line":170},"20":{"name":"(anonymous_20)","decl":{"start":{"line":174,"column":4},"end":{"line":174,"column":5}},"loc":{"start":{"line":174,"column":24},"end":{"line":246,"column":5}},"line":174},"21":{"name":"(anonymous_21)","decl":{"start":{"line":176,"column":32},"end":{"line":176,"column":33}},"loc":{"start":{"line":176,"column":47},"end":{"line":209,"column":13}},"line":176},"22":{"name":"(anonymous_22)","decl":{"start":{"line":179,"column":32},"end":{"line":179,"column":33}},"loc":{"start":{"line":179,"column":42},"end":{"line":183,"column":17}},"line":179},"23":{"name":"(anonymous_23)","decl":{"start":{"line":191,"column":42},"end":{"line":191,"column":43}},"loc":{"start":{"line":191,"column":79},"end":{"line":198,"column":17}},"line":191},"24":{"name":"(anonymous_24)","decl":{"start":{"line":210,"column":36},"end":{"line":210,"column":37}},"loc":{"start":{"line":210,"column":55},"end":{"line":226,"column":13}},"line":210},"25":{"name":"(anonymous_25)","decl":{"start":{"line":227,"column":35},"end":{"line":227,"column":36}},"loc":{"start":{"line":227,"column":53},"end":{"line":235,"column":13}},"line":227},"26":{"name":"(anonymous_26)","decl":{"start":{"line":236,"column":28},"end":{"line":236,"column":29}},"loc":{"start":{"line":236,"column":45},"end":{"line":243,"column":13}},"line":236},"27":{"name":"(anonymous_27)","decl":{"start":{"line":248,"column":4},"end":{"line":248,"column":5}},"loc":{"start":{"line":248,"column":22},"end":{"line":254,"column":5}},"line":248},"28":{"name":"(anonymous_28)","decl":{"start":{"line":249,"column":69},"end":{"line":249,"column":70}},"loc":{"start":{"line":249,"column":86},"end":{"line":251,"column":9}},"line":249},"29":{"name":"(anonymous_29)","decl":{"start":{"line":251,"column":15},"end":{"line":251,"column":16}},"loc":{"start":{"line":251,"column":21},"end":{"line":251,"column":26}},"line":251},"30":{"name":"(anonymous_30)","decl":{"start":{"line":256,"column":4},"end":{"line":256,"column":5}},"loc":{"start":{"line":256,"column":26},"end":{"line":282,"column":5}},"line":256},"31":{"name":"(anonymous_31)","decl":{"start":{"line":258,"column":32},"end":{"line":258,"column":33}},"loc":{"start":{"line":258,"column":47},"end":{"line":260,"column":13}},"line":258},"32":{"name":"(anonymous_32)","decl":{"start":{"line":261,"column":36},"end":{"line":261,"column":37}},"loc":{"start":{"line":261,"column":55},"end":{"line":263,"column":13}},"line":261},"33":{"name":"(anonymous_33)","decl":{"start":{"line":264,"column":35},"end":{"line":264,"column":36}},"loc":{"start":{"line":264,"column":53},"end":{"line":269,"column":13}},"line":264},"34":{"name":"(anonymous_34)","decl":{"start":{"line":270,"column":26},"end":{"line":270,"column":27}},"loc":{"start":{"line":270,"column":43},"end":{"line":276,"column":13}},"line":270},"35":{"name":"(anonymous_35)","decl":{"start":{"line":277,"column":24},"end":{"line":277,"column":25}},"loc":{"start":{"line":277,"column":39},"end":{"line":279,"column":13}},"line":277},"36":{"name":"(anonymous_36)","decl":{"start":{"line":284,"column":4},"end":{"line":284,"column":5}},"loc":{"start":{"line":284,"column":25},"end":{"line":303,"column":5}},"line":284},"37":{"name":"(anonymous_37)","decl":{"start":{"line":285,"column":64},"end":{"line":285,"column":65}},"loc":{"start":{"line":285,"column":82},"end":{"line":300,"column":9}},"line":285},"38":{"name":"(anonymous_38)","decl":{"start":{"line":305,"column":4},"end":{"line":305,"column":5}},"loc":{"start":{"line":305,"column":24},"end":{"line":311,"column":5}},"line":305},"39":{"name":"(anonymous_39)","decl":{"start":{"line":306,"column":57},"end":{"line":306,"column":58}},"loc":{"start":{"line":306,"column":69},"end":{"line":308,"column":9}},"line":306},"40":{"name":"(anonymous_40)","decl":{"start":{"line":313,"column":4},"end":{"line":313,"column":5}},"loc":{"start":{"line":313,"column":13},"end":{"line":318,"column":5}},"line":313}},"branchMap":{"0":{"loc":{"start":{"line":83,"column":12},"end":{"line":85,"column":13}},"type":"if","locations":[{"start":{"line":83,"column":12},"end":{"line":85,"column":13}},{"start":{},"end":{}}],"line":83},"1":{"loc":{"start":{"line":103,"column":12},"end":{"line":112,"column":13}},"type":"if","locations":[{"start":{"line":103,"column":12},"end":{"line":112,"column":13}},{"start":{"line":106,"column":19},"end":{"line":112,"column":13}}],"line":103},"2":{"loc":{"start":{"line":103,"column":16},"end":{"line":103,"column":54}},"type":"binary-expr","locations":[{"start":{"line":103,"column":16},"end":{"line":103,"column":33}},{"start":{"line":103,"column":37},"end":{"line":103,"column":54}}],"line":103},"3":{"loc":{"start":{"line":106,"column":19},"end":{"line":112,"column":13}},"type":"if","locations":[{"start":{"line":106,"column":19},"end":{"line":112,"column":13}},{"start":{"line":109,"column":19},"end":{"line":112,"column":13}}],"line":106},"4":{"loc":{"start":{"line":106,"column":23},"end":{"line":106,"column":61}},"type":"binary-expr","locations":[{"start":{"line":106,"column":23},"end":{"line":106,"column":40}},{"start":{"line":106,"column":44},"end":{"line":106,"column":61}}],"line":106},"5":{"loc":{"start":{"line":121,"column":16},"end":{"line":128,"column":17}},"type":"if","locations":[{"start":{"line":121,"column":16},"end":{"line":128,"column":17}},{"start":{},"end":{}}],"line":121},"6":{"loc":{"start":{"line":142,"column":12},"end":{"line":150,"column":13}},"type":"if","locations":[{"start":{"line":142,"column":12},"end":{"line":150,"column":13}},{"start":{},"end":{}}],"line":142},"7":{"loc":{"start":{"line":143,"column":16},"end":{"line":145,"column":17}},"type":"if","locations":[{"start":{"line":143,"column":16},"end":{"line":145,"column":17}},{"start":{},"end":{}}],"line":143},"8":{"loc":{"start":{"line":147,"column":16},"end":{"line":149,"column":17}},"type":"if","locations":[{"start":{"line":147,"column":16},"end":{"line":149,"column":17}},{"start":{},"end":{}}],"line":147},"9":{"loc":{"start":{"line":180,"column":20},"end":{"line":182,"column":21}},"type":"if","locations":[{"start":{"line":180,"column":20},"end":{"line":182,"column":21}},{"start":{},"end":{}}],"line":180},"10":{"loc":{"start":{"line":185,"column":16},"end":{"line":187,"column":17}},"type":"if","locations":[{"start":{"line":185,"column":16},"end":{"line":187,"column":17}},{"start":{},"end":{}}],"line":185},"11":{"loc":{"start":{"line":192,"column":20},"end":{"line":196,"column":21}},"type":"if","locations":[{"start":{"line":192,"column":20},"end":{"line":196,"column":21}},{"start":{"line":194,"column":27},"end":{"line":196,"column":21}}],"line":192},"12":{"loc":{"start":{"line":194,"column":27},"end":{"line":196,"column":21}},"type":"if","locations":[{"start":{"line":194,"column":27},"end":{"line":196,"column":21}},{"start":{},"end":{}}],"line":194},"13":{"loc":{"start":{"line":204,"column":16},"end":{"line":206,"column":17}},"type":"if","locations":[{"start":{"line":204,"column":16},"end":{"line":206,"column":17}},{"start":{},"end":{}}],"line":204},"14":{"loc":{"start":{"line":214,"column":20},"end":{"line":217,"column":21}},"type":"if","locations":[{"start":{"line":214,"column":20},"end":{"line":217,"column":21}},{"start":{},"end":{}}],"line":214},"15":{"loc":{"start":{"line":220,"column":16},"end":{"line":220,"column":60}},"type":"if","locations":[{"start":{"line":220,"column":16},"end":{"line":220,"column":60}},{"start":{},"end":{}}],"line":220},"16":{"loc":{"start":{"line":224,"column":16},"end":{"line":224,"column":81}},"type":"if","locations":[{"start":{"line":224,"column":16},"end":{"line":224,"column":81}},{"start":{},"end":{}}],"line":224},"17":{"loc":{"start":{"line":232,"column":16},"end":{"line":234,"column":55}},"type":"if","locations":[{"start":{"line":232,"column":16},"end":{"line":234,"column":55}},{"start":{"line":233,"column":21},"end":{"line":234,"column":55}}],"line":232},"18":{"loc":{"start":{"line":233,"column":21},"end":{"line":234,"column":55}},"type":"if","locations":[{"start":{"line":233,"column":21},"end":{"line":234,"column":55}},{"start":{"line":234,"column":21},"end":{"line":234,"column":55}}],"line":233},"19":{"loc":{"start":{"line":240,"column":16},"en
[...]
end":{"line":482,"column":34}},"199":{"start":{"line":483,"column":16},"end":{"line":483,"column":34}},"200":{"start":{"line":484,"column":16},"end":{"line":484,"column":34}},"201":{"start":{"line":485,"column":16},"end":{"line":485,"column":34}},"202":{"start":{"line":488,"column":8},"end":{"line":488,"column":63}},"203":{"start":{"line":492,"column":8},"end":{"line":495,"column":15}},"204":{"start":{"line":494,"column":16},"end":{"line":494,"column":44}},"205":{"start":{"line":497,"column":8},"end":{"line":497,"column":62}},"206":{"start":{"line":501,"column":8},"end":{"line":501,"column":66}}},"fnMap":{"0":{"name":"(anonymous_0)","decl":{"start":{"line":12,"column":4},"end":{"line":12,"column":5}},"loc":{"start":{"line":12,"column":21},"end":{"line":14,"column":5}},"line":12},"1":{"name":"(anonymous_1)","decl":{"start":{"line":16,"column":4},"end":{"line":16,"column":5}},"loc":{"start":{"line":16,"column":23},"end":{"line":18,"column":5}},"line":16},"2":{"name":"(anonymous_2)","decl":{"start":{"line":20,"column":4},"end":{"line":20,"column":5}},"loc":{"start":{"line":20,"column":23},"end":{"line":22,"column":5}},"line":20},"3":{"name":"(anonymous_3)","decl":{"start":{"line":24,"column":4},"end":{"line":24,"column":5}},"loc":{"start":{"line":24,"column":23},"end":{"line":26,"column":5}},"line":24},"4":{"name":"(anonymous_4)","decl":{"start":{"line":28,"column":4},"end":{"line":28,"column":5}},"loc":{"start":{"line":28,"column":23},"end":{"line":30,"column":5}},"line":28},"5":{"name":"(anonymous_5)","decl":{"start":{"line":32,"column":4},"end":{"line":32,"column":5}},"loc":{"start":{"line":32,"column":22},"end":{"line":34,"column":5}},"line":32},"6":{"name":"(anonymous_6)","decl":{"start":{"line":44,"column":4},"end":{"line":44,"column":5}},"loc":{"start":{"line":44,"column":40},"end":{"line":46,"column":5}},"line":44},"7":{"name":"(anonymous_7)","decl":{"start":{"line":48,"column":34},"end":{"line":48,"column":35}},"loc":{"start":{"line":48,"column":55},"end":{"line":77,"column":5}},"line":48},"8":{"name":"(anonymous_8)","decl":{"start":{"line":50,"column":21},"end":{"line":50,"column":22}},"loc":{"start":{"line":50,"column":33},"end":{"line":50,"column":36}},"line":50},"9":{"name":"(anonymous_9)","decl":{"start":{"line":51,"column":27},"end":{"line":51,"column":28}},"loc":{"start":{"line":51,"column":44},"end":{"line":56,"column":13}},"line":51},"10":{"name":"(anonymous_10)","decl":{"start":{"line":57,"column":51},"end":{"line":57,"column":52}},"loc":{"start":{"line":57,"column":73},"end":{"line":62,"column":13}},"line":57},"11":{"name":"(anonymous_11)","decl":{"start":{"line":63,"column":44},"end":{"line":63,"column":45}},"loc":{"start":{"line":63,"column":67},"end":{"line":68,"column":13}},"line":63},"12":{"name":"(anonymous_12)","decl":{"start":{"line":69,"column":36},"end":{"line":69,"column":37}},"loc":{"start":{"line":69,"column":56},"end":{"line":74,"column":13}},"line":69},"13":{"name":"(anonymous_13)","decl":{"start":{"line":79,"column":4},"end":{"line":79,"column":5}},"loc":{"start":{"line":79,"column":27},"end":{"line":100,"column":5}},"line":79},"14":{"name":"(anonymous_14)","decl":{"start":{"line":82,"column":21},"end":{"line":82,"column":22}},"loc":{"start":{"line":82,"column":27},"end":{"line":82,"column":34}},"line":82},"15":{"name":"(anonymous_15)","decl":{"start":{"line":83,"column":40},"end":{"line":83,"column":41}},"loc":{"start":{"line":83,"column":49},"end":{"line":83,"column":64}},"line":83},"16":{"name":"(anonymous_16)","decl":{"start":{"line":86,"column":21},"end":{"line":86,"column":22}},"loc":{"start":{"line":86,"column":27},"end":{"line":86,"column":34}},"line":86},"17":{"name":"(anonymous_17)","decl":{"start":{"line":87,"column":40},"end":{"line":87,"column":41}},"loc":{"start":{"line":87,"column":49},"end":{"line":87,"column":64}},"line":87},"18":{"name":"(anonymous_18)","decl":{"start":{"line":90,"column":21},"end":{"line":90,"column":22}},"loc":{"start":{"line":90,"column":27},"end":{"line":90,"column":34}},"line":90},"19":{"name":"(anonymous_19)","decl":{"start":{"line":91,"column":40},"end":{"line":91,"column":41}},"loc":{"start":{"line":91,"column":49},"end":{"line":91,"column":64}},"line":91},"20":{"name":"(anonymous_20)","decl":{"start":{"line":94,"column":21},"end":{"line":94,"column":22}},"loc":{"start":{"line":94,"column":27},"end":{"line":94,"column":34}},"line":94},"21":{"name":"(anonymous_21)","decl":{"start":{"line":95,"column":40},"end":{"line":95,"column":41}},"loc":{"start":{"line":95,"column":49},"end":{"line":95,"column":64}},"line":95},"22":{"name":"(anonymous_22)","decl":{"start":{"line":102,"column":4},"end":{"line":102,"column":5}},"loc":{"start":{"line":102,"column":25},"end":{"line":107,"column":5}},"line":102},"23":{"name":"(anonymous_23)","decl":{"start":{"line":109,"column":4},"end":{"line":109,"column":5}},"loc":{"start":{"line":109,"column":26},"end":{"line":120,"column":5}},"line":109},"24":{"name":"(anonymous_24)","decl":{"start":{"line":110,"column":51},"end":{"line":110,"column":52}},"loc":{"start":{"line":110,"column":77},"end":{"line":117,"column":9}},"line":110},"25":{"name":"(anonymous_25)","decl":{"start":{"line":122,"column":4},"end":{"line":122,"column":5}},"loc":{"start":{"line":122,"column":34},"end":{"line":133,"column":5}},"line":122},"26":{"name":"(anonymous_26)","decl":{"start":{"line":123,"column":84},"end":{"line":123,"column":85}},"loc":{"start":{"line":123,"column":136},"end":{"line":130,"column":9}},"line":123},"27":{"name":"(anonymous_27)","decl":{"start":{"line":135,"column":4},"end":{"line":135,"column":5}},"loc":{"start":{"line":135,"column":33},"end":{"line":146,"column":5}},"line":135},"28":{"name":"(anonymous_28)","decl":{"start":{"line":136,"column":84},"end":{"line":136,"column":85}},"loc":{"start":{"line":136,"column":134},"end":{"line":143,"column":9}},"line":136},"29":{"name":"(anonymous_29)","decl":{"start":{"line":148,"column":4},"end":{"line":148,"column":5}},"loc":{"start":{"line":148,"column":28},"end":{"line":159,"column":5}},"line":148},"30":{"name":"(anonymous_30)","decl":{"start":{"line":149,"column":62},"end":{"line":149,"column":63}},"loc":{"start":{"line":149,"column":90},"end":{"line":156,"column":9}},"line":149},"31":{"name":"(anonymous_31)","decl":{"start":{"line":161,"column":4},"end":{"line":161,"column":5}},"loc":{"start":{"line":161,"column":31},"end":{"line":172,"column":5}},"line":161},"32":{"name":"(anonymous_32)","decl":{"start":{"line":162,"column":56},"end":{"line":162,"column":57}},"loc":{"start":{"line":162,"column":82},"end":{"line":169,"column":9}},"line":162},"33":{"name":"(anonymous_33)","decl":{"start":{"line":174,"column":4},"end":{"line":174,"column":5}},"loc":{"start":{"line":174,"column":38},"end":{"line":185,"column":5}},"line":174},"34":{"name":"(anonymous_34)","decl":{"start":{"line":175,"column":63},"end":{"line":175,"column":64}},"loc":{"start":{"line":175,"column":89},"end":{"line":182,"column":9}},"line":175},"35":{"name":"(anonymous_35)","decl":{"start":{"line":187,"column":4},"end":{"line":187,"column":5}},"loc":{"start":{"line":187,"column":29},"end":{"line":208,"column":5}},"line":187},"36":{"name":"(anonymous_36)","decl":{"start":{"line":189,"column":36},"end":{"line":189,"column":37}},"loc":{"start":{"line":189,"column":63},"end":{"line":197,"column":13}},"line":189},"37":{"name":"(anonymous_37)","decl":{"start":{"line":198,"column":37},"end":{"line":198,"column":38}},"loc":{"start":{"line":198,"column":63},"end":{"line":205,"column":13}},"line":198},"38":{"name":"(anonymous_38)","decl":{"start":{"line":210,"column":4},"end":{"line":210,"column":5}},"loc":{"start":{"line":210,"column":26},"end":{"line":218,"column":5}},"line":210},"39":{"name":"(anonymous_39)","decl":{"start":{"line":211,"column":51},"end":{"line":211,"column":52}},"loc":{"start":{"line":211,"column":79},"end":{"line":215,"column":9}},"line":211},"40":{"name":"(anonymous_40)","decl":{"start":{"line":220,"column":4},"end":{"line":220,"column":5}},"loc":{"start":{"line":220,"column":30},"end":{"line":231,"column":5}},"line":220},"41":{"name":"(anonymous_41)","decl":{"start":{"line":221,"column":81},"end":{"line":221,"column":82}},"loc":{"start":{"line":221,"column":135},"end":{"line":228,"column":9}},"line":221},"42":{"name":"(anonymous_42)","decl":{"start":{"line":233,"column":4},"end":{"line":233,"column":5}},"loc":{"start":{"line":233,"column":27},"end":{"line":244,"column":5}},"line":233},"43":{"name":"(anonymous_43)","decl":{"start":{"line":234,"column":60},"end":{"line":234,"column":61}},"loc":{"start":{"line":234,"column":94},"end":{"line":241,"column":9}},"line":234},"44":{"name":"(anonymous_44)","decl":{"start":{"line":246,"column":4},"end":{"line":246,"column":5}},"loc":{"start":{"line":246,"column":26},"end":{"line":257,"column":5}},"line":246},"45":{"name":"(anonymous_45)","decl":{"start":{"line":247,"column":51},"end":{"line":247,"column":52}},"loc":{"start":{"line":247,"column":77},"end":{"line":254,"column":9}},"line":247},"46":{"name":"(anonymous_46)","decl":{"start":{"line":259,"column":4},"end":{"line":259,"column":5}},"loc":{"start":{"line":259,"column":26},"end":{"line":270,"column":5}},"line":259},"47":{"name":"(anonymous_47)","decl":{"start":{"line":260,"column":51},"end":{"line":260,"column":52}},"loc":{"start":{"line":260,"column":77},"end":{"line":267,"column":9}},"line":260},"48":{"name":"(anonymous_48)","decl":{"start":{"line":272,"column":4},"end":{"line":272,"column":5}},"loc":{"start":{"line":272,"column":31},"end":{"line":292,"column":5}},"line":272},"49":{"name":"(anonymous_49)","decl":{"start":{"line":274,"column":36},"end":{"line":274,"column":37}},"loc":{"start":{"line":274,"column":62},"end":{"line":281,"column":13}},"line":274},"50":{"name":"(anonymous_50)","decl":{"start":{"line":282,"column":37},"end":{"line":282,"column":38}},"loc":{"start":{"line":282,"column":63},"end":{"line":289,"column":13}},"line":282},"51":{"name":"(anonymous_51)","decl":{"start":{"line":294,"column":4},"end":{"line":294,"column":5}},"loc":{"start":{"line":294,"column":29},"end":{"line":300,"column":5}},"line":294},"52":{"name":"(anonymous_52)","decl":{"start":{"line":295,"column":45},"end":{"line":295,"column":46}},"loc":{"start":{"line":295,"column":62},"end":{"line":297,"column":9}},"line":295},"53":{"name":"(anonymous_53)","decl":{"start":{"line":302,"column":4},"end":{"line":302,"column":5}},"loc":{"start":{"line":302,"column":32},"end":{"line":310,"column":5}},"line":302},"54":{"name":"(anonymous_54)","decl":{"start":{"line":303,"column":48},"end":{"line":303,"column":49}},"loc":{"start":{"line":303,"column":65},"end":{"line":307,"column":9}},"line":303},"55":{"name":"(anonymous_55)","decl":{"start":{"line":312,"column":4},"end":{"line":312,"column":5}},"loc":{"start":{"line":312,"column":33},"end":{"line":323,"column":5}},"line":312},"56":{"name":"(anonymous_56)","decl":{"start":{"line":313,"column":66},"end":{"line":313,"column":67}},"loc":{"start":{"line":313,"column":100},"end":{"line":320,"column":9}},"line":313},"57":{"name":"(anonymous_57)","decl":{"start":{"line":325,"column":4},"end":{"line":325,"column":5}},"loc":{"start":{"line":325,"column":31},"end":{"line":336,"column":5}},"line":325},"58":{"name":"(anonymous_58)","decl":{"start":{"line":326,"column":56},"end":{"line":326,"column":57}},"loc":{"start":{"line":326,"column":82},"end":{"line":333,"column":9}},"line":326},"59":{"name":"(anonymous_59)","decl":{"start":{"line":338,"column":4},"end":{"line":338,"column":5}},"loc":{"start":{"line":338,"column":32},"end":{"line":424,"column":5}},"line":338},"60":{"name":"(anonymous_60)","decl":{"start":{"line":340,"column":36},"end":{"line":340,"column":37}},"loc":{"start":{"line":340,"column":64},"end":{"line":349,"column":13}},"line":340},"61":{"name":"(anonymous_61)","decl":{"start":{"line":350,"column":40},"end":{"line":350,"column":41}},"loc":{"start":{"line":350,"column":67},"end":{"line":362,"column":13}},"line":350},"62":{"name":"(anonymous_62)","decl":{"start":{"line":363,"column":36},"end":{"line":363,"column":37}},"loc":{"start":{"line":363,"column":64},"end":{"line":372,"column":13}},"line":363},"63":{"name":"(anonymous_63)","decl":{"start":{"line":373,"column":40},"end":{"line":373,"column":41}},"loc":{"start":{"line":373,"column":70},"end":{"line":387,"column":13}},"line":373},"64":{"name":"(anonymous_64)","decl":{"start":{"line":388,"column":36},"end":{"line":388,"column":37}},"loc":{"start":{"line":388,"column":64},"end":{"line":397,"column":13}},"line":388},"65":{"name":"(anonymous_65)","decl":{"start":{"line":398,"column":40},"end":{"line":398,"column":41}},"loc":{"start":{"line":398,"column":67},"end":{"line":402,"column":13}},"line":398},"66":{"name":"(anonymous_66)","decl":{"start":{"line":403,"column":99},"end":{"line":403,"column":100}},"loc":{"start":{"line":403,"column":199},"end":{"line":415,"column":13}},"line":403},"67":{"name":"(anonymous_67)","decl":{"start":{"line":416,"column":61},"end":{"line":416,"column":62}},"loc":{"start":{"line":416,"column":110},"end":{"line":418,"column":13}},"line":416},"68":{"name":"(anonymous_68)","decl":{"start":{"line":419,"column":65},"end":{"line":419,"column":66}},"loc":{"start":{"line":419,"column":116},"end":{"line":421,"column":13}},"line":419},"69":{"name":"(anonymous_69)","decl":{"start":{"line":426,"column":4},"end":{"line":426,"column":5}},"loc":{"start":{"line":426,"column":28},"end":{"line":428,"column":5}},"line":426},"70":{"name":"(anonymous_70)","decl":{"start":{"line":430,"column":4},"end":{"line":430,"column":5}},"loc":{"start":{"line":430,"column":21},"end":{"line":432,"column":5}},"line":430},"71":{"name":"(anonymous_71)","decl":{"start":{"line":434,"column":4},"end":{"line":434,"column":5}},"loc":{"start":{"line":434,"column":21},"end":{"line":436,"column":5}},"line":434},"72":{"name":"(anonymous_72)","decl":{"start":{"line":438,"column":4},"end":{"line":438,"column":5}},"loc":{"start":{"line":438,"column":21},"end":{"line":440,"column":5}},"line":438},"73":{"name":"(anonymous_73)","decl":{"start":{"line":442,"column":4},"end":{"line":442,"column":5}},"loc":{"start":{"line":442,"column":21},"end":{"line":444,"column":5}},"line":442},"74":{"name":"(anonymous_74)","decl":{"start":{"line":446,"column":4},"end":{"line":446,"column":5}},"loc":{"start":{"line":446,"column":22},"end":{"line":448,"column":5}},"line":446},"75":{"name":"(anonymous_75)","decl":{"start":{"line":450,"column":4},"end":{"line":450,"column":5}},"loc":{"start":{"line":450,"column":22},"end":{"line":452,"column":5}},"line":450},"76":{"name":"(anonymous_76)","decl":{"start":{"line":454,"column":4},"end":{"line":454,"column":5}},"loc":{"start":{"line":454,"column":22},"end":{"line":460,"column":5}},"line":454},"77":{"name":"(anonymous_77)","decl":{"start":{"line":455,"column":55},"end":{"line":455,"column":56}},"loc":{"start":{"line":455,"column":72},"end":{"line":457,"column":9}},"line":455},"78":{"name":"(anonymous_78)","decl":{"start":{"line":457,"column":15},"end":{"line":457,"column":16}},"loc":{"start":{"line":457,"column":21},"end":{"line":457,"column":26}},"line":457},"79":{"name":"(anonymous_79)","decl":{"start":{"line":462,"column":4},"end":{"line":462,"column":5}},"loc":{"start":{"line":462,"column":22},"end":{"line":468,"column":5}},"line":462},"80":{"name":"(anonymous_80)","decl":{"start":{"line":463,"column":48},"end":{"line":463,"column":49}},"loc":{"start":{"line":463,"column":60},"end":{"line":465,"column":9}},"line":463},"81":{"name":"(anonymous_81)","decl":{"start":{"line":470,"column":4},"end":{"line":470,"column":5}},"loc":{"start":{"line":470,"column":29},"end":{"line":476,"column":5}},"line":470},"82":{"name":"(anonymous_82)","decl":{"start":{"line":471,"column":55},"end":{"line":471,"column":56}},"loc":{"start":{"line":471,"column":67},"end":{"line":473,"column":9}},"line":471},"83":{"name":"(anonymous_83)","decl":{"start":{"line":478,"column":4},"end":{"line":478,"column":5}},"loc":{"start":{"line":478,"column":25},"end":{"line":489,"column":5}},"line":478},"84":{"name":"(anonymous_84)","decl":{"start":{"line":480,"column":21},"end":{"line":480,"column":22}},"loc":{"start":{"line":480,"column":33},"end":{"line":486,"column":13}},"line":480},"85":{"name":"(anonymous_85)","decl":{"start":{"line":491,"column":4},"end":{"line":491,"column":5}},"loc":{"start":{"line":491,"column":24},"end":{"line":498,"column":5}},"line":491},"86":{"name":"(anonymous_86)","decl":{"start":{"line":493,"column":21},"end":{"line":493,"column":22}},"loc":{"start":{"line":493,"column":33},"end":{"line":495,"column":13}},"line":493},"87":{"name":"(anonymous_87)","decl":{"start":{"line":500,"column":4},"end":{"line":500,"column":5}},"loc":{"start":{"line":500,"column":13},"end":{"line":502,"column":5}},"line":500}},"branchMap":{"0":{"loc":{"start":{"line":404,"column":16},"end":{"line":406,"column":17}},"type":"if","locations":[{"start":{"line":404,"column":16},"end":{"line":406,"column":17}},{"start":{},"end":{}}],"line":404},"1":{"loc":{"start":{"line":408,"column":16},"end":{"line":410,"column":17}},"type":"if","locations":[{"start":{"line":408,"column":16},"end":{"line":410,"column":17}},{"start":{},"end":{}}],"line":408},"2":{"loc":{"start":{"line":456,"column":19},"end":{"line":456,"column":111}},"type":"binary-expr","locations":[{"start":{"line":456,"column":19},"end":{"line":456,"column":39}},{"start":{"line":456,"column":43},"end":{"line":456,"column":63}},{"start":{"line":456,"column":67},"end":{"line":456,"column":87}},{"start":{"line":456,"column":91},"end":{"line":456,"column":111}}],"line":456}},"s":{"0":8,"1":1,"2":1,"3":1,"4":1,"5":1,"6":1,"7":155,"8":155,"9":155,"10":155,"11":0,"12":8,"13":2,"14":1,"15":1,"16":1,"17":1,"18":146,"19":146,"20":146,"21":146,"22":1,"23":1,"24":1,"25":1,"26":2,"27":2,"28":2,"29":2,"30":2,"31":155,"32":13,"33":1,"34":13,"35":1,"36":13,"37":1,"38":13,"39":4,"40":155,"41":69,"42":69,"43":69,"44":69,"45":1,"46":2,"47":1,"48":1,"49":1,"50":1,"51":1,"52":1,"53":1,"54":1,"55":1,"56":1,"57":1,"58":1,"59":1,"60":1,"61":1,"62":1,"63":1,"64":1,"65":1,"66":1,"67":1,"68":1,"69":1,"70":1,"71":1,"72":2,"73":2,"74":1,"75":1,"76":1,"77":1,"78":1,"79":1,"80":1,"81":1,"82":1,"83":1,"84":1,"85":1,"86":1,"87":1,"88":1,"89":1,"90":1,"91":1,"92":1,"93":1,"94":1,"95":1,"96":1,"97":1,"98":1,"99":1,"100":2,"101":1,"102":1,"103":1,"104":2,"105":1,"106":1,"107":1,"108":1,"109":1,"110":1,"111":1,"112":1,"113":1,"114":1,"115":1,"116":1,"117":1,"118":2,"119":1,"120":2,"121":1,"122":1,"123":1,"124":1,"125":1,"126":1,"127":1,"128":1,"129":1,"130":1,"131":1,"132":1,"133":1,"134":1,"135":1,"136":1,"137":1,"138":1,"139":1,"140":1,"141":4,"142":4,"143":4,"144":4,"145":4,"146":4,"147":4,"148":4,"149":4,"150":4,"151":4,"152":4,"153":4,"154":4,"155":4,"156":4,"157":4,"158":4,"159":4,"160":4,"161":6,"162":6,"163":6,"164":6,"165":6,"166":3,"167":3,"168":3,"169":5,"170":1,"171":4,"172":1,"173":3,"174":3,"175":6,"176":1,"177":1,"178":2,"179":1,"180":1,"181":1,"182":1,"183":1,"184":2,"185":2,"186":1,"187":11,"188":1,"189":1,"190":1,"191":1,"192":1,"193":1,"194":1,"195":1,"196":1,"197":1,"198":1,"199":1,"200":1,"201":1,"202":1,"203":1,"204":1,"205":1,"206":2},"f":{"0":1,"1":1,"2":1,"3":1,"4":1,"5":1,"6":0,"7":2,"8":5,"9":1,"10":146,"11":1,"12":2,"13":155,"14":13,"15":1,"16":13,"17":1,"18":13,"19":1,"20":13,"21":4,"22":69,"23":1,"24":2,"25":1,"26":1,"27":1,"28":1,"29":1,"30":1,"31":1,"32":1,"33":1,"34":1,"35":1,"36":2,"37":1,"38":1,"39":1,"40":1,"41":1,"42":1,"43":1,"44":1,"45":1,"46":1,"47":1,"48":1,"49":2,"50":1,"51":1,"52":2,"53":1,"54":1,"55":1,"56":1,"57":1,"58":2,"59":2,"60":1,"61":1,"62":1,"63":4,"64":6,"65":3,"66":5,"67":1,"68":1,"69":1,"70":1,"71":1,"72":1,"73":1,"74":2,"75":2,"76":1,"77":11,"78":1,"79":1,"80":1,"81":1,"82":1,"83":1,"84":1,"85":1,"86":1,"87":2},"b":{"0":[1,4],"1":[1,3],"2":[11,8,8,8]},"inputSourceMap":null,"_coverageSchema":"1a1c01bbd47fc00a2c39e90264f33305004495a9","hash":"bc31441ea313eb57ad46e182ff6813288a086767"}
}
