TN:
SF:src\boundingBox.js
FN:14,(anonymous_0)
FN:30,(anonymous_1)
FN:34,(anonymous_2)
FN:36,(anonymous_3)
FN:40,(anonymous_4)
FN:48,(anonymous_5)
FN:51,(anonymous_6)
FN:52,(anonymous_7)
FN:55,(anonymous_8)
FN:56,(anonymous_9)
FN:63,(anonymous_10)
FN:68,(anonymous_11)
FN:69,(anonymous_12)
FN:95,(anonymous_13)
FN:96,(anonymous_14)
FN:107,(anonymous_15)
FN:108,(anonymous_16)
FN:130,(anonymous_17)
FN:134,(anonymous_18)
FN:138,(anonymous_19)
FN:140,(anonymous_20)
FN:165,(anonymous_21)
FN:190,(anonymous_22)
FN:227,(anonymous_23)
FN:256,(anonymous_24)
FN:257,(anonymous_25)
FN:259,(anonymous_26)
FN:264,(anonymous_27)
FN:266,(anonymous_28)
FN:280,(anonymous_29)
FN:309,(anonymous_30)
FN:311,(anonymous_31)
FN:322,(anonymous_32)
FN:325,(anonymous_33)
FN:328,(anonymous_34)
FN:339,(anonymous_35)
FN:361,(anonymous_36)
FN:368,(anonymous_37)
FN:369,(anonymous_38)
FN:376,(anonymous_39)
FNF:40
FNH:24
FNDA:1,(anonymous_0)
FNDA:0,(anonymous_1)
FNDA:3,(anonymous_2)
FNDA:3,(anonymous_3)
FNDA:12,(anonymous_4)
FNDA:15,(anonymous_5)
FNDA:94,(anonymous_6)
FNDA:14,(anonymous_7)
FNDA:94,(anonymous_8)
FNDA:14,(anonymous_9)
FNDA:1,(anonymous_10)
FNDA:1,(anonymous_11)
FNDA:1,(anonymous_12)
FNDA:1,(anonymous_13)
FNDA:1,(anonymous_14)
FNDA:1,(anonymous_15)
FNDA:1,(anonymous_16)
FNDA:0,(anonymous_17)
FNDA:0,(anonymous_18)
FNDA:1,(anonymous_19)
FNDA:3,(anonymous_20)
FNDA:1,(anonymous_21)
FNDA:3,(anonymous_22)
FNDA:4,(anonymous_23)
FNDA:0,(anonymous_24)
FNDA:0,(anonymous_25)
FNDA:0,(anonymous_26)
FNDA:0,(anonymous_27)
FNDA:0,(anonymous_28)
FNDA:0,(anonymous_29)
FNDA:1,(anonymous_30)
FNDA:0,(anonymous_31)
FNDA:0,(anonymous_32)
FNDA:0,(anonymous_33)
FNDA:1,(anonymous_34)
FNDA:3,(anonymous_35)
FNDA:0,(anonymous_36)
FNDA:0,(anonymous_37)
FNDA:0,(anonymous_38)
FNDA:0,(anonymous_39)
DA:11,8
DA:15,1
DA:19,1
DA:23,1
DA:26,15
DA:28,15
DA:31,0
DA:34,8
DA:35,3
DA:37,3
DA:38,3
DA:41,12
DA:42,12
DA:45,3
DA:49,15
DA:51,94
DA:52,14
DA:55,94
DA:56,14
DA:60,15
DA:64,1
DA:65,1
DA:69,1
DA:70,1
DA:71,1
DA:72,1
DA:73,3
DA:74,3
DA:75,3
DA:76,3
DA:78,3
DA:79,3
DA:80,3
DA:82,3
DA:85,1
DA:86,0
DA:89,1
DA:92,1
DA:96,1
DA:97,1
DA:98,1
DA:104,1
DA:108,1
DA:109,1
DA:110,1
DA:112,1
DA:118,1
DA:124,1
DA:127,1
DA:131,0
DA:135,0
DA:139,1
DA:141,3
DA:142,3
DA:144,3
DA:150,1
DA:154,2
DA:160,1
DA:163,1
DA:168,1
DA:170,1
DA:171,1
DA:172,1
DA:173,1
DA:177,1
DA:178,1
DA:180,1
DA:181,1
DA:182,1
DA:183,1
DA:184,1
DA:188,0
DA:191,3
DA:192,3
DA:193,3
DA:194,3
DA:195,3
DA:197,3
DA:199,1
DA:202,2
DA:203,2
DA:209,2
DA:210,5
DA:211,5
DA:212,2
DA:213,1
DA:215,3
DA:216,3
DA:217,0
DA:218,0
DA:223,1
DA:225,0
DA:228,4
DA:229,4
DA:230,4
DA:232,4
DA:238,2
DA:241,2
DA:247,1
DA:250,1
DA:253,1
DA:257,0
DA:258,0
DA:259,0
DA:261,0
DA:265,0
DA:267,0
DA:268,0
DA:269,0
DA:281,0
DA:282,0
DA:285,0
DA:286,0
DA:288,0
DA:299,0
DA:300,0
DA:301,0
DA:302,0
DA:306,0
DA:310,1
DA:312,0
DA:313,0
DA:314,0
DA:315,0
DA:316,0
DA:317,0
DA:318,0
DA:320,0
DA:323,0
DA:326,0
DA:329,1
DA:330,1
DA:332,1
DA:333,1
DA:334,1
DA:336,1
DA:337,1
DA:339,1
DA:340,3
DA:341,3
DA:342,3
DA:344,0
DA:345,0
DA:349,1
DA:350,1
DA:351,1
DA:353,1
DA:354,1
DA:356,0
DA:357,0
DA:359,0
DA:362,0
DA:365,1
DA:369,0
DA:370,0
DA:373,0
DA:377,0
LF:157
LH:111
BRDA:74,0,0,2
BRDA:74,0,1,1
BRDA:75,1,0,2
BRDA:75,1,1,1
BRDA:76,2,0,2
BRDA:76,2,1,1
BRDA:78,3,0,0
BRDA:78,3,1,3
BRDA:79,4,0,0
BRDA:79,4,1,3
BRDA:80,5,0,0
BRDA:80,5,1,3
BRDA:85,6,0,0
BRDA:85,6,1,1
BRDA:144,7,0,1
BRDA:144,7,1,2
BRDA:144,8,0,3
BRDA:144,8,1,3
BRDA:144,8,2,3
BRDA:144,8,3,2
BRDA:144,8,4,2
BRDA:144,8,5,2
BRDA:154,9,0,1
BRDA:154,9,1,1
BRDA:154,10,0,2
BRDA:154,10,1,2
BRDA:154,10,2,2
BRDA:154,10,3,2
BRDA:154,10,4,1
BRDA:154,10,5,1
BRDA:172,11,0,1
BRDA:172,11,1,0
BRDA:177,12,0,0
BRDA:177,12,1,1
BRDA:178,13,0,0
BRDA:178,13,1,1
BRDA:183,14,0,1
BRDA:183,14,1,0
BRDA:197,15,0,1
BRDA:197,15,1,2
BRDA:197,16,0,3
BRDA:197,16,1,1
BRDA:197,16,2,1
BRDA:197,16,3,1
BRDA:197,16,4,1
BRDA:197,16,5,1
BRDA:211,17,0,2
BRDA:211,17,1,3
BRDA:212,18,0,1
BRDA:212,18,1,1
BRDA:216,19,0,0
BRDA:216,19,1,3
BRDA:217,20,0,0
BRDA:217,20,1,0
BRDA:223,21,0,1
BRDA:223,21,1,0
BRDA:232,22,0,2
BRDA:232,22,1,2
BRDA:232,23,0,4
BRDA:232,23,1,2
BRDA:232,23,2,2
BRDA:232,23,3,2
BRDA:232,23,4,2
BRDA:232,23,5,2
BRDA:241,24,0,1
BRDA:241,24,1,1
BRDA:241,25,0,2
BRDA:241,25,1,2
BRDA:241,25,2,2
BRDA:241,25,3,2
BRDA:241,25,4,2
BRDA:241,25,5,1
BRDA:258,26,0,0
BRDA:258,26,1,0
BRDA:281,27,0,0
BRDA:281,27,1,0
BRDA:316,28,0,0
BRDA:316,28,1,0
BRDA:316,29,0,0
BRDA:316,29,1,0
BRDA:317,30,0,0
BRDA:317,30,1,0
BRDA:317,31,0,0
BRDA:317,31,1,0
BRDA:318,32,0,0
BRDA:318,32,1,0
BRDA:340,33,0,3
BRDA:340,33,1,0
BRDA:354,34,0,1
BRDA:354,34,1,0
BRDA:357,35,0,0
BRDA:357,35,1,0
BRF:92
BRH:62
end_of_record
TN:
SF:src\boundingFrustum.js
FN:15,(anonymous_0)
FN:29,(anonymous_1)
FN:33,(anonymous_2)
FN:37,(anonymous_3)
FN:41,(anonymous_4)
FN:45,(anonymous_5)
FN:49,(anonymous_6)
FN:53,(anonymous_7)
FN:54,(anonymous_8)
FN:61,(anonymous_9)
FN:64,(anonymous_10)
FN:65,(anonymous_11)
FN:77,(anonymous_12)
FN:157,(anonymous_13)
FN:161,(anonymous_14)
FN:165,(anonymous_15)
FN:167,(anonymous_16)
FN:182,(anonymous_17)
FN:199,(anonymous_18)
FN:214,(anonymous_19)
FN:228,(anonymous_20)
FN:229,(anonymous_21)
FN:231,(anonymous_22)
FN:236,(anonymous_23)
FN:238,(anonymous_24)
FN:250,(anonymous_25)
FN:266,(anonymous_26)
FN:268,(anonymous_27)
FN:271,(anonymous_28)
FN:274,(anonymous_29)
FN:277,(anonymous_30)
FN:287,(anonymous_31)
FN:299,(anonymous_32)
FN:300,(anonymous_33)
FN:307,(anonymous_34)
FNF:35
FNH:8
FNDA:0,(anonymous_0)
FNDA:0,(anonymous_1)
FNDA:0,(anonymous_2)
FNDA:0,(anonymous_3)
FNDA:0,(anonymous_4)
FNDA:0,(anonymous_5)
FNDA:0,(anonymous_6)
FNDA:2,(anonymous_7)
FNDA:2,(anonymous_8)
FNDA:2,(anonymous_9)
FNDA:0,(anonymous_10)
FNDA:2,(anonymous_11)
FNDA:0,(anonymous_12)
FNDA:0,(anonymous_13)
FNDA:0,(anonymous_14)
FNDA:0,(anonymous_15)
FNDA:0,(anonymous_16)
FNDA:0,(anonymous_17)
FNDA:0,(anonymous_18)
FNDA:0,(anonymous_19)
FNDA:0,(anonymous_20)
FNDA:0,(anonymous_21)
FNDA:0,(anonymous_22)
FNDA:1,(anonymous_23)
FNDA:1,(anonymous_24)
FNDA:0,(anonymous_25)
FNDA:1,(anonymous_26)
FNDA:0,(anonymous_27)
FNDA:0,(anonymous_28)
FNDA:0,(anonymous_29)
FNDA:1,(anonymous_30)
FNDA:0,(anonymous_31)
FNDA:0,(anonymous_32)
FNDA:0,(anonymous_33)
FNDA:0,(anonymous_34)
DA:12,8
DA:16,0
DA:20,0
DA:23,2
DA:25,2
DA:27,2
DA:30,0
DA:34,0
DA:38,0
DA:42,0
DA:46,0
DA:50,0
DA:53,8
DA:54,2
DA:55,2
DA:58,2
DA:62,2
DA:64,0
DA:66,2
DA:68,2
DA:69,2
DA:74,2
DA:78,0
DA:82,2
DA:84,2
DA:85,2
DA:86,2
DA:99,2
DA:101,2
DA:102,2
DA:104,2
DA:105,2
DA:106,2
DA:107,2
DA:109,2
DA:118,2
DA:119,2
DA:120,2
DA:121,2
DA:122,2
DA:123,2
DA:128,16
DA:130,16
DA:131,16
DA:133,16
DA:134,16
DA:136,16
DA:137,16
DA:139,16
DA:140,16
DA:142,16
DA:143,16
DA:144,16
DA:145,16
DA:149,12
DA:150,12
DA:151,12
DA:152,12
DA:153,12
DA:154,12
DA:158,0
DA:162,0
DA:166,0
DA:168,0
DA:169,0
DA:170,0
DA:171,0
DA:172,0
DA:174,0
DA:176,0
DA:177,0
DA:180,0
DA:183,0
DA:185,0
DA:186,0
DA:187,0
DA:188,0
DA:189,0
DA:191,0
DA:193,0
DA:194,0
DA:197,0
DA:200,0
DA:201,0
DA:202,0
DA:203,0
DA:204,0
DA:206,0
DA:208,0
DA:209,0
DA:212,0
DA:215,0
DA:216,0
DA:217,0
DA:218,0
DA:219,0
DA:222,0
DA:225,0
DA:229,0
DA:230,0
DA:231,0
DA:233,0
DA:237,1
DA:239,1
DA:240,1
DA:241,1
DA:242,8
DA:248,1
DA:251,0
DA:252,0
DA:255,0
DA:256,0
DA:257,0
DA:258,0
DA:259,0
DA:263,1
DA:267,1
DA:269,0
DA:272,0
DA:275,0
DA:278,1
DA:279,1
DA:280,1
DA:281,7
DA:282,0
DA:285,1
DA:288,0
DA:289,0
DA:290,0
DA:291,0
DA:292,0
DA:296,1
DA:300,0
DA:301,0
DA:304,0
DA:308,0
LF:136
LH:64
BRDA:172,0,0,0
BRDA:172,0,1,0
BRDA:180,1,0,0
BRDA:180,1,1,0
BRDA:183,2,0,0
BRDA:183,2,1,0
BRDA:189,3,0,0
BRDA:189,3,1,0
BRDA:197,4,0,0
BRDA:197,4,1,0
BRDA:204,5,0,0
BRDA:204,5,1,0
BRDA:212,6,0,0
BRDA:212,6,1,0
BRDA:218,7,0,0
BRDA:218,7,1,0
BRDA:251,8,0,0
BRDA:251,8,1,0
BRDA:281,9,0,0
BRDA:281,9,1,7
BRDA:288,10,0,0
BRDA:288,10,1,0
BRDA:288,10,2,0
BRDA:288,10,3,0
BRF:24
BRH:1
end_of_record
TN:
SF:src\boundingSphere.js
FN:19,(anonymous_0)
FN:23,(anonymous_1)
FN:25,(anonymous_2)
FN:29,(anonymous_3)
FN:37,(anonymous_4)
FN:40,(anonymous_5)
FN:41,(anonymous_6)
FN:44,(anonymous_7)
FN:45,(anonymous_8)
FN:52,(anonymous_9)
FN:57,(anonymous_10)
FN:58,(anonymous_11)
FN:73,(anonymous_12)
FN:74,(anonymous_13)
FN:81,(anonymous_14)
FN:82,(anonymous_15)
FN:137,(anonymous_16)
FN:138,(anonymous_17)
FN:166,(anonymous_18)
FN:170,(anonymous_19)
FN:174,(anonymous_20)
FN:176,(anonymous_21)
FN:179,(anonymous_22)
FN:191,(anonymous_23)
FN:210,(anonymous_24)
FN:227,(anonymous_25)
FN:236,(anonymous_26)
FN:248,(anonymous_27)
FN:249,(anonymous_28)
FN:251,(anonymous_29)
FN:256,(anonymous_30)
FN:258,(anonymous_31)
FN:261,(anonymous_32)
FN:264,(anonymous_33)
FN:270,(anonymous_34)
FN:277,(anonymous_35)
FN:284,(anonymous_36)
FN:285,(anonymous_37)
FN:305,(anonymous_38)
FN:306,(anonymous_39)
FN:313,(anonymous_40)
FNF:41
FNH:7
FNDA:0,(anonymous_0)
FNDA:2,(anonymous_1)
FNDA:0,(anonymous_2)
FNDA:5,(anonymous_3)
FNDA:5,(anonymous_4)
FNDA:5,(anonymous_5)
FNDA:0,(anonymous_6)
FNDA:4,(anonymous_7)
FNDA:0,(anonymous_8)
FNDA:0,(anonymous_9)
FNDA:0,(anonymous_10)
FNDA:0,(anonymous_11)
FNDA:0,(anonymous_12)
FNDA:0,(anonymous_13)
FNDA:0,(anonymous_14)
FNDA:0,(anonymous_15)
FNDA:0,(anonymous_16)
FNDA:0,(anonymous_17)
FNDA:0,(anonymous_18)
FNDA:0,(anonymous_19)
FNDA:0,(anonymous_20)
FNDA:0,(anonymous_21)
FNDA:0,(anonymous_22)
FNDA:0,(anonymous_23)
FNDA:0,(anonymous_24)
FNDA:0,(anonymous_25)
FNDA:0,(anonymous_26)
FNDA:0,(anonymous_27)
FNDA:0,(anonymous_28)
FNDA:0,(anonymous_29)
FNDA:1,(anonymous_30)
FNDA:0,(anonymous_31)
FNDA:0,(anonymous_32)
FNDA:0,(anonymous_33)
FNDA:1,(anonymous_34)
FNDA:0,(anonymous_35)
FNDA:0,(anonymous_36)
FNDA:0,(anonymous_37)
FNDA:0,(anonymous_38)
FNDA:0,(anonymous_39)
FNDA:0,(anonymous_40)
DA:12,8
DA:15,5
DA:17,5
DA:20,0
DA:23,8
DA:24,2
DA:26,0
DA:27,0
DA:30,5
DA:31,5
DA:34,2
DA:38,5
DA:40,5
DA:41,0
DA:44,4
DA:45,0
DA:49,5
DA:53,0
DA:54,0
DA:58,0
DA:59,0
DA:65,0
DA:67,0
DA:70,0
DA:74,0
DA:75,0
DA:78,0
DA:82,0
DA:83,0
DA:84,0
DA:87,0
DA:88,0
DA:90,0
DA:91,0
DA:92,0
DA:93,0
DA:94,0
DA:95,0
DA:96,0
DA:99,0
DA:100,0
DA:101,0
DA:103,0
DA:104,0
DA:105,0
DA:106,0
DA:107,0
DA:108,0
DA:110,0
DA:111,0
DA:114,0
DA:115,0
DA:116,0
DA:118,0
DA:119,0
DA:120,0
DA:121,0
DA:122,0
DA:123,0
DA:124,0
DA:125,0
DA:126,0
DA:127,0
DA:131,0
DA:134,0
DA:138,0
DA:139,0
DA:140,0
DA:142,0
DA:143,0
DA:144,0
DA:147,0
DA:148,0
DA:152,0
DA:153,0
DA:154,0
DA:155,0
DA:157,0
DA:163,0
DA:167,0
DA:171,0
DA:175,0
DA:177,0
DA:178,0
DA:179,0
DA:180,0
DA:181,0
DA:185,0
DA:186,0
DA:189,0
DA:191,0
DA:192,0
DA:193,0
DA:194,0
DA:195,0
DA:197,0
DA:200,0
DA:201,0
DA:202,0
DA:204,0
DA:205,0
DA:208,0
DA:211,0
DA:212,0
DA:213,0
DA:214,0
DA:215,0
DA:216,0
DA:220,0
DA:222,0
DA:224,0
DA:225,0
DA:228,0
DA:229,0
DA:230,0
DA:232,0
DA:233,0
DA:234,0
DA:237,0
DA:238,0
DA:240,0
DA:241,0
DA:242,0
DA:245,0
DA:249,0
DA:250,0
DA:251,0
DA:253,0
DA:257,1
DA:259,0
DA:262,0
DA:265,0
DA:267,0
DA:268,0
DA:271,1
DA:272,1
DA:273,1
DA:274,0
DA:275,0
DA:278,0
DA:281,1
DA:285,0
DA:286,0
DA:287,0
DA:289,0
DA:290,0
DA:291,0
DA:293,0
DA:295,0
DA:297,0
DA:299,0
DA:302,0
DA:306,0
DA:307,0
DA:310,0
DA:314,0
LF:156
LH:17
BRDA:83,0,0,0
BRDA:83,0,1,0
BRDA:103,1,0,0
BRDA:103,1,1,0
BRDA:103,2,0,0
BRDA:103,2,1,0
BRDA:106,3,0,0
BRDA:106,3,1,0
BRDA:106,4,0,0
BRDA:106,4,1,0
BRDA:121,5,0,0
BRDA:121,5,1,0
BRDA:142,6,0,0
BRDA:142,6,1,0
BRDA:143,7,0,0
BRDA:143,7,1,0
BRDA:147,8,0,0
BRDA:147,8,1,0
BRDA:180,9,0,0
BRDA:180,9,1,0
BRDA:185,10,0,0
BRDA:185,10,1,0
BRDA:192,11,0,0
BRDA:192,11,1,0
BRDA:194,12,0,0
BRDA:194,12,1,0
BRDA:204,13,0,0
BRDA:204,13,1,0
BRDA:214,14,0,0
BRDA:214,14,1,0
BRDA:220,15,0,0
BRDA:220,15,1,0
BRDA:224,16,0,0
BRDA:224,16,1,0
BRDA:232,17,0,0
BRDA:232,17,1,0
BRDA:233,18,0,0
BRDA:233,18,1,0
BRDA:240,19,0,0
BRDA:240,19,1,0
BRDA:241,20,0,0
BRDA:241,20,1,0
BRDA:250,21,0,0
BRDA:250,21,1,0
BRDA:267,22,0,0
BRDA:267,22,1,0
BRDA:273,23,0,1
BRDA:273,23,1,0
BRDA:274,24,0,0
BRDA:274,24,1,0
BRF:50
BRH:1
end_of_record
TN:
SF:src\containmentType.js
FNF:0
FNH:0
DA:5,8
LF:1
LH:1
BRF:0
BRH:0
end_of_record
TN:
SF:src\math_helper.js
FN:4,(anonymous_0)
FN:8,(anonymous_1)
FN:12,(anonymous_2)
FN:16,(anonymous_3)
FN:20,(anonymous_4)
FN:24,(anonymous_5)
FN:28,(anonymous_6)
FN:32,(anonymous_7)
FN:36,(anonymous_8)
FN:45,(anonymous_9)
FN:47,(anonymous_10)
FN:49,(anonymous_11)
FN:61,(anonymous_12)
FN:63,(anonymous_13)
FN:65,(anonymous_14)
FN:67,(anonymous_15)
FN:70,(anonymous_16)
FN:73,(anonymous_17)
FN:75,(anonymous_18)
FN:85,(anonymous_19)
FN:87,(anonymous_20)
FN:102,(anonymous_21)
FNF:22
FNH:22
FNDA:1,(anonymous_0)
FNDA:1,(anonymous_1)
FNDA:1,(anonymous_2)
FNDA:21,(anonymous_3)
FNDA:1,(anonymous_4)
FNDA:1,(anonymous_5)
FNDA:7,(anonymous_6)
FNDA:10,(anonymous_7)
FNDA:10,(anonymous_8)
FNDA:24,(anonymous_9)
FNDA:2,(anonymous_10)
FNDA:22,(anonymous_11)
FNDA:12,(anonymous_12)
FNDA:2,(anonymous_13)
FNDA:2,(anonymous_14)
FNDA:12,(anonymous_15)
FNDA:3,(anonymous_16)
FNDA:3,(anonymous_17)
FNDA:4,(anonymous_18)
FNDA:6,(anonymous_19)
FNDA:6,(anonymous_20)
FNDA:1,(anonymous_21)
DA:5,1
DA:9,1
DA:13,1
DA:17,21
DA:21,1
DA:25,1
DA:29,7
DA:32,9
DA:33,10
DA:36,9
DA:37,10
DA:38,10
DA:39,10
DA:45,24
DA:47,9
DA:49,9
DA:50,22
DA:51,22
DA:53,22
DA:61,12
DA:63,9
DA:65,9
DA:67,12
DA:70,9
DA:73,9
DA:75,9
DA:76,4
DA:78,4
DA:80,3
DA:82,3
DA:85,9
DA:87,9
DA:88,6
DA:90,5
DA:91,5
DA:92,5
DA:93,5
DA:94,5
DA:95,5
DA:96,5
DA:98,5
DA:99,3
DA:103,1
LF:43
LH:43
BRDA:53,0,0,1
BRDA:53,0,1,21
BRDA:54,1,0,1
BRDA:54,1,1,20
BRDA:78,2,0,1
BRDA:78,2,1,3
BRDA:78,3,0,4
BRDA:78,3,1,2
BRDA:82,4,0,1
BRDA:82,4,1,2
BRDA:85,5,0,6
BRDA:85,5,1,6
BRDA:88,6,0,1
BRDA:88,6,1,5
BRDA:98,7,0,2
BRDA:98,7,1,3
BRF:16
BRH:16
end_of_record
TN:
SF:src\matrix.js
FN:10,(anonymous_0)
FN:51,(anonymous_1)
FN:55,(anonymous_2)
FN:57,(anonymous_3)
FN:58,(anonymous_4)
FN:68,(anonymous_5)
FN:71,(anonymous_6)
FN:72,(anonymous_7)
FN:75,(anonymous_8)
FN:76,(anonymous_9)
FN:79,(anonymous_10)
FN:80,(anonymous_11)
FN:83,(anonymous_12)
FN:84,(anonymous_13)
FN:87,(anonymous_14)
FN:88,(anonymous_15)
FN:91,(anonymous_16)
FN:92,(anonymous_17)
FN:95,(anonymous_18)
FN:96,(anonymous_19)
FN:99,(anonymous_20)
FN:100,(anonymous_21)
FN:103,(anonymous_22)
FN:104,(anonymous_23)
FN:107,(anonymous_24)
FN:108,(anonymous_25)
FN:111,(anonymous_26)
FN:112,(anonymous_27)
FN:115,(anonymous_28)
FN:116,(anonymous_29)
FN:119,(anonymous_30)
FN:120,(anonymous_31)
FN:123,(anonymous_32)
FN:124,(anonymous_33)
FN:127,(anonymous_34)
FN:128,(anonymous_35)
FN:131,(anonymous_36)
FN:132,(anonymous_37)
FN:135,(anonymous_38)
FN:136,(anonymous_39)
FN:143,(anonymous_40)
FN:144,(anonymous_41)
FN:151,(anonymous_42)
FN:152,(anonymous_43)
FN:159,(anonymous_44)
FN:160,(anonymous_45)
FN:167,(anonymous_46)
FN:168,(anonymous_47)
FN:175,(anonymous_48)
FN:176,(anonymous_49)
FN:183,(anonymous_50)
FN:184,(anonymous_51)
FN:195,(anonymous_52)
FN:207,(anonymous_53)
FN:208,(anonymous_54)
FN:220,(anonymous_55)
FN:221,(anonymous_56)
FN:258,(anonymous_57)
FN:259,(anonymous_58)
FN:322,(anonymous_59)
FN:323,(anonymous_60)
FN:347,(anonymous_61)
FN:348,(anonymous_62)
FN:367,(anonymous_63)
FN:368,(anonymous_64)
FN:376,(anonymous_65)
FN:377,(anonymous_66)
FN:392,(anonymous_67)
FN:393,(anonymous_68)
FN:416,(anonymous_69)
FN:417,(anonymous_70)
FN:429,(anonymous_71)
FN:430,(anonymous_72)
FN:455,(anonymous_73)
FN:456,(anonymous_74)
FN:491,(anonymous_75)
FN:492,(anonymous_76)
FN:525,(anonymous_77)
FN:526,(anonymous_78)
FN:544,(anonymous_79)
FN:545,(anonymous_80)
FN:559,(anonymous_81)
FN:561,(anonymous_82)
FN:575,(anonymous_83)
FN:577,(anonymous_84)
FN:591,(anonymous_85)
FN:593,(anonymous_86)
FN:601,(anonymous_87)
FN:609,(anonymous_88)
FN:621,(anonymous_89)
FN:622,(anonymous_90)
FN:652,(anonymous_91)
FN:654,(anonymous_92)
FN:665,(anonymous_93)
FN:680,(anonymous_94)
FN:682,(anonymous_95)
FN:701,(anonymous_96)
FN:703,(anonymous_97)
FN:712,(anonymous_98)
FN:724,(anonymous_99)
FN:725,(anonymous_100)
FN:787,(anonymous_101)
FN:788,(anonymous_102)
FN:800,(anonymous_103)
FN:802,(anonymous_104)
FN:810,(anonymous_105)
FN:815,(anonymous_106)
FN:838,(anonymous_107)
FN:839,(anonymous_108)
FN:851,(anonymous_109)
FN:852,(anonymous_110)
FN:864,(anonymous_111)
FN:865,(anonymous_112)
FN:892,(anonymous_113)
FN:893,(anonymous_114)
FN:905,(anonymous_115)
FN:909,(anonymous_116)
FN:913,(anonymous_117)
FN:917,(anonymous_118)
FN:921,(anonymous_119)
FN:925,(anonymous_120)
FN:929,(anonymous_121)
FN:933,(anonymous_122)
FN:934,(anonymous_123)
FN:980,(anonymous_124)
FN:981,(anonymous_125)
FN:1005,(anonymous_126)
FN:1006,(anonymous_127)
FN:1023,(anonymous_128)
FN:1028,(anonymous_129)
FN:1029,(anonymous_130)
FN:1036,(anonymous_131)
FNF:132
FNH:131
FNDA:4,(anonymous_0)
FNDA:0,(anonymous_1)
FNDA:7,(anonymous_2)
FNDA:17,(anonymous_3)
FNDA:62,(anonymous_4)
FNDA:79,(anonymous_5)
FNDA:83,(anonymous_6)
FNDA:1,(anonymous_7)
FNDA:73,(anonymous_8)
FNDA:1,(anonymous_9)
FNDA:63,(anonymous_10)
FNDA:1,(anonymous_11)
FNDA:52,(anonymous_12)
FNDA:1,(anonymous_13)
FNDA:73,(anonymous_14)
FNDA:1,(anonymous_15)
FNDA:83,(anonymous_16)
FNDA:1,(anonymous_17)
FNDA:63,(anonymous_18)
FNDA:1,(anonymous_19)
FNDA:52,(anonymous_20)
FNDA:1,(anonymous_21)
FNDA:62,(anonymous_22)
FNDA:1,(anonymous_23)
FNDA:62,(anonymous_24)
FNDA:1,(anonymous_25)
FNDA:70,(anonymous_26)
FNDA:1,(anonymous_27)
FNDA:51,(anonymous_28)
FNDA:1,(anonymous_29)
FNDA:60,(anonymous_30)
FNDA:1,(anonymous_31)
FNDA:60,(anonymous_32)
FNDA:1,(anonymous_33)
FNDA:55,(anonymous_34)
FNDA:1,(anonymous_35)
FNDA:52,(anonymous_36)
FNDA:1,(anonymous_37)
FNDA:4,(anonymous_38)
FNDA:1,(anonymous_39)
FNDA:4,(anonymous_40)
FNDA:1,(anonymous_41)
FNDA:4,(anonymous_42)
FNDA:2,(anonymous_43)
FNDA:4,(anonymous_44)
FNDA:1,(anonymous_45)
FNDA:4,(anonymous_46)
FNDA:2,(anonymous_47)
FNDA:4,(anonymous_48)
FNDA:2,(anonymous_49)
FNDA:4,(anonymous_50)
FNDA:2,(anonymous_51)
FNDA:1,(anonymous_52)
FNDA:1,(anonymous_53)
FNDA:2,(anonymous_54)
FNDA:1,(anonymous_55)
FNDA:2,(anonymous_56)
FNDA:1,(anonymous_57)
FNDA:2,(anonymous_58)
FNDA:1,(anonymous_59)
FNDA:1,(anonymous_60)
FNDA:1,(anonymous_61)
FNDA:2,(anonymous_62)
FNDA:1,(anonymous_63)
FNDA:1,(anonymous_64)
FNDA:1,(anonymous_65)
FNDA:1,(anonymous_66)
FNDA:1,(anonymous_67)
FNDA:1,(anonymous_68)
FNDA:1,(anonymous_69)
FNDA:1,(anonymous_70)
FNDA:1,(anonymous_71)
FNDA:4,(anonymous_72)
FNDA:1,(anonymous_73)
FNDA:6,(anonymous_74)
FNDA:1,(anonymous_75)
FNDA:4,(anonymous_76)
FNDA:1,(anonymous_77)
FNDA:1,(anonymous_78)
FNDA:1,(anonymous_79)
FNDA:1,(anonymous_80)
FNDA:1,(anonymous_81)
FNDA:1,(anonymous_82)
FNDA:1,(anonymous_83)
FNDA:1,(anonymous_84)
FNDA:1,(anonymous_85)
FNDA:1,(anonymous_86)
FNDA:1,(anonymous_87)
FNDA:1,(anonymous_88)
FNDA:1,(anonymous_89)
FNDA:1,(anonymous_90)
FNDA:1,(anonymous_91)
FNDA:1,(anonymous_92)
FNDA:1,(anonymous_93)
FNDA:1,(anonymous_94)
FNDA:1,(anonymous_95)
FNDA:1,(anonymous_96)
FNDA:1,(anonymous_97)
FNDA:2,(anonymous_98)
FNDA:2,(anonymous_99)
FNDA:2,(anonymous_100)
FNDA:1,(anonymous_101)
FNDA:1,(anonymous_102)
FNDA:1,(anonymous_103)
FNDA:1,(anonymous_104)
FNDA:2,(anonymous_105)
FNDA:2,(anonymous_106)
FNDA:1,(anonymous_107)
FNDA:1,(anonymous_108)
FNDA:1,(anonymous_109)
FNDA:1,(anonymous_110)
FNDA:1,(anonymous_111)
FNDA:1,(anonymous_112)
FNDA:2,(anonymous_113)
FNDA:2,(anonymous_114)
FNDA:1,(anonymous_115)
FNDA:1,(anonymous_116)
FNDA:1,(anonymous_117)
FNDA:2,(anonymous_118)
FNDA:2,(anonymous_119)
FNDA:2,(anonymous_120)
FNDA:1,(anonymous_121)
FNDA:1,(anonymous_122)
FNDA:1,(anonymous_123)
FNDA:1,(anonymous_124)
FNDA:1,(anonymous_125)
FNDA:1,(anonymous_126)
FNDA:5,(anonymous_127)
FNDA:1,(anonymous_128)
FNDA:1,(anonymous_129)
FNDA:1,(anonymous_130)
FNDA:2,(anonymous_131)
DA:7,8
DA:11,4
DA:19,79
DA:21,79
DA:23,79
DA:25,79
DA:27,79
DA:29,79
DA:31,79
DA:33,79
DA:35,79
DA:37,79
DA:39,79
DA:41,79
DA:43,79
DA:45,79
DA:47,79
DA:49,79
DA:52,0
DA:55,8
DA:56,7
DA:59,62
DA:60,62
DA:61,62
DA:62,62
DA:65,7
DA:69,79
DA:71,83
DA:72,1
DA:75,73
DA:76,1
DA:79,63
DA:80,1
DA:83,52
DA:84,1
DA:87,73
DA:88,1
DA:91,83
DA:92,1
DA:95,63
DA:96,1
DA:99,52
DA:100,1
DA:103,62
DA:104,1
DA:107,62
DA:108,1
DA:111,70
DA:112,1
DA:115,51
DA:116,1
DA:119,60
DA:120,1
DA:123,60
DA:124,1
DA:127,55
DA:128,1
DA:131,52
DA:132,1
DA:135,4
DA:137,1
DA:138,1
DA:139,1
DA:143,4
DA:145,1
DA:146,1
DA:147,1
DA:151,4
DA:153,2
DA:154,2
DA:155,2
DA:159,4
DA:161,1
DA:162,1
DA:163,1
DA:167,4
DA:169,2
DA:170,2
DA:171,2
DA:175,4
DA:177,2
DA:178,2
DA:179,2
DA:183,4
DA:185,2
DA:186,2
DA:187,2
DA:192,79
DA:196,1
DA:202,1
DA:203,16
DA:208,1
DA:209,2
DA:217,1
DA:221,1
DA:222,2
DA:224,2
DA:229,2
DA:231,2
DA:232,0
DA:233,0
DA:235,0
DA:236,0
DA:237,0
DA:240,2
DA:243,2
DA:244,2
DA:245,2
DA:247,2
DA:255,1
DA:259,1
DA:260,2
DA:264,2
DA:271,2
DA:272,2
DA:273,0
DA:274,0
DA:276,0
DA:277,0
DA:278,0
DA:281,2
DA:284,2
DA:285,2
DA:287,2
DA:288,2
DA:289,2
DA:290,2
DA:291,2
DA:292,2
DA:293,2
DA:294,2
DA:297,0
DA:298,0
DA:300,2
DA:301,2
DA:302,2
DA:303,2
DA:305,0
DA:306,0
DA:307,0
DA:308,0
DA:311,2
DA:319,1
DA:323,1
DA:324,1
DA:325,1
DA:326,1
DA:327,1
DA:329,1
DA:330,1
DA:331,1
DA:332,1
DA:333,1
DA:334,1
DA:336,1
DA:344,1
DA:348,1
DA:349,2
DA:351,2
DA:353,2
DA:354,2
DA:356,2
DA:364,1
DA:368,1
DA:369,1
DA:370,1
DA:373,1
DA:377,1
DA:378,1
DA:379,1
DA:380,1
DA:381,1
DA:389,1
DA:393,1
DA:394,1
DA:395,1
DA:396,1
DA:397,1
DA:398,1
DA:400,1
DA:401,1
DA:402,1
DA:403,1
DA:404,1
DA:405,1
DA:406,1
DA:407,1
DA:408,1
DA:410,1
DA:413,1
DA:417,1
DA:418,1
DA:426,1
DA:430,1
DA:431,4
DA:432,1
DA:435,3
DA:436,1
DA:439,2
DA:440,1
DA:443,1
DA:444,1
DA:445,1
DA:446,1
DA:447,1
DA:448,1
DA:449,1
DA:452,1
DA:456,1
DA:457,6
DA:458,2
DA:461,4
DA:462,1
DA:465,3
DA:466,1
DA:469,2
DA:470,1
DA:473,1
DA:474,1
DA:475,1
DA:476,1
DA:477,1
DA:479,1
DA:480,1
DA:481,1
DA:482,1
DA:483,1
DA:485,1
DA:488,1
DA:492,1
DA:493,4
DA:494,1
DA:497,3
DA:498,1
DA:501,2
DA:502,1
DA:505,1
DA:506,1
DA:507,1
DA:508,1
DA:509,1
DA:511,1
DA:512,1
DA:513,1
DA:514,1
DA:515,1
DA:516,1
DA:517,1
DA:519,1
DA:522,1
DA:526,1
DA:527,1
DA:528,1
DA:529,1
DA:530,1
DA:531,1
DA:532,1
DA:533,1
DA:541,1
DA:545,1
DA:546,1
DA:547,1
DA:548,1
DA:549,1
DA:550,1
DA:551,1
DA:552,1
DA:553,1
DA:556,1
DA:560,1
DA:562,1
DA:563,1
DA:564,1
DA:565,1
DA:566,1
DA:567,1
DA:568,1
DA:569,1
DA:572,1
DA:576,1
DA:578,1
DA:579,1
DA:580,1
DA:581,1
DA:582,1
DA:583,1
DA:584,1
DA:585,1
DA:588,1
DA:592,1
DA:594,1
DA:595,1
DA:596,1
DA:597,1
DA:598,1
DA:599,1
DA:602,1
DA:603,1
DA:604,1
DA:605,1
DA:606,1
DA:607,1
DA:610,1
DA:611,1
DA:612,1
DA:613,1
DA:614,1
DA:615,1
DA:618,1
DA:622,1
DA:623,1
DA:624,1
DA:625,1
DA:626,1
DA:627,1
DA:629,1
DA:630,1
DA:631,1
DA:632,1
DA:633,1
DA:634,1
DA:635,1
DA:636,1
DA:637,1
DA:638,1
DA:639,1
DA:640,1
DA:641,1
DA:642,1
DA:643,1
DA:644,1
DA:645,1
DA:646,1
DA:649,1
DA:653,1
DA:655,1
DA:656,1
DA:657,1
DA:658,1
DA:659,1
DA:660,1
DA:661,1
DA:662,1
DA:663,1
DA:666,1
DA:667,1
DA:668,1
DA:669,1
DA:670,1
DA:671,1
DA:672,1
DA:673,1
DA:674,1
DA:677,1
DA:681,1
DA:683,1
DA:684,1
DA:685,1
DA:686,1
DA:687,1
DA:689,1
DA:690,1
DA:691,1
DA:692,1
DA:693,1
DA:694,1
DA:695,1
DA:698,1
DA:702,1
DA:704,1
DA:705,1
DA:713,2
DA:721,1
DA:725,2
DA:726,2
DA:727,2
DA:728,2
DA:729,2
DA:731,2
DA:733,2
DA:734,2
DA:735,2
DA:736,2
DA:737,2
DA:738,2
DA:740,2
DA:741,2
DA:742,2
DA:743,2
DA:745,2
DA:747,2
DA:748,2
DA:749,2
DA:750,2
DA:752,2
DA:753,2
DA:754,2
DA:755,2
DA:757,2
DA:758,2
DA:759,2
DA:760,2
DA:761,2
DA:762,2
DA:764,2
DA:765,2
DA:766,2
DA:767,2
DA:769,2
DA:770,2
DA:771,2
DA:772,2
DA:773,2
DA:774,2
DA:776,2
DA:777,2
DA:778,2
DA:779,2
DA:781,2
DA:784,2
DA:788,1
DA:789,1
DA:797,1
DA:801,1
DA:803,1
DA:811,2
DA:812,2
DA:813,2
DA:816,2
DA:817,2
DA:818,2
DA:819,2
DA:820,2
DA:821,2
DA:822,2
DA:823,2
DA:824,2
DA:825,2
DA:826,2
DA:827,2
DA:828,2
DA:829,2
DA:830,2
DA:831,2
DA:832,2
DA:835,1
DA:839,1
DA:840,1
DA:848,1
DA:852,1
DA:853,1
DA:861,1
DA:865,1
DA:866,1
DA:867,1
DA:868,1
DA:869,1
DA:870,1
DA:872,1
DA:873,1
DA:874,1
DA:875,1
DA:877,1
DA:878,1
DA:879,1
DA:881,1
DA:889,1
DA:893,2
DA:894,2
DA:902,2
DA:906,1
DA:910,1
DA:914,1
DA:918,2
DA:922,2
DA:926,2
DA:930,1
DA:934,1
DA:935,1
DA:936,1
DA:937,1
DA:938,1
DA:940,1
DA:941,1
DA:942,1
DA:944,1
DA:945,1
DA:946,1
DA:948,1
DA:949,1
DA:950,1
DA:952,1
DA:953,0
DA:954,0
DA:955,0
DA:956,0
DA:957,0
DA:958,0
DA:961,1
DA:968,1
DA:970,1
DA:971,1
DA:972,1
DA:973,1
DA:974,1
DA:977,1
DA:981,1
DA:982,1
DA:983,1
DA:984,1
DA:985,1
DA:987,1
DA:988,1
DA:989,1
DA:990,1
DA:991,1
DA:992,1
DA:994,1
DA:1002,1
DA:1006,1
DA:1007,5
DA:1023,1
DA:1025,1
DA:1029,1
DA:1030,1
DA:1033,1
DA:1037,2
LF:527
LH:504
BRDA:231,0,0,0
BRDA:231,0,1,2
BRDA:232,1,0,0
BRDA:232,1,1,0
BRDA:272,2,0,0
BRDA:272,2,1,2
BRDA:273,3,0,0
BRDA:273,3,1,0
BRDA:287,4,0,2
BRDA:287,4,1,0
BRDA:289,5,0,2
BRDA:289,5,1,0
BRDA:292,6,0,2
BRDA:292,6,1,0
BRDA:294,7,0,2
BRDA:294,7,1,0
BRDA:298,8,0,0
BRDA:298,8,1,0
BRDA:431,9,0,1
BRDA:431,9,1,3
BRDA:435,10,0,1
BRDA:435,10,1,2
BRDA:439,11,0,1
BRDA:439,11,1,1
BRDA:457,12,0,2
BRDA:457,12,1,4
BRDA:457,13,0,6
BRDA:457,13,1,5
BRDA:461,14,0,1
BRDA:461,14,1,3
BRDA:465,15,0,1
BRDA:465,15,1,2
BRDA:469,16,0,1
BRDA:469,16,1,1
BRDA:493,17,0,1
BRDA:493,17,1,3
BRDA:497,18,0,1
BRDA:497,18,1,2
BRDA:501,19,0,1
BRDA:501,19,1,1
BRDA:944,20,0,0
BRDA:944,20,1,1
BRDA:945,21,0,0
BRDA:945,21,1,1
BRDA:946,22,0,0
BRDA:946,22,1,1
BRDA:952,23,0,0
BRDA:952,23,1,1
BRDA:952,24,0,1
BRDA:952,24,1,1
BRDA:952,24,2,1
BRDA:1007,25,0,5
BRDA:1007,25,1,3
BRDA:1007,25,2,3
BRDA:1007,25,3,3
BRDA:1007,25,4,3
BRDA:1007,25,5,3
BRDA:1007,25,6,3
BRDA:1007,25,7,3
BRDA:1007,25,8,3
BRDA:1007,25,9,3
BRDA:1007,25,10,3
BRDA:1007,25,11,3
BRDA:1007,25,12,3
BRDA:1007,25,13,3
BRDA:1007,25,14,3
BRDA:1007,25,15,3
BRF:67
BRH:51
end_of_record
TN:
SF:src\plane.js
FN:18,(anonymous_0)
FN:22,(anonymous_1)
FN:24,(anonymous_2)
FN:25,(anonymous_3)
FN:31,(anonymous_4)
FN:37,(anonymous_5)
FN:49,(anonymous_6)
FN:59,(anonymous_7)
FN:62,(anonymous_8)
FN:63,(anonymous_9)
FN:66,(anonymous_10)
FN:67,(anonymous_11)
FN:74,(anonymous_12)
FN:79,(anonymous_13)
FN:80,(anonymous_14)
FN:95,(anonymous_15)
FN:97,(anonymous_16)
FN:102,(anonymous_17)
FN:112,(anonymous_18)
FN:116,(anonymous_19)
FN:120,(anonymous_20)
FN:121,(anonymous_21)
FN:131,(anonymous_22)
FN:132,(anonymous_23)
FN:142,(anonymous_24)
FN:143,(anonymous_25)
FN:153,(anonymous_26)
FN:154,(anonymous_27)
FN:156,(anonymous_28)
FN:161,(anonymous_29)
FN:163,(anonymous_30)
FN:166,(anonymous_31)
FN:169,(anonymous_32)
FN:172,(anonymous_33)
FN:182,(anonymous_34)
FN:183,(anonymous_35)
FN:192,(anonymous_36)
FN:193,(anonymous_37)
FN:200,(anonymous_38)
FNF:39
FNH:36
FNDA:0,(anonymous_0)
FNDA:3,(anonymous_1)
FNDA:5,(anonymous_2)
FNDA:28,(anonymous_3)
FNDA:1,(anonymous_4)
FNDA:1,(anonymous_5)
FNDA:2,(anonymous_6)
FNDA:37,(anonymous_7)
FNDA:190,(anonymous_8)
FNDA:1,(anonymous_9)
FNDA:76,(anonymous_10)
FNDA:13,(anonymous_11)
FNDA:1,(anonymous_12)
FNDA:2,(anonymous_13)
FNDA:2,(anonymous_14)
FNDA:1,(anonymous_15)
FNDA:1,(anonymous_16)
FNDA:1,(anonymous_17)
FNDA:0,(anonymous_18)
FNDA:0,(anonymous_19)
FNDA:1,(anonymous_20)
FNDA:1,(anonymous_21)
FNDA:1,(anonymous_22)
FNDA:9,(anonymous_23)
FNDA:1,(anonymous_24)
FNDA:1,(anonymous_25)
FNDA:1,(anonymous_26)
FNDA:2,(anonymous_27)
FNDA:1,(anonymous_28)
FNDA:1,(anonymous_29)
FNDA:1,(anonymous_30)
FNDA:1,(anonymous_31)
FNDA:1,(anonymous_32)
FNDA:8,(anonymous_33)
FNDA:1,(anonymous_34)
FNDA:1,(anonymous_35)
FNDA:1,(anonymous_36)
FNDA:1,(anonymous_37)
FNDA:2,(anonymous_38)
DA:11,8
DA:14,37
DA:16,37
DA:19,0
DA:22,8
DA:23,3
DA:26,28
DA:27,28
DA:28,28
DA:29,28
DA:32,1
DA:33,1
DA:34,1
DA:35,1
DA:38,1
DA:39,1
DA:41,1
DA:42,1
DA:44,1
DA:45,1
DA:46,1
DA:47,1
DA:50,2
DA:51,2
DA:52,2
DA:53,2
DA:56,3
DA:60,37
DA:62,190
DA:63,1
DA:66,76
DA:67,13
DA:71,37
DA:75,1
DA:76,1
DA:80,2
DA:81,2
DA:82,2
DA:83,2
DA:84,2
DA:86,2
DA:88,2
DA:89,2
DA:92,2
DA:96,1
DA:98,1
DA:99,1
DA:100,1
DA:103,1
DA:104,1
DA:105,1
DA:106,1
DA:109,1
DA:113,0
DA:117,0
DA:121,1
DA:122,1
DA:123,1
DA:124,1
DA:125,1
DA:128,1
DA:132,1
DA:133,9
DA:134,9
DA:135,9
DA:136,9
DA:139,1
DA:143,1
DA:144,1
DA:145,1
DA:146,1
DA:147,1
DA:150,1
DA:154,1
DA:155,2
DA:156,1
DA:158,1
DA:162,1
DA:164,1
DA:167,1
DA:170,1
DA:173,8
DA:174,8
DA:175,0
DA:176,0
DA:179,1
DA:183,1
DA:184,1
DA:185,1
DA:186,1
DA:189,1
DA:193,1
DA:194,1
DA:197,1
DA:201,2
LF:95
LH:90
BRDA:155,0,0,2
BRDA:155,0,1,2
BRDA:174,1,0,8
BRDA:174,1,1,0
BRDA:175,2,0,0
BRDA:175,2,1,0
BRF:6
BRH:3
end_of_record
TN:
SF:src\planeIntersectionType.js
FNF:0
FNH:0
DA:5,8
LF:1
LH:1
BRF:0
BRH:0
end_of_record
TN:
SF:src\point.js
FN:6,(anonymous_0)
FN:14,(anonymous_1)
FN:18,(anonymous_2)
FN:20,(anonymous_3)
FN:21,(anonymous_4)
FN:29,(anonymous_5)
FN:32,(anonymous_6)
FN:33,(anonymous_7)
FN:36,(anonymous_8)
FN:37,(anonymous_9)
FN:44,(anonymous_10)
FN:49,(anonymous_11)
FN:50,(anonymous_12)
FN:57,(anonymous_13)
FN:58,(anonymous_14)
FN:65,(anonymous_15)
FN:66,(anonymous_16)
FN:73,(anonymous_17)
FN:75,(anonymous_18)
FN:78,(anonymous_19)
FN:85,(anonymous_20)
FN:87,(anonymous_21)
FN:90,(anonymous_22)
FN:97,(anonymous_23)
FN:101,(anonymous_24)
FN:105,(anonymous_25)
FN:106,(anonymous_26)
FN:108,(anonymous_27)
FN:113,(anonymous_28)
FN:114,(anonymous_29)
FN:121,(anonymous_30)
FNF:31
FNH:30
FNDA:1,(anonymous_0)
FNDA:0,(anonymous_1)
FNDA:2,(anonymous_2)
FNDA:2,(anonymous_3)
FNDA:35,(anonymous_4)
FNDA:37,(anonymous_5)
FNDA:12,(anonymous_6)
FNDA:36,(anonymous_7)
FNDA:12,(anonymous_8)
FNDA:36,(anonymous_9)
FNDA:13,(anonymous_10)
FNDA:1,(anonymous_11)
FNDA:1,(anonymous_12)
FNDA:1,(anonymous_13)
FNDA:1,(anonymous_14)
FNDA:1,(anonymous_15)
FNDA:1,(anonymous_16)
FNDA:1,(anonymous_17)
FNDA:1,(anonymous_18)
FNDA:1,(anonymous_19)
FNDA:1,(anonymous_20)
FNDA:1,(anonymous_21)
FNDA:1,(anonymous_22)
FNDA:2,(anonymous_23)
FNDA:2,(anonymous_24)
FNDA:1,(anonymous_25)
FNDA:6,(anonymous_26)
FNDA:1,(anonymous_27)
FNDA:1,(anonymous_28)
FNDA:1,(anonymous_29)
FNDA:2,(anonymous_30)
DA:3,2
DA:7,1
DA:10,37
DA:12,37
DA:15,0
DA:18,2
DA:19,2
DA:22,35
DA:23,35
DA:26,2
DA:30,37
DA:32,12
DA:33,36
DA:36,12
DA:37,36
DA:41,37
DA:45,13
DA:46,13
DA:50,1
DA:51,1
DA:54,1
DA:58,1
DA:59,1
DA:62,1
DA:66,1
DA:67,1
DA:70,1
DA:74,1
DA:76,1
DA:79,1
DA:82,1
DA:86,1
DA:88,1
DA:91,1
DA:94,1
DA:98,2
DA:102,2
DA:106,1
DA:107,6
DA:108,1
DA:110,1
DA:114,1
DA:115,1
DA:118,1
DA:122,2
LF:45
LH:44
BRDA:107,0,0,6
BRDA:107,0,1,3
BRF:2
BRH:2
end_of_record
TN:
SF:src\quaternion.js
FN:8,(anonymous_0)
FN:20,(anonymous_1)
FN:24,(anonymous_2)
FN:26,(anonymous_3)
FN:27,(anonymous_4)
FN:33,(anonymous_5)
FN:43,(anonymous_6)
FN:46,(anonymous_7)
FN:47,(anonymous_8)
FN:50,(anonymous_9)
FN:51,(anonymous_10)
FN:54,(anonymous_11)
FN:55,(anonymous_12)
FN:58,(anonymous_13)
FN:59,(anonymous_14)
FN:66,(anonymous_15)
FN:73,(anonymous_16)
FN:74,(anonymous_17)
FN:86,(anonymous_18)
FN:87,(anonymous_19)
FN:102,(anonymous_20)
FN:103,(anonymous_21)
FN:110,(anonymous_22)
FN:111,(anonymous_23)
FN:122,(anonymous_24)
FN:123,(anonymous_25)
FN:178,(anonymous_26)
FN:179,(anonymous_27)
FN:204,(anonymous_28)
FN:205,(anonymous_29)
FN:235,(anonymous_30)
FN:236,(anonymous_31)
FN:245,(anonymous_32)
FN:246,(anonymous_33)
FN:262,(anonymous_34)
FN:263,(anonymous_35)
FN:270,(anonymous_36)
FN:287,(anonymous_37)
FN:289,(anonymous_38)
FN:297,(anonymous_39)
FN:317,(anonymous_40)
FN:318,(anonymous_41)
FN:325,(anonymous_42)
FN:326,(anonymous_43)
FN:340,(anonymous_44)
FN:341,(anonymous_45)
FN:361,(anonymous_46)
FN:374,(anonymous_47)
FN:375,(anonymous_48)
FN:387,(anonymous_49)
FN:391,(anonymous_50)
FN:395,(anonymous_51)
FN:399,(anonymous_52)
FN:403,(anonymous_53)
FN:407,(anonymous_54)
FN:411,(anonymous_55)
FN:415,(anonymous_56)
FN:416,(anonymous_57)
FN:425,(anonymous_58)
FN:426,(anonymous_59)
FN:433,(anonymous_60)
FN:434,(anonymous_61)
FN:441,(anonymous_62)
FN:442,(anonymous_63)
FN:453,(anonymous_64)
FN:454,(anonymous_65)
FN:456,(anonymous_66)
FN:461,(anonymous_67)
FN:462,(anonymous_68)
FN:469,(anonymous_69)
FNF:70
FNH:69
FNDA:1,(anonymous_0)
FNDA:0,(anonymous_1)
FNDA:6,(anonymous_2)
FNDA:10,(anonymous_3)
FNDA:86,(anonymous_4)
FNDA:1,(anonymous_5)
FNDA:97,(anonymous_6)
FNDA:47,(anonymous_7)
FNDA:2,(anonymous_8)
FNDA:47,(anonymous_9)
FNDA:2,(anonymous_10)
FNDA:47,(anonymous_11)
FNDA:2,(anonymous_12)
FNDA:55,(anonymous_13)
FNDA:3,(anonymous_14)
FNDA:1,(anonymous_15)
FNDA:1,(anonymous_16)
FNDA:2,(anonymous_17)
FNDA:1,(anonymous_18)
FNDA:1,(anonymous_19)
FNDA:1,(anonymous_20)
FNDA:1,(anonymous_21)
FNDA:1,(anonymous_22)
FNDA:1,(anonymous_23)
FNDA:2,(anonymous_24)
FNDA:5,(anonymous_25)
FNDA:2,(anonymous_26)
FNDA:2,(anonymous_27)
FNDA:1,(anonymous_28)
FNDA:2,(anonymous_29)
FNDA:1,(anonymous_30)
FNDA:6,(anonymous_31)
FNDA:1,(anonymous_32)
FNDA:1,(anonymous_33)
FNDA:1,(anonymous_34)
FNDA:2,(anonymous_35)
FNDA:8,(anonymous_36)
FNDA:1,(anonymous_37)
FNDA:2,(anonymous_38)
FNDA:1,(anonymous_39)
FNDA:1,(anonymous_40)
FNDA:2,(anonymous_41)
FNDA:1,(anonymous_42)
FNDA:1,(anonymous_43)
FNDA:1,(anonymous_44)
FNDA:3,(anonymous_45)
FNDA:12,(anonymous_46)
FNDA:1,(anonymous_47)
FNDA:2,(anonymous_48)
FNDA:1,(anonymous_49)
FNDA:1,(anonymous_50)
FNDA:1,(anonymous_51)
FNDA:1,(anonymous_52)
FNDA:1,(anonymous_53)
FNDA:2,(anonymous_54)
FNDA:2,(anonymous_55)
FNDA:1,(anonymous_56)
FNDA:1,(anonymous_57)
FNDA:1,(anonymous_58)
FNDA:1,(anonymous_59)
FNDA:1,(anonymous_60)
FNDA:3,(anonymous_61)
FNDA:1,(anonymous_62)
FNDA:3,(anonymous_63)
FNDA:1,(anonymous_64)
FNDA:11,(anonymous_65)
FNDA:1,(anonymous_66)
FNDA:1,(anonymous_67)
FNDA:1,(anonymous_68)
FNDA:2,(anonymous_69)
DA:5,8
DA:9,1
DA:12,97
DA:14,97
DA:16,97
DA:18,97
DA:21,0
DA:24,8
DA:25,6
DA:28,86
DA:29,86
DA:30,86
DA:31,86
DA:34,1
DA:35,1
DA:36,1
DA:37,1
DA:40,6
DA:44,97
DA:46,47
DA:47,2
DA:50,47
DA:51,2
DA:54,47
DA:55,2
DA:58,55
DA:59,3
DA:63,97
DA:67,1
DA:68,1
DA:69,1
DA:70,1
DA:74,1
DA:75,2
DA:83,1
DA:87,1
DA:88,1
DA:89,1
DA:91,1
DA:99,1
DA:103,1
DA:104,1
DA:107,1
DA:111,1
DA:112,1
DA:113,1
DA:114,1
DA:115,1
DA:116,1
DA:119,1
DA:123,2
DA:124,5
DA:125,5
DA:128,5
DA:129,1
DA:130,1
DA:131,1
DA:133,1
DA:134,1
DA:135,1
DA:137,1
DA:140,4
DA:141,2
DA:142,2
DA:144,2
DA:145,2
DA:146,2
DA:147,2
DA:149,2
DA:152,2
DA:153,1
DA:154,1
DA:156,1
DA:157,1
DA:158,1
DA:159,1
DA:161,1
DA:164,1
DA:165,1
DA:167,1
DA:168,1
DA:169,1
DA:170,1
DA:172,1
DA:175,2
DA:179,2
DA:180,2
DA:181,2
DA:182,2
DA:184,2
DA:185,2
DA:187,2
DA:188,2
DA:190,2
DA:191,2
DA:193,2
DA:201,2
DA:205,1
DA:206,2
DA:207,2
DA:209,2
DA:211,2
DA:212,2
DA:214,2
DA:215,2
DA:216,2
DA:217,2
DA:219,2
DA:220,2
DA:221,2
DA:222,2
DA:224,2
DA:225,2
DA:226,2
DA:227,2
DA:229,2
DA:232,1
DA:236,1
DA:237,6
DA:238,6
DA:239,6
DA:242,1
DA:246,1
DA:247,1
DA:248,1
DA:249,1
DA:251,1
DA:259,1
DA:263,1
DA:264,2
DA:265,2
DA:267,2
DA:268,2
DA:270,8
DA:272,2
DA:279,2
DA:281,2
DA:284,1
DA:288,1
DA:290,2
DA:298,1
DA:299,1
DA:301,1
DA:302,1
DA:303,1
DA:304,1
DA:306,1
DA:314,1
DA:318,1
DA:319,2
DA:322,1
DA:326,1
DA:327,1
DA:329,1
DA:337,1
DA:341,1
DA:342,3
DA:343,3
DA:345,3
DA:346,3
DA:347,3
DA:350,3
DA:351,2
DA:352,2
DA:354,1
DA:355,1
DA:356,1
DA:357,1
DA:358,1
DA:361,12
DA:363,3
DA:371,1
DA:375,1
DA:376,2
DA:384,1
DA:388,1
DA:392,1
DA:396,1
DA:400,1
DA:404,1
DA:408,2
DA:412,2
DA:416,1
DA:417,1
DA:418,1
DA:419,1
DA:422,1
DA:426,1
DA:427,1
DA:430,1
DA:434,1
DA:435,3
DA:438,1
DA:442,1
DA:443,3
DA:444,3
DA:445,3
DA:446,3
DA:447,3
DA:450,1
DA:454,1
DA:455,11
DA:456,1
DA:458,1
DA:462,1
DA:463,1
DA:466,1
DA:470,2
LF:208
LH:207
BRDA:128,0,0,1
BRDA:128,0,1,4
BRDA:140,1,0,2
BRDA:140,1,1,2
BRDA:140,2,0,4
BRDA:140,2,1,2
BRDA:152,3,0,1
BRDA:152,3,1,1
BRDA:268,4,0,1
BRDA:268,4,1,1
BRDA:347,5,0,2
BRDA:347,5,1,1
BRDA:350,6,0,2
BRDA:350,6,1,1
BRDA:352,7,0,1
BRDA:352,7,1,1
BRDA:358,8,0,1
BRDA:358,8,1,1
BRDA:455,9,0,11
BRDA:455,9,1,8
BRDA:455,9,2,8
BRDA:455,9,3,8
BRF:22
BRH:22
end_of_record
TN:
SF:src\ray.js
FN:15,(anonymous_0)
FN:19,(anonymous_1)
FN:21,(anonymous_2)
FN:25,(anonymous_3)
FN:33,(anonymous_4)
FN:36,(anonymous_5)
FN:37,(anonymous_6)
FN:40,(anonymous_7)
FN:41,(anonymous_8)
FN:48,(anonymous_9)
FN:53,(anonymous_10)
FN:57,(anonymous_11)
FN:61,(anonymous_12)
FN:63,(anonymous_13)
FN:69,(anonymous_14)
FN:93,(anonymous_15)
FN:96,(anonymous_16)
FN:112,(anonymous_17)
FN:129,(anonymous_18)
FN:130,(anonymous_19)
FN:132,(anonymous_20)
FN:137,(anonymous_21)
FN:138,(anonymous_22)
FN:145,(anonymous_23)
FNF:24
FNH:18
FNDA:0,(anonymous_0)
FNDA:1,(anonymous_1)
FNDA:2,(anonymous_2)
FNDA:30,(anonymous_3)
FNDA:32,(anonymous_4)
FNDA:3,(anonymous_5)
FNDA:1,(anonymous_6)
FNDA:3,(anonymous_7)
FNDA:1,(anonymous_8)
FNDA:1,(anonymous_9)
FNDA:0,(anonymous_10)
FNDA:0,(anonymous_11)
FNDA:1,(anonymous_12)
FNDA:24,(anonymous_13)
FNDA:72,(anonymous_14)
FNDA:0,(anonymous_15)
FNDA:0,(anonymous_16)
FNDA:0,(anonymous_17)
FNDA:1,(anonymous_18)
FNDA:1,(anonymous_19)
FNDA:1,(anonymous_20)
FNDA:1,(anonymous_21)
FNDA:1,(anonymous_22)
FNDA:2,(anonymous_23)
DA:8,8
DA:11,32
DA:13,32
DA:16,0
DA:19,8
DA:20,1
DA:22,2
DA:23,2
DA:26,30
DA:27,30
DA:30,1
DA:34,32
DA:36,3
DA:37,1
DA:40,3
DA:41,1
DA:45,32
DA:49,1
DA:50,1
DA:54,0
DA:58,0
DA:62,1
DA:64,24
DA:65,24
DA:66,24
DA:67,24
DA:69,24
DA:70,72
DA:71,48
DA:73,24
DA:74,24
DA:75,24
DA:76,24
DA:77,24
DA:78,24
DA:80,72
DA:83,24
DA:86,0
DA:89,24
DA:91,18
DA:94,0
DA:97,0
DA:99,0
DA:100,0
DA:102,0
DA:104,0
DA:106,0
DA:108,0
DA:110,0
DA:113,0
DA:114,0
DA:116,0
DA:118,0
DA:119,0
DA:120,0
DA:123,0
DA:126,1
DA:130,1
DA:131,1
DA:132,1
DA:134,1
DA:138,1
DA:139,1
DA:142,1
DA:146,2
LF:65
LH:45
BRDA:70,0,0,48
BRDA:70,0,1,24
BRDA:71,1,0,0
BRDA:71,1,1,48
BRDA:71,2,0,48
BRDA:71,2,1,48
BRDA:75,3,0,12
BRDA:75,3,1,12
BRDA:76,4,0,24
BRDA:76,4,1,0
BRDA:77,5,0,24
BRDA:77,5,1,0
BRDA:78,6,0,0
BRDA:78,6,1,24
BRDA:83,7,0,0
BRDA:83,7,1,24
BRDA:83,8,0,24
BRDA:83,8,1,24
BRDA:83,8,2,24
BRDA:89,9,0,6
BRDA:89,9,1,18
BRDA:89,10,0,24
BRDA:89,10,1,12
BRDA:91,11,0,6
BRDA:91,11,1,12
BRDA:102,12,0,0
BRDA:102,12,1,0
BRDA:106,13,0,0
BRDA:106,13,1,0
BRDA:110,14,0,0
BRDA:110,14,1,0
BRDA:114,15,0,0
BRDA:114,15,1,0
BRDA:118,16,0,0
BRDA:118,16,1,0
BRDA:119,17,0,0
BRDA:119,17,1,0
BRDA:131,18,0,1
BRDA:131,18,1,1
BRF:39
BRH:22
end_of_record
TN:
SF:src\rectangle.js
FN:7,(anonymous_0)
FN:19,(anonymous_1)
FN:23,(anonymous_2)
FN:27,(anonymous_3)
FN:31,(anonymous_4)
FN:35,(anonymous_5)
FN:39,(anonymous_6)
FN:43,(anonymous_7)
FN:47,(anonymous_8)
FN:49,(anonymous_9)
FN:50,(anonymous_10)
FN:60,(anonymous_11)
FN:63,(anonymous_12)
FN:64,(anonymous_13)
FN:67,(anonymous_14)
FN:68,(anonymous_15)
FN:71,(anonymous_16)
FN:72,(anonymous_17)
FN:75,(anonymous_18)
FN:76,(anonymous_19)
FN:79,(anonymous_20)
FN:80,(anonymous_21)
FN:90,(anonymous_22)
FN:97,(anonymous_23)
FN:98,(anonymous_24)
FN:117,(anonymous_25)
FN:118,(anonymous_26)
FN:133,(anonymous_27)
FN:137,(anonymous_28)
FN:141,(anonymous_29)
FN:143,(anonymous_30)
FN:148,(anonymous_31)
FN:153,(anonymous_32)
FN:162,(anonymous_33)
FN:163,(anonymous_34)
FN:166,(anonymous_35)
FN:171,(anonymous_36)
FN:172,(anonymous_37)
FN:182,(anonymous_38)
FN:183,(anonymous_39)
FN:192,(anonymous_40)
FN:194,(anonymous_41)
FN:198,(anonymous_42)
FN:206,(anonymous_43)
FN:207,(anonymous_44)
FN:214,(anonymous_45)
FNF:46
FNH:43
FNDA:2,(anonymous_0)
FNDA:3,(anonymous_1)
FNDA:9,(anonymous_2)
FNDA:3,(anonymous_3)
FNDA:7,(anonymous_4)
FNDA:9,(anonymous_5)
FNDA:7,(anonymous_6)
FNDA:0,(anonymous_7)
FNDA:1,(anonymous_8)
FNDA:4,(anonymous_9)
FNDA:21,(anonymous_10)
FNDA:25,(anonymous_11)
FNDA:10,(anonymous_12)
FNDA:24,(anonymous_13)
FNDA:10,(anonymous_14)
FNDA:24,(anonymous_15)
FNDA:7,(anonymous_16)
FNDA:23,(anonymous_17)
FNDA:7,(anonymous_18)
FNDA:23,(anonymous_19)
FNDA:3,(anonymous_20)
FNDA:1,(anonymous_21)
FNDA:1,(anonymous_22)
FNDA:1,(anonymous_23)
FNDA:2,(anonymous_24)
FNDA:1,(anonymous_25)
FNDA:1,(anonymous_26)
FNDA:0,(anonymous_27)
FNDA:0,(anonymous_28)
FNDA:1,(anonymous_29)
FNDA:1,(anonymous_30)
FNDA:1,(anonymous_31)
FNDA:1,(anonymous_32)
FNDA:1,(anonymous_33)
FNDA:2,(anonymous_34)
FNDA:1,(anonymous_35)
FNDA:1,(anonymous_36)
FNDA:1,(anonymous_37)
FNDA:1,(anonymous_38)
FNDA:3,(anonymous_39)
FNDA:1,(anonymous_40)
FNDA:1,(anonymous_41)
FNDA:1,(anonymous_42)
FNDA:1,(anonymous_43)
FNDA:1,(anonymous_44)
FNDA:2,(anonymous_45)
DA:4,1
DA:8,2
DA:11,25
DA:13,25
DA:15,25
DA:17,25
DA:20,3
DA:24,9
DA:28,3
DA:32,7
DA:36,9
DA:40,7
DA:44,0
DA:47,1
DA:48,1
DA:51,21
DA:52,21
DA:53,21
DA:54,21
DA:57,1
DA:61,25
DA:63,10
DA:64,24
DA:67,10
DA:68,24
DA:71,7
DA:72,23
DA:75,7
DA:76,23
DA:79,3
DA:81,1
DA:82,1
DA:87,25
DA:91,1
DA:92,1
DA:93,1
DA:94,1
DA:98,1
DA:99,2
DA:100,1
DA:101,1
DA:103,1
DA:104,1
DA:105,1
DA:106,1
DA:108,1
DA:111,1
DA:114,1
DA:118,1
DA:119,1
DA:120,1
DA:122,1
DA:123,1
DA:124,1
DA:125,1
DA:127,1
DA:130,1
DA:134,0
DA:138,0
DA:142,1
DA:144,1
DA:145,1
DA:146,1
DA:149,1
DA:150,1
DA:151,1
DA:154,1
DA:155,1
DA:156,1
DA:159,1
DA:163,1
DA:164,2
DA:165,2
DA:166,1
DA:168,1
DA:172,1
DA:173,1
DA:174,1
DA:175,1
DA:176,1
DA:179,1
DA:183,1
DA:184,3
DA:185,3
DA:186,3
DA:189,1
DA:193,1
DA:195,1
DA:196,1
DA:199,1
DA:200,1
DA:203,1
DA:207,1
DA:208,1
DA:211,1
DA:215,2
LF:96
LH:93
BRDA:20,0,0,3
BRDA:20,0,1,2
BRDA:20,0,2,2
BRDA:20,0,3,2
BRDA:99,1,0,1
BRDA:99,1,1,1
BRDA:144,2,0,1
BRDA:144,2,1,1
BRDA:145,3,0,1
BRDA:145,3,1,1
BRDA:146,4,0,1
BRDA:146,4,1,1
BRDA:149,5,0,1
BRDA:149,5,1,1
BRDA:150,6,0,1
BRDA:150,6,1,1
BRDA:151,7,0,1
BRDA:151,7,1,1
BRDA:154,8,0,1
BRDA:154,8,1,1
BRDA:155,9,0,1
BRDA:155,9,1,1
BRDA:156,10,0,1
BRDA:156,10,1,1
BRDA:165,11,0,2
BRDA:165,11,1,2
BRDA:165,11,2,2
BRDA:165,11,3,1
BRDA:186,12,0,3
BRDA:186,12,1,2
BRDA:186,12,2,2
BRDA:186,12,3,2
BRF:32
BRH:32
end_of_record
TN:
SF:src\vector2.js
FN:11,(anonymous_0)
FN:15,(anonymous_1)
FN:19,(anonymous_2)
FN:23,(anonymous_3)
FN:31,(anonymous_4)
FN:35,(anonymous_5)
FN:37,(anonymous_6)
FN:38,(anonymous_7)
FN:42,(anonymous_8)
FN:50,(anonymous_9)
FN:53,(anonymous_10)
FN:54,(anonymous_11)
FN:57,(anonymous_12)
FN:58,(anonymous_13)
FN:65,(anonymous_14)
FN:70,(anonymous_15)
FN:71,(anonymous_16)
FN:81,(anonymous_17)
FN:82,(anonymous_18)
FN:92,(anonymous_19)
FN:93,(anonymous_20)
FN:103,(anonymous_21)
FN:104,(anonymous_22)
FN:114,(anonymous_23)
FN:115,(anonymous_24)
FN:124,(anonymous_25)
FN:125,(anonymous_26)
FN:134,(anonymous_27)
FN:136,(anonymous_28)
FN:143,(anonymous_29)
FN:153,(anonymous_30)
FN:154,(anonymous_31)
FN:161,(anonymous_32)
FN:162,(anonymous_33)
FN:172,(anonymous_34)
FN:173,(anonymous_35)
FN:183,(anonymous_36)
FN:184,(anonymous_37)
FN:194,(anonymous_38)
FN:195,(anonymous_39)
FN:205,(anonymous_40)
FN:207,(anonymous_41)
FN:213,(anonymous_42)
FN:223,(anonymous_43)
FN:224,(anonymous_44)
FN:234,(anonymous_45)
FN:235,(anonymous_46)
FN:246,(anonymous_47)
FN:247,(anonymous_48)
FN:258,(anonymous_49)
FN:259,(anonymous_50)
FN:269,(anonymous_51)
FN:270,(anonymous_52)
FN:280,(anonymous_53)
FN:282,(anonymous_54)
FN:288,(anonymous_55)
FN:301,(anonymous_56)
FN:318,(anonymous_57)
FN:339,(anonymous_58)
FN:342,(anonymous_59)
FN:349,(anonymous_60)
FN:351,(anonymous_61)
FN:357,(anonymous_62)
FN:370,(anonymous_63)
FN:383,(anonymous_64)
FN:387,(anonymous_65)
FN:391,(anonymous_66)
FN:395,(anonymous_67)
FN:399,(anonymous_68)
FN:403,(anonymous_69)
FN:407,(anonymous_70)
FN:411,(anonymous_71)
FN:412,(anonymous_72)
FN:419,(anonymous_73)
FN:420,(anonymous_74)
FN:427,(anonymous_75)
FN:428,(anonymous_76)
FN:437,(anonymous_77)
FN:438,(anonymous_78)
FN:440,(anonymous_79)
FN:445,(anonymous_80)
FN:446,(anonymous_81)
FN:453,(anonymous_82)
FNF:83
FNH:82
FNDA:1,(anonymous_0)
FNDA:1,(anonymous_1)
FNDA:1,(anonymous_2)
FNDA:9,(anonymous_3)
FNDA:0,(anonymous_4)
FNDA:3,(anonymous_5)
FNDA:2,(anonymous_6)
FNDA:1,(anonymous_7)
FNDA:127,(anonymous_8)
FNDA:130,(anonymous_9)
FNDA:47,(anonymous_10)
FNDA:1,(anonymous_11)
FNDA:47,(anonymous_12)
FNDA:1,(anonymous_13)
FNDA:1,(anonymous_14)
FNDA:1,(anonymous_15)
FNDA:2,(anonymous_16)
FNDA:1,(anonymous_17)
FNDA:1,(anonymous_18)
FNDA:1,(anonymous_19)
FNDA:1,(anonymous_20)
FNDA:1,(anonymous_21)
FNDA:1,(anonymous_22)
FNDA:1,(anonymous_23)
FNDA:1,(anonymous_24)
FNDA:1,(anonymous_25)
FNDA:1,(anonymous_26)
FNDA:1,(anonymous_27)
FNDA:2,(anonymous_28)
FNDA:1,(anonymous_29)
FNDA:1,(anonymous_30)
FNDA:1,(anonymous_31)
FNDA:1,(anonymous_32)
FNDA:1,(anonymous_33)
FNDA:1,(anonymous_34)
FNDA:1,(anonymous_35)
FNDA:1,(anonymous_36)
FNDA:2,(anonymous_37)
FNDA:1,(anonymous_38)
FNDA:2,(anonymous_39)
FNDA:1,(anonymous_40)
FNDA:2,(anonymous_41)
FNDA:1,(anonymous_42)
FNDA:1,(anonymous_43)
FNDA:2,(anonymous_44)
FNDA:1,(anonymous_45)
FNDA:1,(anonymous_46)
FNDA:1,(anonymous_47)
FNDA:1,(anonymous_48)
FNDA:1,(anonymous_49)
FNDA:1,(anonymous_50)
FNDA:1,(anonymous_51)
FNDA:2,(anonymous_52)
FNDA:1,(anonymous_53)
FNDA:1,(anonymous_54)
FNDA:5,(anonymous_55)
FNDA:4,(anonymous_56)
FNDA:4,(anonymous_57)
FNDA:1,(anonymous_58)
FNDA:1,(anonymous_59)
FNDA:1,(anonymous_60)
FNDA:5,(anonymous_61)
FNDA:3,(anonymous_62)
FNDA:2,(anonymous_63)
FNDA:1,(anonymous_64)
FNDA:1,(anonymous_65)
FNDA:1,(anonymous_66)
FNDA:1,(anonymous_67)
FNDA:1,(anonymous_68)
FNDA:2,(anonymous_69)
FNDA:2,(anonymous_70)
FNDA:1,(anonymous_71)
FNDA:2,(anonymous_72)
FNDA:1,(anonymous_73)
FNDA:1,(anonymous_74)
FNDA:1,(anonymous_75)
FNDA:1,(anonymous_76)
FNDA:1,(anonymous_77)
FNDA:10,(anonymous_78)
FNDA:1,(anonymous_79)
FNDA:1,(anonymous_80)
FNDA:1,(anonymous_81)
FNDA:2,(anonymous_82)
DA:8,8
DA:12,1
DA:16,1
DA:20,1
DA:24,9
DA:27,130
DA:29,130
DA:32,0
DA:35,8
DA:36,3
DA:39,1
DA:40,1
DA:43,127
DA:44,127
DA:47,3
DA:51,130
DA:53,47
DA:54,1
DA:57,47
DA:58,1
DA:62,130
DA:66,1
DA:67,1
DA:71,1
DA:72,2
DA:78,1
DA:82,1
DA:83,1
DA:89,1
DA:93,1
DA:94,1
DA:100,1
DA:104,1
DA:105,1
DA:111,1
DA:115,1
DA:116,1
DA:117,1
DA:118,1
DA:121,1
DA:125,1
DA:126,1
DA:127,1
DA:128,1
DA:131,1
DA:135,1
DA:137,2
DA:138,2
DA:144,1
DA:150,1
DA:154,1
DA:155,1
DA:158,1
DA:162,1
DA:163,1
DA:169,1
DA:173,1
DA:174,1
DA:180,1
DA:184,1
DA:185,2
DA:191,1
DA:195,1
DA:196,2
DA:202,1
DA:206,1
DA:208,2
DA:214,1
DA:220,1
DA:224,1
DA:225,2
DA:231,1
DA:235,1
DA:236,1
DA:237,1
DA:243,1
DA:247,1
DA:248,1
DA:249,1
DA:255,1
DA:259,1
DA:260,1
DA:266,1
DA:270,1
DA:271,2
DA:277,1
DA:281,1
DA:283,1
DA:289,5
DA:290,5
DA:291,5
DA:292,5
DA:293,5
DA:294,5
DA:295,5
DA:296,5
DA:302,4
DA:303,1
DA:306,3
DA:307,1
DA:310,2
DA:311,4
DA:312,4
DA:313,4
DA:314,4
DA:315,4
DA:319,4
DA:320,1
DA:323,3
DA:324,1
DA:327,2
DA:328,4
DA:329,4
DA:331,4
DA:333,4
DA:334,4
DA:336,4
DA:340,1
DA:343,1
DA:346,1
DA:350,1
DA:352,5
DA:358,3
DA:359,1
DA:362,2
DA:363,1
DA:366,1
DA:367,2
DA:371,2
DA:372,1
DA:375,1
DA:376,2
DA:380,1
DA:384,1
DA:388,1
DA:392,1
DA:396,1
DA:400,1
DA:404,2
DA:408,2
DA:412,1
DA:413,2
DA:416,1
DA:420,1
DA:421,1
DA:424,1
DA:428,1
DA:429,1
DA:430,1
DA:431,1
DA:434,1
DA:438,1
DA:439,10
DA:440,1
DA:442,1
DA:446,1
DA:447,1
DA:450,1
DA:454,2
LF:159
LH:158
BRDA:186,0,0,1
BRDA:186,0,1,1
BRDA:187,1,0,1
BRDA:187,1,1,1
BRDA:197,2,0,1
BRDA:197,2,1,1
BRDA:198,3,0,1
BRDA:198,3,1,1
BRDA:302,4,0,1
BRDA:302,4,1,3
BRDA:306,5,0,1
BRDA:306,5,1,2
BRDA:319,6,0,1
BRDA:319,6,1,3
BRDA:323,7,0,1
BRDA:323,7,1,2
BRDA:358,8,0,1
BRDA:358,8,1,2
BRDA:362,9,0,1
BRDA:362,9,1,1
BRDA:371,10,0,1
BRDA:371,10,1,1
BRDA:439,11,0,10
BRDA:439,11,1,8
BRF:24
BRH:24
end_of_record
TN:
SF:src\vector3.js
FN:11,(anonymous_0)
FN:15,(anonymous_1)
FN:19,(anonymous_2)
FN:23,(anonymous_3)
FN:27,(anonymous_4)
FN:31,(anonymous_5)
FN:35,(anonymous_6)
FN:39,(anonymous_7)
FN:43,(anonymous_8)
FN:47,(anonymous_9)
FN:51,(anonymous_10)
FN:61,(anonymous_11)
FN:65,(anonymous_12)
FN:67,(anonymous_13)
FN:68,(anonymous_14)
FN:73,(anonymous_15)
FN:78,(anonymous_16)
FN:87,(anonymous_17)
FN:90,(anonymous_18)
FN:91,(anonymous_19)
FN:94,(anonymous_20)
FN:95,(anonymous_21)
FN:98,(anonymous_22)
FN:99,(anonymous_23)
FN:106,(anonymous_24)
FN:112,(anonymous_25)
FN:113,(anonymous_26)
FN:124,(anonymous_27)
FN:125,(anonymous_28)
FN:136,(anonymous_29)
FN:137,(anonymous_30)
FN:148,(anonymous_31)
FN:149,(anonymous_32)
FN:160,(anonymous_33)
FN:161,(anonymous_34)
FN:175,(anonymous_35)
FN:176,(anonymous_36)
FN:185,(anonymous_37)
FN:186,(anonymous_38)
FN:195,(anonymous_39)
FN:197,(anonymous_40)
FN:205,(anonymous_41)
FN:216,(anonymous_42)
FN:217,(anonymous_43)
FN:226,(anonymous_44)
FN:227,(anonymous_45)
FN:238,(anonymous_46)
FN:239,(anonymous_47)
FN:250,(anonymous_48)
FN:251,(anonymous_49)
FN:262,(anonymous_50)
FN:263,(anonymous_51)
FN:274,(anonymous_52)
FN:276,(anonymous_53)
FN:283,(anonymous_54)
FN:294,(anonymous_55)
FN:295,(anonymous_56)
FN:302,(anonymous_57)
FN:303,(anonymous_58)
FN:311,(anonymous_59)
FN:312,(anonymous_60)
FN:325,(anonymous_61)
FN:326,(anonymous_62)
FN:337,(anonymous_63)
FN:338,(anonymous_64)
FN:349,(anonymous_65)
FN:351,(anonymous_66)
FN:359,(anonymous_67)
FN:373,(anonymous_68)
FN:393,(anonymous_69)
FN:419,(anonymous_70)
FN:422,(anonymous_71)
FN:429,(anonymous_72)
FN:431,(anonymous_73)
FN:440,(anonymous_74)
FN:460,(anonymous_75)
FN:480,(anonymous_76)
FN:484,(anonymous_77)
FN:488,(anonymous_78)
FN:492,(anonymous_79)
FN:496,(anonymous_80)
FN:500,(anonymous_81)
FN:504,(anonymous_82)
FN:508,(anonymous_83)
FN:509,(anonymous_84)
FN:511,(anonymous_85)
FN:516,(anonymous_86)
FN:517,(anonymous_87)
FN:524,(anonymous_88)
FN:525,(anonymous_89)
FN:532,(anonymous_90)
FN:533,(anonymous_91)
FN:543,(anonymous_92)
FN:544,(anonymous_93)
FN:551,(anonymous_94)
FNF:95
FNH:94
FNDA:1,(anonymous_0)
FNDA:1,(anonymous_1)
FNDA:3,(anonymous_2)
FNDA:1,(anonymous_3)
FNDA:12,(anonymous_4)
FNDA:3,(anonymous_5)
FNDA:11,(anonymous_6)
FNDA:11,(anonymous_7)
FNDA:11,(anonymous_8)
FNDA:1,(anonymous_9)
FNDA:63,(anonymous_10)
FNDA:0,(anonymous_11)
FNDA:8,(anonymous_12)
FNDA:6,(anonymous_13)
FNDA:4,(anonymous_14)
FNDA:576,(anonymous_15)
FNDA:1,(anonymous_16)
FNDA:587,(anonymous_17)
FNDA:379,(anonymous_18)
FNDA:55,(anonymous_19)
FNDA:387,(anonymous_20)
FNDA:55,(anonymous_21)
FNDA:386,(anonymous_22)
FNDA:55,(anonymous_23)
FNDA:47,(anonymous_24)
FNDA:3,(anonymous_25)
FNDA:13,(anonymous_26)
FNDA:1,(anonymous_27)
FNDA:1,(anonymous_28)
FNDA:1,(anonymous_29)
FNDA:1,(anonymous_30)
FNDA:1,(anonymous_31)
FNDA:1,(anonymous_32)
FNDA:4,(anonymous_33)
FNDA:78,(anonymous_34)
FNDA:1,(anonymous_35)
FNDA:1,(anonymous_36)
FNDA:1,(anonymous_37)
FNDA:1,(anonymous_38)
FNDA:1,(anonymous_39)
FNDA:2,(anonymous_40)
FNDA:1,(anonymous_41)
FNDA:4,(anonymous_42)
FNDA:27,(anonymous_43)
FNDA:1,(anonymous_44)
FNDA:1,(anonymous_45)
FNDA:1,(anonymous_46)
FNDA:1,(anonymous_47)
FNDA:1,(anonymous_48)
FNDA:1,(anonymous_49)
FNDA:1,(anonymous_50)
FNDA:1,(anonymous_51)
FNDA:6,(anonymous_52)
FNDA:60,(anonymous_53)
FNDA:11,(anonymous_54)
FNDA:2,(anonymous_55)
FNDA:14,(anonymous_56)
FNDA:3,(anonymous_57)
FNDA:7,(anonymous_58)
FNDA:1,(anonymous_59)
FNDA:1,(anonymous_60)
FNDA:1,(anonymous_61)
FNDA:1,(anonymous_62)
FNDA:5,(anonymous_63)
FNDA:15,(anonymous_64)
FNDA:2,(anonymous_65)
FNDA:1,(anonymous_66)
FNDA:2,(anonymous_67)
FNDA:4,(anonymous_68)
FNDA:4,(anonymous_69)
FNDA:1,(anonymous_70)
FNDA:1,(anonymous_71)
FNDA:1,(anonymous_72)
FNDA:1,(anonymous_73)
FNDA:3,(anonymous_74)
FNDA:2,(anonymous_75)
FNDA:13,(anonymous_76)
FNDA:11,(anonymous_77)
FNDA:10,(anonymous_78)
FNDA:8,(anonymous_79)
FNDA:1,(anonymous_80)
FNDA:2,(anonymous_81)
FNDA:2,(anonymous_82)
FNDA:3,(anonymous_83)
FNDA:14,(anonymous_84)
FNDA:1,(anonymous_85)
FNDA:3,(anonymous_86)
FNDA:14,(anonymous_87)
FNDA:2,(anonymous_88)
FNDA:5,(anonymous_89)
FNDA:2,(anonymous_90)
FNDA:11,(anonymous_91)
FNDA:1,(anonymous_92)
FNDA:1,(anonymous_93)
FNDA:5,(anonymous_94)
DA:8,8
DA:12,1
DA:16,1
DA:20,3
DA:24,1
DA:28,12
DA:32,3
DA:36,11
DA:40,11
DA:44,11
DA:48,1
DA:52,63
DA:55,587
DA:57,587
DA:59,587
DA:62,0
DA:65,8
DA:66,8
DA:69,4
DA:70,4
DA:71,4
DA:74,576
DA:75,576
DA:76,576
DA:79,1
DA:80,1
DA:81,1
DA:84,8
DA:88,587
DA:90,379
DA:91,55
DA:94,387
DA:95,55
DA:98,386
DA:99,55
DA:103,587
DA:107,47
DA:108,47
DA:109,47
DA:113,3
DA:114,13
DA:121,3
DA:125,1
DA:126,1
DA:133,1
DA:137,1
DA:138,1
DA:145,1
DA:149,1
DA:150,1
DA:157,1
DA:161,4
DA:162,78
DA:163,78
DA:165,78
DA:166,78
DA:167,78
DA:169,78
DA:172,4
DA:176,1
DA:177,1
DA:178,1
DA:179,1
DA:182,1
DA:186,1
DA:187,1
DA:188,1
DA:189,1
DA:192,1
DA:196,1
DA:198,2
DA:199,2
DA:206,1
DA:213,1
DA:217,4
DA:218,27
DA:219,27
DA:220,27
DA:223,4
DA:227,1
DA:228,1
DA:235,1
DA:239,1
DA:240,1
DA:247,1
DA:251,1
DA:252,1
DA:259,1
DA:263,1
DA:264,1
DA:271,1
DA:275,6
DA:277,60
DA:284,11
DA:291,6
DA:295,2
DA:296,14
DA:299,2
DA:303,3
DA:304,7
DA:305,7
DA:308,3
DA:312,1
DA:313,1
DA:314,1
DA:315,1
DA:322,1
DA:326,1
DA:327,1
DA:334,1
DA:338,5
DA:339,15
DA:346,5
DA:350,2
DA:352,1
DA:353,1
DA:354,1
DA:355,1
DA:357,1
DA:360,2
DA:361,2
DA:363,2
DA:364,2
DA:365,2
DA:367,2
DA:374,4
DA:375,1
DA:378,3
DA:379,1
DA:382,2
DA:383,2
DA:384,2
DA:386,2
DA:394,4
DA:395,1
DA:398,3
DA:399,1
DA:402,2
DA:404,2
DA:405,2
DA:406,2
DA:408,2
DA:409,2
DA:410,2
DA:412,2
DA:420,1
DA:423,1
DA:426,2
DA:430,1
DA:432,1
DA:434,1
DA:435,1
DA:436,1
DA:438,1
DA:441,3
DA:442,1
DA:445,2
DA:446,1
DA:449,1
DA:450,1
DA:451,1
DA:453,1
DA:461,2
DA:462,1
DA:465,1
DA:466,1
DA:467,1
DA:469,1
DA:477,1
DA:481,13
DA:485,11
DA:489,10
DA:493,8
DA:497,1
DA:501,2
DA:505,2
DA:509,3
DA:510,14
DA:511,1
DA:513,3
DA:517,3
DA:518,14
DA:521,3
DA:525,2
DA:526,5
DA:529,2
DA:533,2
DA:534,11
DA:535,11
DA:536,11
DA:537,11
DA:540,2
DA:544,1
DA:545,1
DA:548,1
DA:552,5
LF:196
LH:195
BRDA:374,0,0,1
BRDA:374,0,1,3
BRDA:378,1,0,1
BRDA:378,1,1,2
BRDA:394,2,0,1
BRDA:394,2,1,3
BRDA:398,3,0,1
BRDA:398,3,1,2
BRDA:441,4,0,1
BRDA:441,4,1,2
BRDA:445,5,0,1
BRDA:445,5,1,1
BRDA:461,6,0,1
BRDA:461,6,1,1
BRDA:510,7,0,14
BRDA:510,7,1,12
BRDA:510,7,2,12
BRF:17
BRH:17
end_of_record
TN:
SF:src\vector4.js
FN:12,(anonymous_0)
FN:16,(anonymous_1)
FN:20,(anonymous_2)
FN:24,(anonymous_3)
FN:28,(anonymous_4)
FN:32,(anonymous_5)
FN:44,(anonymous_6)
FN:48,(anonymous_7)
FN:50,(anonymous_8)
FN:51,(anonymous_9)
FN:57,(anonymous_10)
FN:63,(anonymous_11)
FN:69,(anonymous_12)
FN:79,(anonymous_13)
FN:82,(anonymous_14)
FN:83,(anonymous_15)
FN:86,(anonymous_16)
FN:87,(anonymous_17)
FN:90,(anonymous_18)
FN:91,(anonymous_19)
FN:94,(anonymous_20)
FN:95,(anonymous_21)
FN:102,(anonymous_22)
FN:109,(anonymous_23)
FN:110,(anonymous_24)
FN:122,(anonymous_25)
FN:123,(anonymous_26)
FN:135,(anonymous_27)
FN:136,(anonymous_28)
FN:148,(anonymous_29)
FN:149,(anonymous_30)
FN:161,(anonymous_31)
FN:162,(anonymous_32)
FN:174,(anonymous_33)
FN:175,(anonymous_34)
FN:187,(anonymous_35)
FN:189,(anonymous_36)
FN:198,(anonymous_37)
FN:210,(anonymous_38)
FN:211,(anonymous_39)
FN:220,(anonymous_40)
FN:221,(anonymous_41)
FN:233,(anonymous_42)
FN:234,(anonymous_43)
FN:246,(anonymous_44)
FN:247,(anonymous_45)
FN:259,(anonymous_46)
FN:260,(anonymous_47)
FN:272,(anonymous_48)
FN:274,(anonymous_49)
FN:282,(anonymous_50)
FN:294,(anonymous_51)
FN:295,(anonymous_52)
FN:302,(anonymous_53)
FN:303,(anonymous_54)
FN:312,(anonymous_55)
FN:313,(anonymous_56)
FN:325,(anonymous_57)
FN:326,(anonymous_58)
FN:338,(anonymous_59)
FN:340,(anonymous_60)
FN:350,(anonymous_61)
FN:363,(anonymous_62)
FN:373,(anonymous_63)
FN:388,(anonymous_64)
FN:398,(anonymous_65)
FN:403,(anonymous_66)
FN:416,(anonymous_67)
FN:419,(anonymous_68)
FN:426,(anonymous_69)
FN:430,(anonymous_70)
FN:434,(anonymous_71)
FN:438,(anonymous_72)
FN:442,(anonymous_73)
FN:446,(anonymous_74)
FN:450,(anonymous_75)
FN:454,(anonymous_76)
FN:455,(anonymous_77)
FN:457,(anonymous_78)
FN:462,(anonymous_79)
FN:463,(anonymous_80)
FN:470,(anonymous_81)
FN:471,(anonymous_82)
FN:478,(anonymous_83)
FN:480,(anonymous_84)
FN:491,(anonymous_85)
FN:493,(anonymous_86)
FN:500,(anonymous_87)
FNF:88
FNH:87
FNDA:1,(anonymous_0)
FNDA:1,(anonymous_1)
FNDA:1,(anonymous_2)
FNDA:1,(anonymous_3)
FNDA:1,(anonymous_4)
FNDA:1,(anonymous_5)
FNDA:0,(anonymous_6)
FNDA:2,(anonymous_7)
FNDA:5,(anonymous_8)
FNDA:1,(anonymous_9)
FNDA:146,(anonymous_10)
FNDA:1,(anonymous_11)
FNDA:2,(anonymous_12)
FNDA:155,(anonymous_13)
FNDA:13,(anonymous_14)
FNDA:1,(anonymous_15)
FNDA:13,(anonymous_16)
FNDA:1,(anonymous_17)
FNDA:13,(anonymous_18)
FNDA:1,(anonymous_19)
FNDA:13,(anonymous_20)
FNDA:4,(anonymous_21)
FNDA:69,(anonymous_22)
FNDA:1,(anonymous_23)
FNDA:2,(anonymous_24)
FNDA:1,(anonymous_25)
FNDA:1,(anonymous_26)
FNDA:1,(anonymous_27)
FNDA:1,(anonymous_28)
FNDA:1,(anonymous_29)
FNDA:1,(anonymous_30)
FNDA:1,(anonymous_31)
FNDA:1,(anonymous_32)
FNDA:1,(anonymous_33)
FNDA:1,(anonymous_34)
FNDA:1,(anonymous_35)
FNDA:2,(anonymous_36)
FNDA:1,(anonymous_37)
FNDA:1,(anonymous_38)
FNDA:1,(anonymous_39)
FNDA:1,(anonymous_40)
FNDA:1,(anonymous_41)
FNDA:1,(anonymous_42)
FNDA:1,(anonymous_43)
FNDA:1,(anonymous_44)
FNDA:1,(anonymous_45)
FNDA:1,(anonymous_46)
FNDA:1,(anonymous_47)
FNDA:1,(anonymous_48)
FNDA:2,(anonymous_49)
FNDA:1,(anonymous_50)
FNDA:1,(anonymous_51)
FNDA:2,(anonymous_52)
FNDA:1,(anonymous_53)
FNDA:1,(anonymous_54)
FNDA:1,(anonymous_55)
FNDA:1,(anonymous_56)
FNDA:1,(anonymous_57)
FNDA:2,(anonymous_58)
FNDA:2,(anonymous_59)
FNDA:1,(anonymous_60)
FNDA:1,(anonymous_61)
FNDA:1,(anonymous_62)
FNDA:4,(anonymous_63)
FNDA:6,(anonymous_64)
FNDA:3,(anonymous_65)
FNDA:5,(anonymous_66)
FNDA:1,(anonymous_67)
FNDA:1,(anonymous_68)
FNDA:1,(anonymous_69)
FNDA:1,(anonymous_70)
FNDA:1,(anonymous_71)
FNDA:1,(anonymous_72)
FNDA:1,(anonymous_73)
FNDA:2,(anonymous_74)
FNDA:2,(anonymous_75)
FNDA:1,(anonymous_76)
FNDA:11,(anonymous_77)
FNDA:1,(anonymous_78)
FNDA:1,(anonymous_79)
FNDA:1,(anonymous_80)
FNDA:1,(anonymous_81)
FNDA:1,(anonymous_82)
FNDA:1,(anonymous_83)
FNDA:1,(anonymous_84)
FNDA:1,(anonymous_85)
FNDA:1,(anonymous_86)
FNDA:2,(anonymous_87)
DA:9,8
DA:13,1
DA:17,1
DA:21,1
DA:25,1
DA:29,1
DA:33,1
DA:36,155
DA:38,155
DA:40,155
DA:42,155
DA:45,0
DA:48,8
DA:49,2
DA:52,1
DA:53,1
DA:54,1
DA:55,1
DA:58,146
DA:59,146
DA:60,146
DA:61,146
DA:64,1
DA:65,1
DA:66,1
DA:67,1
DA:70,2
DA:71,2
DA:72,2
DA:73,2
DA:76,2
DA:80,155
DA:82,13
DA:83,1
DA:86,13
DA:87,1
DA:90,13
DA:91,1
DA:94,13
DA:95,4
DA:99,155
DA:103,69
DA:104,69
DA:105,69
DA:106,69
DA:110,1
DA:111,2
DA:119,1
DA:123,1
DA:124,1
DA:132,1
DA:136,1
DA:137,1
DA:145,1
DA:149,1
DA:150,1
DA:158,1
DA:162,1
DA:163,1
DA:164,1
DA:165,1
DA:166,1
DA:168,1
DA:171,1
DA:175,1
DA:176,1
DA:177,1
DA:178,1
DA:179,1
DA:181,1
DA:184,1
DA:188,1
DA:190,2
DA:191,2
DA:199,1
DA:207,1
DA:211,1
DA:212,1
DA:213,1
DA:214,1
DA:217,1
DA:221,1
DA:222,1
DA:230,1
DA:234,1
DA:235,1
DA:243,1
DA:247,1
DA:248,1
DA:256,1
DA:260,1
DA:261,1
DA:269,1
DA:273,1
DA:275,2
DA:283,1
DA:291,1
DA:295,1
DA:296,2
DA:299,1
DA:303,1
DA:304,1
DA:305,1
DA:306,1
DA:309,1
DA:313,1
DA:314,1
DA:322,1
DA:326,1
DA:327,2
DA:335,1
DA:339,2
DA:341,1
DA:343,1
DA:351,1
DA:352,1
DA:353,1
DA:354,1
DA:356,1
DA:364,1
DA:366,1
DA:374,4
DA:375,4
DA:376,4
DA:377,4
DA:378,4
DA:379,4
DA:381,4
DA:389,6
DA:391,6
DA:399,3
DA:400,3
DA:401,3
DA:404,5
DA:405,1
DA:408,4
DA:409,1
DA:412,3
DA:413,6
DA:417,1
DA:420,1
DA:423,2
DA:427,1
DA:431,1
DA:435,1
DA:439,1
DA:443,1
DA:447,2
DA:451,2
DA:455,1
DA:456,11
DA:457,1
DA:459,1
DA:463,1
DA:464,1
DA:467,1
DA:471,1
DA:472,1
DA:475,1
DA:479,1
DA:481,1
DA:482,1
DA:483,1
DA:484,1
DA:485,1
DA:488,1
DA:492,1
DA:494,1
DA:497,1
DA:501,2
LF:170
LH:169
BRDA:404,0,0,1
BRDA:404,0,1,4
BRDA:408,1,0,1
BRDA:408,1,1,3
BRDA:456,2,0,11
BRDA:456,2,1,8
BRDA:456,2,2,8
BRDA:456,2,3,8
BRF:8
BRH:8
end_of_record
